{"uid":"f7722b9115fb0376","name":"Additional Test ShopDemo Page","fullName":"tests.shopdemoqa.test_shopdemo.TestShopDemoPage#test_add_multiple_item_to_cart_successfully","historyId":"71b7e5d9ede3b407b7d26bf0ebdb96f7","time":{"start":1688978079699,"stop":1688978085195,"duration":5496},"status":"broken","statusMessage":"selenium.common.exceptions.StaleElementReferenceException: Message: stale element reference: stale element not found\n  (Session info: chrome=114.0.5735.133)\nStacktrace:\n0   chromedriver                        0x000000010fd246b8 chromedriver + 4937400\n1   chromedriver                        0x000000010fd1bb73 chromedriver + 4901747\n2   chromedriver                        0x000000010f8d9616 chromedriver + 435734\n3   chromedriver                        0x000000010f8deadf chromedriver + 457439\n4   chromedriver                        0x000000010f8e0b87 chromedriver + 465799\n5   chromedriver                        0x000000010f8e0c8c chromedriver + 466060\n6   chromedriver                        0x000000010f917012 chromedriver + 688146\n7   chromedriver                        0x000000010f941012 chromedriver + 860178\n8   chromedriver                        0x000000010f9109c1 chromedriver + 661953\n9   chromedriver                        0x000000010f9411ce chromedriver + 860622\n10  chromedriver                        0x000000010f95be76 chromedriver + 970358\n11  chromedriver                        0x000000010f940de3 chromedriver + 859619\n12  chromedriver                        0x000000010f90ed7f chromedriver + 654719\n13  chromedriver                        0x000000010f9100de chromedriver + 659678\n14  chromedriver                        0x000000010fce02ad chromedriver + 4657837\n15  chromedriver                        0x000000010fce5130 chromedriver + 4677936\n16  chromedriver                        0x000000010fcebdef chromedriver + 4705775\n17  chromedriver                        0x000000010fce605a chromedriver + 4681818\n18  chromedriver                        0x000000010fcb892c chromedriver + 4495660\n19  chromedriver                        0x000000010fd03838 chromedriver + 4802616\n20  chromedriver                        0x000000010fd039b7 chromedriver + 4802999\n21  chromedriver                        0x000000010fd1499f chromedriver + 4872607\n22  libsystem_pthread.dylib             0x00007ff8145584e1 _pthread_start + 125\n23  libsystem_pthread.dylib             0x00007ff814553f6b thread_start + 15","statusTrace":"self = <tests.shopdemoqa.test_shopdemo.TestShopDemoPage object at 0x10c792a70>\n\n    @allure.title(\"Additional Test ShopDemo Page\")\n    @pytest.mark.random\n    def test_add_multiple_item_to_cart_successfully(self):\n        log = self.getLogger()\n        homePage = HomePage(self.driver)\n        homePage.goToPage()\n        log.info(\"Open Page\")\n        homePage.search(\"mini dress\")\n        log.info(\"search item\")\n        addToCartPage = homePage.chooseProduct()\n        log.info(\"choose item\")\n>       checkoutPage = addToCartPage.addToCart()\n\ntests/shopdemoqa/test_shopdemo.py:40: \n_ _ _ _ _ _ _ _ _ _ _ _ _ _ _ _ _ _ _ _ _ _ _ _ _ _ _ _ _ _ _ _ _ _ _ _ _ _ _ _ \npageObjects/ShopDemo/AddToCartPage.py:23: in addToCart\n    colorSel.select_by_value(\"white\")\n../../../hostedtoolcache/Python/3.10.12/x64/lib/python3.10/site-packages/selenium/webdriver/support/select.py:76: in select_by_value\n    self._set_selected(opt)\n../../../hostedtoolcache/Python/3.10.12/x64/lib/python3.10/site-packages/selenium/webdriver/support/select.py:208: in _set_selected\n    if not option.is_selected():\n../../../hostedtoolcache/Python/3.10.12/x64/lib/python3.10/site-packages/selenium/webdriver/remote/webelement.py:188: in is_selected\n    return self._execute(Command.IS_ELEMENT_SELECTED)[\"value\"]\n../../../hostedtoolcache/Python/3.10.12/x64/lib/python3.10/site-packages/selenium/webdriver/remote/webelement.py:403: in _execute\n    return self._parent.execute(command, params)\n../../../hostedtoolcache/Python/3.10.12/x64/lib/python3.10/site-packages/selenium/webdriver/remote/webdriver.py:440: in execute\n    self.error_handler.check_response(response)\n_ _ _ _ _ _ _ _ _ _ _ _ _ _ _ _ _ _ _ _ _ _ _ _ _ _ _ _ _ _ _ _ _ _ _ _ _ _ _ _ \n\nself = <selenium.webdriver.remote.errorhandler.ErrorHandler object at 0x10c700ca0>\nresponse = {'status': 404, 'value': '{\"value\":{\"error\":\"stale element reference\",\"message\":\"stale element reference: stale elemen...ff8145584e1 _pthread_start + 125\\\\n23  libsystem_pthread.dylib             0x00007ff814553f6b thread_start + 15\\\\n\"}}'}\n\n    def check_response(self, response: Dict[str, Any]) -> None:\n        \"\"\"Checks that a JSON response from the WebDriver does not have an\n        error.\n    \n        :Args:\n         - response - The JSON response from the WebDriver server as a dictionary\n           object.\n    \n        :Raises: If the response contains an error message.\n        \"\"\"\n        status = response.get(\"status\", None)\n        if not status or status == ErrorCode.SUCCESS:\n            return\n        value = None\n        message = response.get(\"message\", \"\")\n        screen: str = response.get(\"screen\", \"\")\n        stacktrace = None\n        if isinstance(status, int):\n            value_json = response.get(\"value\", None)\n            if value_json and isinstance(value_json, str):\n                import json\n    \n                try:\n                    value = json.loads(value_json)\n                    if len(value) == 1:\n                        value = value[\"value\"]\n                    status = value.get(\"error\", None)\n                    if not status:\n                        status = value.get(\"status\", ErrorCode.UNKNOWN_ERROR)\n                        message = value.get(\"value\") or value.get(\"message\")\n                        if not isinstance(message, str):\n                            value = message\n                            message = message.get(\"message\")\n                    else:\n                        message = value.get(\"message\", None)\n                except ValueError:\n                    pass\n    \n        exception_class: Type[WebDriverException]\n        if status in ErrorCode.NO_SUCH_ELEMENT:\n            exception_class = NoSuchElementException\n        elif status in ErrorCode.NO_SUCH_FRAME:\n            exception_class = NoSuchFrameException\n        elif status in ErrorCode.NO_SUCH_SHADOW_ROOT:\n            exception_class = NoSuchShadowRootException\n        elif status in ErrorCode.NO_SUCH_WINDOW:\n            exception_class = NoSuchWindowException\n        elif status in ErrorCode.STALE_ELEMENT_REFERENCE:\n            exception_class = StaleElementReferenceException\n        elif status in ErrorCode.ELEMENT_NOT_VISIBLE:\n            exception_class = ElementNotVisibleException\n        elif status in ErrorCode.INVALID_ELEMENT_STATE:\n            exception_class = InvalidElementStateException\n        elif (\n            status in ErrorCode.INVALID_SELECTOR\n            or status in ErrorCode.INVALID_XPATH_SELECTOR\n            or status in ErrorCode.INVALID_XPATH_SELECTOR_RETURN_TYPER\n        ):\n            exception_class = InvalidSelectorException\n        elif status in ErrorCode.ELEMENT_IS_NOT_SELECTABLE:\n            exception_class = ElementNotSelectableException\n        elif status in ErrorCode.ELEMENT_NOT_INTERACTABLE:\n            exception_class = ElementNotInteractableException\n        elif status in ErrorCode.INVALID_COOKIE_DOMAIN:\n            exception_class = InvalidCookieDomainException\n        elif status in ErrorCode.UNABLE_TO_SET_COOKIE:\n            exception_class = UnableToSetCookieException\n        elif status in ErrorCode.TIMEOUT:\n            exception_class = TimeoutException\n        elif status in ErrorCode.SCRIPT_TIMEOUT:\n            exception_class = TimeoutException\n        elif status in ErrorCode.UNKNOWN_ERROR:\n            exception_class = WebDriverException\n        elif status in ErrorCode.UNEXPECTED_ALERT_OPEN:\n            exception_class = UnexpectedAlertPresentException\n        elif status in ErrorCode.NO_ALERT_OPEN:\n            exception_class = NoAlertPresentException\n        elif status in ErrorCode.IME_NOT_AVAILABLE:\n            exception_class = ImeNotAvailableException\n        elif status in ErrorCode.IME_ENGINE_ACTIVATION_FAILED:\n            exception_class = ImeActivationFailedException\n        elif status in ErrorCode.MOVE_TARGET_OUT_OF_BOUNDS:\n            exception_class = MoveTargetOutOfBoundsException\n        elif status in ErrorCode.JAVASCRIPT_ERROR:\n            exception_class = JavascriptException\n        elif status in ErrorCode.SESSION_NOT_CREATED:\n            exception_class = SessionNotCreatedException\n        elif status in ErrorCode.INVALID_ARGUMENT:\n            exception_class = InvalidArgumentException\n        elif status in ErrorCode.NO_SUCH_COOKIE:\n            exception_class = NoSuchCookieException\n        elif status in ErrorCode.UNABLE_TO_CAPTURE_SCREEN:\n            exception_class = ScreenshotException\n        elif status in ErrorCode.ELEMENT_CLICK_INTERCEPTED:\n            exception_class = ElementClickInterceptedException\n        elif status in ErrorCode.INSECURE_CERTIFICATE:\n            exception_class = InsecureCertificateException\n        elif status in ErrorCode.INVALID_COORDINATES:\n            exception_class = InvalidCoordinatesException\n        elif status in ErrorCode.INVALID_SESSION_ID:\n            exception_class = InvalidSessionIdException\n        elif status in ErrorCode.UNKNOWN_METHOD:\n            exception_class = UnknownMethodException\n        else:\n            exception_class = WebDriverException\n        if not value:\n            value = response[\"value\"]\n        if isinstance(value, str):\n            raise exception_class(value)\n        if message == \"\" and \"message\" in value:\n            message = value[\"message\"]\n    \n        screen = None  # type: ignore[assignment]\n        if \"screen\" in value:\n            screen = value[\"screen\"]\n    \n        stacktrace = None\n        st_value = value.get(\"stackTrace\") or value.get(\"stacktrace\")\n        if st_value:\n            if isinstance(st_value, str):\n                stacktrace = st_value.split(\"\\n\")\n            else:\n                stacktrace = []\n                try:\n                    for frame in st_value:\n                        line = frame.get(\"lineNumber\", \"\")\n                        file = frame.get(\"fileName\", \"<anonymous>\")\n                        if line:\n                            file = f\"{file}:{line}\"\n                        meth = frame.get(\"methodName\", \"<anonymous>\")\n                        if \"className\" in frame:\n                            meth = f\"{frame['className']}.{meth}\"\n                        msg = \"    at %s (%s)\"\n                        msg = msg % (meth, file)\n                        stacktrace.append(msg)\n                except TypeError:\n                    pass\n        if exception_class == UnexpectedAlertPresentException:\n            alert_text = None\n            if \"data\" in value:\n                alert_text = value[\"data\"].get(\"text\")\n            elif \"alert\" in value:\n                alert_text = value[\"alert\"].get(\"text\")\n            raise exception_class(message, screen, stacktrace, alert_text)  # type: ignore[call-arg]  # mypy is not smart enough here\n>       raise exception_class(message, screen, stacktrace)\nE       selenium.common.exceptions.StaleElementReferenceException: Message: stale element reference: stale element not found\nE         (Session info: chrome=114.0.5735.133)\nE       Stacktrace:\nE       0   chromedriver                        0x000000010fd246b8 chromedriver + 4937400\nE       1   chromedriver                        0x000000010fd1bb73 chromedriver + 4901747\nE       2   chromedriver                        0x000000010f8d9616 chromedriver + 435734\nE       3   chromedriver                        0x000000010f8deadf chromedriver + 457439\nE       4   chromedriver                        0x000000010f8e0b87 chromedriver + 465799\nE       5   chromedriver                        0x000000010f8e0c8c chromedriver + 466060\nE       6   chromedriver                        0x000000010f917012 chromedriver + 688146\nE       7   chromedriver                        0x000000010f941012 chromedriver + 860178\nE       8   chromedriver                        0x000000010f9109c1 chromedriver + 661953\nE       9   chromedriver                        0x000000010f9411ce chromedriver + 860622\nE       10  chromedriver                        0x000000010f95be76 chromedriver + 970358\nE       11  chromedriver                        0x000000010f940de3 chromedriver + 859619\nE       12  chromedriver                        0x000000010f90ed7f chromedriver + 654719\nE       13  chromedriver                        0x000000010f9100de chromedriver + 659678\nE       14  chromedriver                        0x000000010fce02ad chromedriver + 4657837\nE       15  chromedriver                        0x000000010fce5130 chromedriver + 4677936\nE       16  chromedriver                        0x000000010fcebdef chromedriver + 4705775\nE       17  chromedriver                        0x000000010fce605a chromedriver + 4681818\nE       18  chromedriver                        0x000000010fcb892c chromedriver + 4495660\nE       19  chromedriver                        0x000000010fd03838 chromedriver + 4802616\nE       20  chromedriver                        0x000000010fd039b7 chromedriver + 4802999\nE       21  chromedriver                        0x000000010fd1499f chromedriver + 4872607\nE       22  libsystem_pthread.dylib             0x00007ff8145584e1 _pthread_start + 125\nE       23  libsystem_pthread.dylib             0x00007ff814553f6b thread_start + 15\n\n../../../hostedtoolcache/Python/3.10.12/x64/lib/python3.10/site-packages/selenium/webdriver/remote/errorhandler.py:245: StaleElementReferenceException","flaky":false,"newFailed":false,"newBroken":true,"newPassed":false,"retriesCount":0,"retriesStatusChange":false,"beforeStages":[{"name":"setup","time":{"start":1688978076978,"stop":1688978079698,"duration":2720},"status":"passed","steps":[],"attachments":[],"parameters":[],"shouldDisplayMessage":false,"stepsCount":0,"attachmentsCount":0,"hasContent":false}],"testStage":{"status":"broken","statusMessage":"selenium.common.exceptions.StaleElementReferenceException: Message: stale element reference: stale element not found\n  (Session info: chrome=114.0.5735.133)\nStacktrace:\n0   chromedriver                        0x000000010fd246b8 chromedriver + 4937400\n1   chromedriver                        0x000000010fd1bb73 chromedriver + 4901747\n2   chromedriver                        0x000000010f8d9616 chromedriver + 435734\n3   chromedriver                        0x000000010f8deadf chromedriver + 457439\n4   chromedriver                        0x000000010f8e0b87 chromedriver + 465799\n5   chromedriver                        0x000000010f8e0c8c chromedriver + 466060\n6   chromedriver                        0x000000010f917012 chromedriver + 688146\n7   chromedriver                        0x000000010f941012 chromedriver + 860178\n8   chromedriver                        0x000000010f9109c1 chromedriver + 661953\n9   chromedriver                        0x000000010f9411ce chromedriver + 860622\n10  chromedriver                        0x000000010f95be76 chromedriver + 970358\n11  chromedriver                        0x000000010f940de3 chromedriver + 859619\n12  chromedriver                        0x000000010f90ed7f chromedriver + 654719\n13  chromedriver                        0x000000010f9100de chromedriver + 659678\n14  chromedriver                        0x000000010fce02ad chromedriver + 4657837\n15  chromedriver                        0x000000010fce5130 chromedriver + 4677936\n16  chromedriver                        0x000000010fcebdef chromedriver + 4705775\n17  chromedriver                        0x000000010fce605a chromedriver + 4681818\n18  chromedriver                        0x000000010fcb892c chromedriver + 4495660\n19  chromedriver                        0x000000010fd03838 chromedriver + 4802616\n20  chromedriver                        0x000000010fd039b7 chromedriver + 4802999\n21  chromedriver                        0x000000010fd1499f chromedriver + 4872607\n22  libsystem_pthread.dylib             0x00007ff8145584e1 _pthread_start + 125\n23  libsystem_pthread.dylib             0x00007ff814553f6b thread_start + 15","statusTrace":"self = <tests.shopdemoqa.test_shopdemo.TestShopDemoPage object at 0x10c792a70>\n\n    @allure.title(\"Additional Test ShopDemo Page\")\n    @pytest.mark.random\n    def test_add_multiple_item_to_cart_successfully(self):\n        log = self.getLogger()\n        homePage = HomePage(self.driver)\n        homePage.goToPage()\n        log.info(\"Open Page\")\n        homePage.search(\"mini dress\")\n        log.info(\"search item\")\n        addToCartPage = homePage.chooseProduct()\n        log.info(\"choose item\")\n>       checkoutPage = addToCartPage.addToCart()\n\ntests/shopdemoqa/test_shopdemo.py:40: \n_ _ _ _ _ _ _ _ _ _ _ _ _ _ _ _ _ _ _ _ _ _ _ _ _ _ _ _ _ _ _ _ _ _ _ _ _ _ _ _ \npageObjects/ShopDemo/AddToCartPage.py:23: in addToCart\n    colorSel.select_by_value(\"white\")\n../../../hostedtoolcache/Python/3.10.12/x64/lib/python3.10/site-packages/selenium/webdriver/support/select.py:76: in select_by_value\n    self._set_selected(opt)\n../../../hostedtoolcache/Python/3.10.12/x64/lib/python3.10/site-packages/selenium/webdriver/support/select.py:208: in _set_selected\n    if not option.is_selected():\n../../../hostedtoolcache/Python/3.10.12/x64/lib/python3.10/site-packages/selenium/webdriver/remote/webelement.py:188: in is_selected\n    return self._execute(Command.IS_ELEMENT_SELECTED)[\"value\"]\n../../../hostedtoolcache/Python/3.10.12/x64/lib/python3.10/site-packages/selenium/webdriver/remote/webelement.py:403: in _execute\n    return self._parent.execute(command, params)\n../../../hostedtoolcache/Python/3.10.12/x64/lib/python3.10/site-packages/selenium/webdriver/remote/webdriver.py:440: in execute\n    self.error_handler.check_response(response)\n_ _ _ _ _ _ _ _ _ _ _ _ _ _ _ _ _ _ _ _ _ _ _ _ _ _ _ _ _ _ _ _ _ _ _ _ _ _ _ _ \n\nself = <selenium.webdriver.remote.errorhandler.ErrorHandler object at 0x10c700ca0>\nresponse = {'status': 404, 'value': '{\"value\":{\"error\":\"stale element reference\",\"message\":\"stale element reference: stale elemen...ff8145584e1 _pthread_start + 125\\\\n23  libsystem_pthread.dylib             0x00007ff814553f6b thread_start + 15\\\\n\"}}'}\n\n    def check_response(self, response: Dict[str, Any]) -> None:\n        \"\"\"Checks that a JSON response from the WebDriver does not have an\n        error.\n    \n        :Args:\n         - response - The JSON response from the WebDriver server as a dictionary\n           object.\n    \n        :Raises: If the response contains an error message.\n        \"\"\"\n        status = response.get(\"status\", None)\n        if not status or status == ErrorCode.SUCCESS:\n            return\n        value = None\n        message = response.get(\"message\", \"\")\n        screen: str = response.get(\"screen\", \"\")\n        stacktrace = None\n        if isinstance(status, int):\n            value_json = response.get(\"value\", None)\n            if value_json and isinstance(value_json, str):\n                import json\n    \n                try:\n                    value = json.loads(value_json)\n                    if len(value) == 1:\n                        value = value[\"value\"]\n                    status = value.get(\"error\", None)\n                    if not status:\n                        status = value.get(\"status\", ErrorCode.UNKNOWN_ERROR)\n                        message = value.get(\"value\") or value.get(\"message\")\n                        if not isinstance(message, str):\n                            value = message\n                            message = message.get(\"message\")\n                    else:\n                        message = value.get(\"message\", None)\n                except ValueError:\n                    pass\n    \n        exception_class: Type[WebDriverException]\n        if status in ErrorCode.NO_SUCH_ELEMENT:\n            exception_class = NoSuchElementException\n        elif status in ErrorCode.NO_SUCH_FRAME:\n            exception_class = NoSuchFrameException\n        elif status in ErrorCode.NO_SUCH_SHADOW_ROOT:\n            exception_class = NoSuchShadowRootException\n        elif status in ErrorCode.NO_SUCH_WINDOW:\n            exception_class = NoSuchWindowException\n        elif status in ErrorCode.STALE_ELEMENT_REFERENCE:\n            exception_class = StaleElementReferenceException\n        elif status in ErrorCode.ELEMENT_NOT_VISIBLE:\n            exception_class = ElementNotVisibleException\n        elif status in ErrorCode.INVALID_ELEMENT_STATE:\n            exception_class = InvalidElementStateException\n        elif (\n            status in ErrorCode.INVALID_SELECTOR\n            or status in ErrorCode.INVALID_XPATH_SELECTOR\n            or status in ErrorCode.INVALID_XPATH_SELECTOR_RETURN_TYPER\n        ):\n            exception_class = InvalidSelectorException\n        elif status in ErrorCode.ELEMENT_IS_NOT_SELECTABLE:\n            exception_class = ElementNotSelectableException\n        elif status in ErrorCode.ELEMENT_NOT_INTERACTABLE:\n            exception_class = ElementNotInteractableException\n        elif status in ErrorCode.INVALID_COOKIE_DOMAIN:\n            exception_class = InvalidCookieDomainException\n        elif status in ErrorCode.UNABLE_TO_SET_COOKIE:\n            exception_class = UnableToSetCookieException\n        elif status in ErrorCode.TIMEOUT:\n            exception_class = TimeoutException\n        elif status in ErrorCode.SCRIPT_TIMEOUT:\n            exception_class = TimeoutException\n        elif status in ErrorCode.UNKNOWN_ERROR:\n            exception_class = WebDriverException\n        elif status in ErrorCode.UNEXPECTED_ALERT_OPEN:\n            exception_class = UnexpectedAlertPresentException\n        elif status in ErrorCode.NO_ALERT_OPEN:\n            exception_class = NoAlertPresentException\n        elif status in ErrorCode.IME_NOT_AVAILABLE:\n            exception_class = ImeNotAvailableException\n        elif status in ErrorCode.IME_ENGINE_ACTIVATION_FAILED:\n            exception_class = ImeActivationFailedException\n        elif status in ErrorCode.MOVE_TARGET_OUT_OF_BOUNDS:\n            exception_class = MoveTargetOutOfBoundsException\n        elif status in ErrorCode.JAVASCRIPT_ERROR:\n            exception_class = JavascriptException\n        elif status in ErrorCode.SESSION_NOT_CREATED:\n            exception_class = SessionNotCreatedException\n        elif status in ErrorCode.INVALID_ARGUMENT:\n            exception_class = InvalidArgumentException\n        elif status in ErrorCode.NO_SUCH_COOKIE:\n            exception_class = NoSuchCookieException\n        elif status in ErrorCode.UNABLE_TO_CAPTURE_SCREEN:\n            exception_class = ScreenshotException\n        elif status in ErrorCode.ELEMENT_CLICK_INTERCEPTED:\n            exception_class = ElementClickInterceptedException\n        elif status in ErrorCode.INSECURE_CERTIFICATE:\n            exception_class = InsecureCertificateException\n        elif status in ErrorCode.INVALID_COORDINATES:\n            exception_class = InvalidCoordinatesException\n        elif status in ErrorCode.INVALID_SESSION_ID:\n            exception_class = InvalidSessionIdException\n        elif status in ErrorCode.UNKNOWN_METHOD:\n            exception_class = UnknownMethodException\n        else:\n            exception_class = WebDriverException\n        if not value:\n            value = response[\"value\"]\n        if isinstance(value, str):\n            raise exception_class(value)\n        if message == \"\" and \"message\" in value:\n            message = value[\"message\"]\n    \n        screen = None  # type: ignore[assignment]\n        if \"screen\" in value:\n            screen = value[\"screen\"]\n    \n        stacktrace = None\n        st_value = value.get(\"stackTrace\") or value.get(\"stacktrace\")\n        if st_value:\n            if isinstance(st_value, str):\n                stacktrace = st_value.split(\"\\n\")\n            else:\n                stacktrace = []\n                try:\n                    for frame in st_value:\n                        line = frame.get(\"lineNumber\", \"\")\n                        file = frame.get(\"fileName\", \"<anonymous>\")\n                        if line:\n                            file = f\"{file}:{line}\"\n                        meth = frame.get(\"methodName\", \"<anonymous>\")\n                        if \"className\" in frame:\n                            meth = f\"{frame['className']}.{meth}\"\n                        msg = \"    at %s (%s)\"\n                        msg = msg % (meth, file)\n                        stacktrace.append(msg)\n                except TypeError:\n                    pass\n        if exception_class == UnexpectedAlertPresentException:\n            alert_text = None\n            if \"data\" in value:\n                alert_text = value[\"data\"].get(\"text\")\n            elif \"alert\" in value:\n                alert_text = value[\"alert\"].get(\"text\")\n            raise exception_class(message, screen, stacktrace, alert_text)  # type: ignore[call-arg]  # mypy is not smart enough here\n>       raise exception_class(message, screen, stacktrace)\nE       selenium.common.exceptions.StaleElementReferenceException: Message: stale element reference: stale element not found\nE         (Session info: chrome=114.0.5735.133)\nE       Stacktrace:\nE       0   chromedriver                        0x000000010fd246b8 chromedriver + 4937400\nE       1   chromedriver                        0x000000010fd1bb73 chromedriver + 4901747\nE       2   chromedriver                        0x000000010f8d9616 chromedriver + 435734\nE       3   chromedriver                        0x000000010f8deadf chromedriver + 457439\nE       4   chromedriver                        0x000000010f8e0b87 chromedriver + 465799\nE       5   chromedriver                        0x000000010f8e0c8c chromedriver + 466060\nE       6   chromedriver                        0x000000010f917012 chromedriver + 688146\nE       7   chromedriver                        0x000000010f941012 chromedriver + 860178\nE       8   chromedriver                        0x000000010f9109c1 chromedriver + 661953\nE       9   chromedriver                        0x000000010f9411ce chromedriver + 860622\nE       10  chromedriver                        0x000000010f95be76 chromedriver + 970358\nE       11  chromedriver                        0x000000010f940de3 chromedriver + 859619\nE       12  chromedriver                        0x000000010f90ed7f chromedriver + 654719\nE       13  chromedriver                        0x000000010f9100de chromedriver + 659678\nE       14  chromedriver                        0x000000010fce02ad chromedriver + 4657837\nE       15  chromedriver                        0x000000010fce5130 chromedriver + 4677936\nE       16  chromedriver                        0x000000010fcebdef chromedriver + 4705775\nE       17  chromedriver                        0x000000010fce605a chromedriver + 4681818\nE       18  chromedriver                        0x000000010fcb892c chromedriver + 4495660\nE       19  chromedriver                        0x000000010fd03838 chromedriver + 4802616\nE       20  chromedriver                        0x000000010fd039b7 chromedriver + 4802999\nE       21  chromedriver                        0x000000010fd1499f chromedriver + 4872607\nE       22  libsystem_pthread.dylib             0x00007ff8145584e1 _pthread_start + 125\nE       23  libsystem_pthread.dylib             0x00007ff814553f6b thread_start + 15\n\n../../../hostedtoolcache/Python/3.10.12/x64/lib/python3.10/site-packages/selenium/webdriver/remote/errorhandler.py:245: StaleElementReferenceException","steps":[{"name":"Open webpage","time":{"start":1688978079700,"stop":1688978083156,"duration":3456},"status":"passed","steps":[],"attachments":[],"parameters":[],"shouldDisplayMessage":false,"stepsCount":0,"attachmentsCount":0,"hasContent":false},{"name":"Search product 'mini dress'","time":{"start":1688978083157,"stop":1688978083663,"duration":506},"status":"passed","steps":[],"attachments":[],"parameters":[{"name":"search_str","value":"'mini dress'"}],"shouldDisplayMessage":false,"stepsCount":0,"attachmentsCount":0,"hasContent":true},{"name":"Choose a product","time":{"start":1688978083664,"stop":1688978085040,"duration":1376},"status":"passed","steps":[],"attachments":[],"parameters":[],"shouldDisplayMessage":false,"stepsCount":0,"attachmentsCount":0,"hasContent":false},{"name":"Add product to Cart","time":{"start":1688978085041,"stop":1688978085193,"duration":152},"status":"broken","statusMessage":"selenium.common.exceptions.StaleElementReferenceException: Message: stale element reference: stale element not found\n  (Session info: chrome=114.0.5735.133)\nStacktrace:\n0   chromedriver                        0x000000010fd246b8 chromedriver + 4937400\n1   chromedriver                        0x000000010fd1bb73 chromedriver + 4901747\n2   chromedriver                        0x000000010f8d9616 chromedriver + 435734\n3   chromedriver                        0x000000010f8deadf chromedriver + 457439\n4   chromedriver                        0x000000010f8e0b87 chromedriver + 465799\n5   chromedriver                        0x000000010f8e0c8c chromedriver + 466060\n6   chromedriver                        0x000000010f917012 chromedriver + 688146\n7   chromedriver                        0x000000010f941012 chromedriver + 860178\n8   chromedriver                        0x000000010f9109c1 chromedriver + 661953\n9   chromedriver                        0x000000010f9411ce chromedriver + 860622\n10  chromedriver                        0x000000010f95be76 chromedriver + 970358\n11  chromedriver                        0x000000010f940de3 chromedriver + 859619\n12  chromedriver                        0x000000010f90ed7f chromedriver + 654719\n13  chromedriver                        0x000000010f9100de chromedriver + 659678\n14  chromedriver                        0x000000010fce02ad chromedriver + 4657837\n15  chromedriver                        0x000000010fce5130 chromedriver + 4677936\n16  chromedriver                        0x000000010fcebdef chromedriver + 4705775\n17  chromedriver                        0x000000010fce605a chromedriver + 4681818\n18  chromedriver                        0x000000010fcb892c chromedriver + 4495660\n19  chromedriver                        0x000000010fd03838 chromedriver + 4802616\n20  chromedriver                        0x000000010fd039b7 chromedriver + 4802999\n21  chromedriver                        0x000000010fd1499f chromedriver + 4872607\n22  libsystem_pthread.dylib             0x00007ff8145584e1 _pthread_start + 125\n23  libsystem_pthread.dylib             0x00007ff814553f6b thread_start + 15\n\n","statusTrace":"  File \"/Users/runner/hostedtoolcache/Python/3.10.12/x64/lib/python3.10/site-packages/allure_commons/_allure.py\", line 192, in impl\n    return func(*a, **kw)\n  File \"/Users/runner/work/python_selenium_test/python_selenium_test/pageObjects/ShopDemo/AddToCartPage.py\", line 23, in addToCart\n    colorSel.select_by_value(\"white\")\n  File \"/Users/runner/hostedtoolcache/Python/3.10.12/x64/lib/python3.10/site-packages/selenium/webdriver/support/select.py\", line 76, in select_by_value\n    self._set_selected(opt)\n  File \"/Users/runner/hostedtoolcache/Python/3.10.12/x64/lib/python3.10/site-packages/selenium/webdriver/support/select.py\", line 208, in _set_selected\n    if not option.is_selected():\n  File \"/Users/runner/hostedtoolcache/Python/3.10.12/x64/lib/python3.10/site-packages/selenium/webdriver/remote/webelement.py\", line 188, in is_selected\n    return self._execute(Command.IS_ELEMENT_SELECTED)[\"value\"]\n  File \"/Users/runner/hostedtoolcache/Python/3.10.12/x64/lib/python3.10/site-packages/selenium/webdriver/remote/webelement.py\", line 403, in _execute\n    return self._parent.execute(command, params)\n  File \"/Users/runner/hostedtoolcache/Python/3.10.12/x64/lib/python3.10/site-packages/selenium/webdriver/remote/webdriver.py\", line 440, in execute\n    self.error_handler.check_response(response)\n  File \"/Users/runner/hostedtoolcache/Python/3.10.12/x64/lib/python3.10/site-packages/selenium/webdriver/remote/errorhandler.py\", line 245, in check_response\n    raise exception_class(message, screen, stacktrace)\n","steps":[],"attachments":[],"parameters":[],"shouldDisplayMessage":true,"stepsCount":0,"attachmentsCount":0,"hasContent":true}],"attachments":[{"uid":"4bfd9394c10f2ef8","name":"tests_shopdemoqa_test_shopdemo.py_TestShopDemoPage_test_add_multiple_item_to_cart_successfully20230710-083445","source":"4bfd9394c10f2ef8.png","type":"image/png","size":191601},{"uid":"b73d671fd050f4ac","name":"log","source":"b73d671fd050f4ac.txt","type":"text/plain","size":147},{"uid":"c378dbba71c9d308","name":"stdout","source":"c378dbba71c9d308.txt","type":"text/plain","size":265}],"parameters":[],"shouldDisplayMessage":true,"stepsCount":4,"attachmentsCount":3,"hasContent":true},"afterStages":[{"name":"setup::0","time":{"start":1688978085619,"stop":1688978085812,"duration":193},"status":"passed","steps":[],"attachments":[],"parameters":[],"shouldDisplayMessage":false,"stepsCount":0,"attachmentsCount":0,"hasContent":false}],"labels":[{"name":"tag","value":"random"},{"name":"tag","value":"@pytest.mark.usefixtures('setup')"},{"name":"parentSuite","value":"tests.shopdemoqa"},{"name":"suite","value":"test_shopdemo"},{"name":"subSuite","value":"TestShopDemoPage"},{"name":"host","value":"Mac-1688977853449.local"},{"name":"thread","value":"1416-MainThread"},{"name":"framework","value":"pytest"},{"name":"language","value":"cpython3"},{"name":"package","value":"tests.shopdemoqa.test_shopdemo"},{"name":"resultFormat","value":"allure2"}],"parameters":[],"links":[],"hidden":false,"retry":false,"extra":{"severity":"normal","retries":[],"categories":[{"name":"Test defects","matchedStatuses":[],"flaky":false}],"history":{"statistic":{"failed":0,"broken":1,"skipped":0,"passed":1,"unknown":0,"total":2},"items":[{"uid":"f12252159eb37b7e","status":"passed","time":{"start":1688458915435,"stop":1688458926880,"duration":11445}}]},"tags":["random","@pytest.mark.usefixtures('setup')"]},"source":"f7722b9115fb0376.json","parameterValues":[]}