{"uid":"91c0a2ddae9d8b5","name":"Additional Test ShopDemo Page","fullName":"tests.shopdemoqa.test_shopdemo.TestShopDemoPage#test_add_multiple_item_to_cart_successfully","historyId":"71b7e5d9ede3b407b7d26bf0ebdb96f7","time":{"start":1689740704448,"stop":1689740708816,"duration":4368},"status":"broken","statusMessage":"selenium.common.exceptions.StaleElementReferenceException: Message: stale element reference: stale element not found\n  (Session info: chrome=114.0.5735.198); For documentation on this error, please visit: https://www.selenium.dev/documentation/webdriver/troubleshooting/errors#stale-element-reference-exception\nStacktrace:\n0   chromedriver                        0x000000010dab06b8 chromedriver + 4937400\n1   chromedriver                        0x000000010daa7b73 chromedriver + 4901747\n2   chromedriver                        0x000000010d665616 chromedriver + 435734\n3   chromedriver                        0x000000010d66aadf chromedriver + 457439\n4   chromedriver                        0x000000010d66d9bf chromedriver + 469439\n5   chromedriver                        0x000000010d6e8bce chromedriver + 973774\n6   chromedriver                        0x000000010d6cd012 chromedriver + 860178\n7   chromedriver                        0x000000010d6e7e76 chromedriver + 970358\n8   chromedriver                        0x000000010d6ccde3 chromedriver + 859619\n9   chromedriver                        0x000000010d69ad7f chromedriver + 654719\n10  chromedriver                        0x000000010d69c0de chromedriver + 659678\n11  chromedriver                        0x000000010da6c2ad chromedriver + 4657837\n12  chromedriver                        0x000000010da71130 chromedriver + 4677936\n13  chromedriver                        0x000000010da77def chromedriver + 4705775\n14  chromedriver                        0x000000010da7205a chromedriver + 4681818\n15  chromedriver                        0x000000010da4492c chromedriver + 4495660\n16  chromedriver                        0x000000010da8f838 chromedriver + 4802616\n17  chromedriver                        0x000000010da8f9b7 chromedriver + 4802999\n18  chromedriver                        0x000000010daa099f chromedriver + 4872607\n19  libsystem_pthread.dylib             0x00007ff8117914e1 _pthread_start + 125\n20  libsystem_pthread.dylib             0x00007ff81178cf6b thread_start + 15","statusTrace":"self = <tests.shopdemoqa.test_shopdemo.TestShopDemoPage object at 0x108cd3970>\n\n    @allure.title(\"Additional Test ShopDemo Page\")\n    @pytest.mark.smoke\n    def test_add_multiple_item_to_cart_successfully(self):\n        log = self.getLogger()\n        homePage = HomePage(self.driver)\n        homePage.goToPage()\n        log.info(\"Open Page\")\n        homePage.search(\"mini dress\")\n        log.info(\"search item\")\n        addToCartPage = homePage.chooseProduct()\n        log.info(\"choose item\")\n>       checkoutPage = addToCartPage.addToCart()\n\ntests/shopdemoqa/test_shopdemo.py:40: \n_ _ _ _ _ _ _ _ _ _ _ _ _ _ _ _ _ _ _ _ _ _ _ _ _ _ _ _ _ _ _ _ _ _ _ _ _ _ _ _ \npageObjects/ShopDemo/AddToCartPage.py:23: in addToCart\n    colorSel.select_by_index(1)\n../../../hostedtoolcache/Python/3.10.12/x64/lib/python3.10/site-packages/selenium/webdriver/support/select.py:97: in select_by_index\n    if opt.get_attribute(\"index\") == match:\n../../../hostedtoolcache/Python/3.10.12/x64/lib/python3.10/site-packages/selenium/webdriver/remote/webelement.py:178: in get_attribute\n    attribute_value = self.parent.execute_script(\n../../../hostedtoolcache/Python/3.10.12/x64/lib/python3.10/site-packages/selenium/webdriver/remote/webdriver.py:406: in execute_script\n    return self.execute(command, {\"script\": script, \"args\": converted_args})[\"value\"]\n../../../hostedtoolcache/Python/3.10.12/x64/lib/python3.10/site-packages/selenium/webdriver/remote/webdriver.py:346: in execute\n    self.error_handler.check_response(response)\n_ _ _ _ _ _ _ _ _ _ _ _ _ _ _ _ _ _ _ _ _ _ _ _ _ _ _ _ _ _ _ _ _ _ _ _ _ _ _ _ \n\nself = <selenium.webdriver.remote.errorhandler.ErrorHandler object at 0x108d6b970>\nresponse = {'status': 404, 'value': '{\"value\":{\"error\":\"stale element reference\",\"message\":\"stale element reference: stale elemen...ff8117914e1 _pthread_start + 125\\\\n20  libsystem_pthread.dylib             0x00007ff81178cf6b thread_start + 15\\\\n\"}}'}\n\n    def check_response(self, response: Dict[str, Any]) -> None:\n        \"\"\"Checks that a JSON response from the WebDriver does not have an\n        error.\n    \n        :Args:\n         - response - The JSON response from the WebDriver server as a dictionary\n           object.\n    \n        :Raises: If the response contains an error message.\n        \"\"\"\n        status = response.get(\"status\", None)\n        if not status or status == ErrorCode.SUCCESS:\n            return\n        value = None\n        message = response.get(\"message\", \"\")\n        screen: str = response.get(\"screen\", \"\")\n        stacktrace = None\n        if isinstance(status, int):\n            value_json = response.get(\"value\", None)\n            if value_json and isinstance(value_json, str):\n                import json\n    \n                try:\n                    value = json.loads(value_json)\n                    if len(value) == 1:\n                        value = value[\"value\"]\n                    status = value.get(\"error\", None)\n                    if not status:\n                        status = value.get(\"status\", ErrorCode.UNKNOWN_ERROR)\n                        message = value.get(\"value\") or value.get(\"message\")\n                        if not isinstance(message, str):\n                            value = message\n                            message = message.get(\"message\")\n                    else:\n                        message = value.get(\"message\", None)\n                except ValueError:\n                    pass\n    \n        exception_class: Type[WebDriverException]\n        if status in ErrorCode.NO_SUCH_ELEMENT:\n            exception_class = NoSuchElementException\n        elif status in ErrorCode.NO_SUCH_FRAME:\n            exception_class = NoSuchFrameException\n        elif status in ErrorCode.NO_SUCH_SHADOW_ROOT:\n            exception_class = NoSuchShadowRootException\n        elif status in ErrorCode.NO_SUCH_WINDOW:\n            exception_class = NoSuchWindowException\n        elif status in ErrorCode.STALE_ELEMENT_REFERENCE:\n            exception_class = StaleElementReferenceException\n        elif status in ErrorCode.ELEMENT_NOT_VISIBLE:\n            exception_class = ElementNotVisibleException\n        elif status in ErrorCode.INVALID_ELEMENT_STATE:\n            exception_class = InvalidElementStateException\n        elif (\n            status in ErrorCode.INVALID_SELECTOR\n            or status in ErrorCode.INVALID_XPATH_SELECTOR\n            or status in ErrorCode.INVALID_XPATH_SELECTOR_RETURN_TYPER\n        ):\n            exception_class = InvalidSelectorException\n        elif status in ErrorCode.ELEMENT_IS_NOT_SELECTABLE:\n            exception_class = ElementNotSelectableException\n        elif status in ErrorCode.ELEMENT_NOT_INTERACTABLE:\n            exception_class = ElementNotInteractableException\n        elif status in ErrorCode.INVALID_COOKIE_DOMAIN:\n            exception_class = InvalidCookieDomainException\n        elif status in ErrorCode.UNABLE_TO_SET_COOKIE:\n            exception_class = UnableToSetCookieException\n        elif status in ErrorCode.TIMEOUT:\n            exception_class = TimeoutException\n        elif status in ErrorCode.SCRIPT_TIMEOUT:\n            exception_class = TimeoutException\n        elif status in ErrorCode.UNKNOWN_ERROR:\n            exception_class = WebDriverException\n        elif status in ErrorCode.UNEXPECTED_ALERT_OPEN:\n            exception_class = UnexpectedAlertPresentException\n        elif status in ErrorCode.NO_ALERT_OPEN:\n            exception_class = NoAlertPresentException\n        elif status in ErrorCode.IME_NOT_AVAILABLE:\n            exception_class = ImeNotAvailableException\n        elif status in ErrorCode.IME_ENGINE_ACTIVATION_FAILED:\n            exception_class = ImeActivationFailedException\n        elif status in ErrorCode.MOVE_TARGET_OUT_OF_BOUNDS:\n            exception_class = MoveTargetOutOfBoundsException\n        elif status in ErrorCode.JAVASCRIPT_ERROR:\n            exception_class = JavascriptException\n        elif status in ErrorCode.SESSION_NOT_CREATED:\n            exception_class = SessionNotCreatedException\n        elif status in ErrorCode.INVALID_ARGUMENT:\n            exception_class = InvalidArgumentException\n        elif status in ErrorCode.NO_SUCH_COOKIE:\n            exception_class = NoSuchCookieException\n        elif status in ErrorCode.UNABLE_TO_CAPTURE_SCREEN:\n            exception_class = ScreenshotException\n        elif status in ErrorCode.ELEMENT_CLICK_INTERCEPTED:\n            exception_class = ElementClickInterceptedException\n        elif status in ErrorCode.INSECURE_CERTIFICATE:\n            exception_class = InsecureCertificateException\n        elif status in ErrorCode.INVALID_COORDINATES:\n            exception_class = InvalidCoordinatesException\n        elif status in ErrorCode.INVALID_SESSION_ID:\n            exception_class = InvalidSessionIdException\n        elif status in ErrorCode.UNKNOWN_METHOD:\n            exception_class = UnknownMethodException\n        else:\n            exception_class = WebDriverException\n        if not value:\n            value = response[\"value\"]\n        if isinstance(value, str):\n            raise exception_class(value)\n        if message == \"\" and \"message\" in value:\n            message = value[\"message\"]\n    \n        screen = None  # type: ignore[assignment]\n        if \"screen\" in value:\n            screen = value[\"screen\"]\n    \n        stacktrace = None\n        st_value = value.get(\"stackTrace\") or value.get(\"stacktrace\")\n        if st_value:\n            if isinstance(st_value, str):\n                stacktrace = st_value.split(\"\\n\")\n            else:\n                stacktrace = []\n                try:\n                    for frame in st_value:\n                        line = frame.get(\"lineNumber\", \"\")\n                        file = frame.get(\"fileName\", \"<anonymous>\")\n                        if line:\n                            file = f\"{file}:{line}\"\n                        meth = frame.get(\"methodName\", \"<anonymous>\")\n                        if \"className\" in frame:\n                            meth = f\"{frame['className']}.{meth}\"\n                        msg = \"    at %s (%s)\"\n                        msg = msg % (meth, file)\n                        stacktrace.append(msg)\n                except TypeError:\n                    pass\n        if exception_class == UnexpectedAlertPresentException:\n            alert_text = None\n            if \"data\" in value:\n                alert_text = value[\"data\"].get(\"text\")\n            elif \"alert\" in value:\n                alert_text = value[\"alert\"].get(\"text\")\n            raise exception_class(message, screen, stacktrace, alert_text)  # type: ignore[call-arg]  # mypy is not smart enough here\n>       raise exception_class(message, screen, stacktrace)\nE       selenium.common.exceptions.StaleElementReferenceException: Message: stale element reference: stale element not found\nE         (Session info: chrome=114.0.5735.198); For documentation on this error, please visit: https://www.selenium.dev/documentation/webdriver/troubleshooting/errors#stale-element-reference-exception\nE       Stacktrace:\nE       0   chromedriver                        0x000000010dab06b8 chromedriver + 4937400\nE       1   chromedriver                        0x000000010daa7b73 chromedriver + 4901747\nE       2   chromedriver                        0x000000010d665616 chromedriver + 435734\nE       3   chromedriver                        0x000000010d66aadf chromedriver + 457439\nE       4   chromedriver                        0x000000010d66d9bf chromedriver + 469439\nE       5   chromedriver                        0x000000010d6e8bce chromedriver + 973774\nE       6   chromedriver                        0x000000010d6cd012 chromedriver + 860178\nE       7   chromedriver                        0x000000010d6e7e76 chromedriver + 970358\nE       8   chromedriver                        0x000000010d6ccde3 chromedriver + 859619\nE       9   chromedriver                        0x000000010d69ad7f chromedriver + 654719\nE       10  chromedriver                        0x000000010d69c0de chromedriver + 659678\nE       11  chromedriver                        0x000000010da6c2ad chromedriver + 4657837\nE       12  chromedriver                        0x000000010da71130 chromedriver + 4677936\nE       13  chromedriver                        0x000000010da77def chromedriver + 4705775\nE       14  chromedriver                        0x000000010da7205a chromedriver + 4681818\nE       15  chromedriver                        0x000000010da4492c chromedriver + 4495660\nE       16  chromedriver                        0x000000010da8f838 chromedriver + 4802616\nE       17  chromedriver                        0x000000010da8f9b7 chromedriver + 4802999\nE       18  chromedriver                        0x000000010daa099f chromedriver + 4872607\nE       19  libsystem_pthread.dylib             0x00007ff8117914e1 _pthread_start + 125\nE       20  libsystem_pthread.dylib             0x00007ff81178cf6b thread_start + 15\n\n../../../hostedtoolcache/Python/3.10.12/x64/lib/python3.10/site-packages/selenium/webdriver/remote/errorhandler.py:245: StaleElementReferenceException","flaky":false,"newFailed":false,"newBroken":false,"newPassed":false,"retriesCount":0,"retriesStatusChange":false,"beforeStages":[{"name":"setup","time":{"start":1689740701380,"stop":1689740704446,"duration":3066},"status":"passed","steps":[],"attachments":[],"parameters":[],"shouldDisplayMessage":false,"stepsCount":0,"attachmentsCount":0,"hasContent":false}],"testStage":{"status":"broken","statusMessage":"selenium.common.exceptions.StaleElementReferenceException: Message: stale element reference: stale element not found\n  (Session info: chrome=114.0.5735.198); For documentation on this error, please visit: https://www.selenium.dev/documentation/webdriver/troubleshooting/errors#stale-element-reference-exception\nStacktrace:\n0   chromedriver                        0x000000010dab06b8 chromedriver + 4937400\n1   chromedriver                        0x000000010daa7b73 chromedriver + 4901747\n2   chromedriver                        0x000000010d665616 chromedriver + 435734\n3   chromedriver                        0x000000010d66aadf chromedriver + 457439\n4   chromedriver                        0x000000010d66d9bf chromedriver + 469439\n5   chromedriver                        0x000000010d6e8bce chromedriver + 973774\n6   chromedriver                        0x000000010d6cd012 chromedriver + 860178\n7   chromedriver                        0x000000010d6e7e76 chromedriver + 970358\n8   chromedriver                        0x000000010d6ccde3 chromedriver + 859619\n9   chromedriver                        0x000000010d69ad7f chromedriver + 654719\n10  chromedriver                        0x000000010d69c0de chromedriver + 659678\n11  chromedriver                        0x000000010da6c2ad chromedriver + 4657837\n12  chromedriver                        0x000000010da71130 chromedriver + 4677936\n13  chromedriver                        0x000000010da77def chromedriver + 4705775\n14  chromedriver                        0x000000010da7205a chromedriver + 4681818\n15  chromedriver                        0x000000010da4492c chromedriver + 4495660\n16  chromedriver                        0x000000010da8f838 chromedriver + 4802616\n17  chromedriver                        0x000000010da8f9b7 chromedriver + 4802999\n18  chromedriver                        0x000000010daa099f chromedriver + 4872607\n19  libsystem_pthread.dylib             0x00007ff8117914e1 _pthread_start + 125\n20  libsystem_pthread.dylib             0x00007ff81178cf6b thread_start + 15","statusTrace":"self = <tests.shopdemoqa.test_shopdemo.TestShopDemoPage object at 0x108cd3970>\n\n    @allure.title(\"Additional Test ShopDemo Page\")\n    @pytest.mark.smoke\n    def test_add_multiple_item_to_cart_successfully(self):\n        log = self.getLogger()\n        homePage = HomePage(self.driver)\n        homePage.goToPage()\n        log.info(\"Open Page\")\n        homePage.search(\"mini dress\")\n        log.info(\"search item\")\n        addToCartPage = homePage.chooseProduct()\n        log.info(\"choose item\")\n>       checkoutPage = addToCartPage.addToCart()\n\ntests/shopdemoqa/test_shopdemo.py:40: \n_ _ _ _ _ _ _ _ _ _ _ _ _ _ _ _ _ _ _ _ _ _ _ _ _ _ _ _ _ _ _ _ _ _ _ _ _ _ _ _ \npageObjects/ShopDemo/AddToCartPage.py:23: in addToCart\n    colorSel.select_by_index(1)\n../../../hostedtoolcache/Python/3.10.12/x64/lib/python3.10/site-packages/selenium/webdriver/support/select.py:97: in select_by_index\n    if opt.get_attribute(\"index\") == match:\n../../../hostedtoolcache/Python/3.10.12/x64/lib/python3.10/site-packages/selenium/webdriver/remote/webelement.py:178: in get_attribute\n    attribute_value = self.parent.execute_script(\n../../../hostedtoolcache/Python/3.10.12/x64/lib/python3.10/site-packages/selenium/webdriver/remote/webdriver.py:406: in execute_script\n    return self.execute(command, {\"script\": script, \"args\": converted_args})[\"value\"]\n../../../hostedtoolcache/Python/3.10.12/x64/lib/python3.10/site-packages/selenium/webdriver/remote/webdriver.py:346: in execute\n    self.error_handler.check_response(response)\n_ _ _ _ _ _ _ _ _ _ _ _ _ _ _ _ _ _ _ _ _ _ _ _ _ _ _ _ _ _ _ _ _ _ _ _ _ _ _ _ \n\nself = <selenium.webdriver.remote.errorhandler.ErrorHandler object at 0x108d6b970>\nresponse = {'status': 404, 'value': '{\"value\":{\"error\":\"stale element reference\",\"message\":\"stale element reference: stale elemen...ff8117914e1 _pthread_start + 125\\\\n20  libsystem_pthread.dylib             0x00007ff81178cf6b thread_start + 15\\\\n\"}}'}\n\n    def check_response(self, response: Dict[str, Any]) -> None:\n        \"\"\"Checks that a JSON response from the WebDriver does not have an\n        error.\n    \n        :Args:\n         - response - The JSON response from the WebDriver server as a dictionary\n           object.\n    \n        :Raises: If the response contains an error message.\n        \"\"\"\n        status = response.get(\"status\", None)\n        if not status or status == ErrorCode.SUCCESS:\n            return\n        value = None\n        message = response.get(\"message\", \"\")\n        screen: str = response.get(\"screen\", \"\")\n        stacktrace = None\n        if isinstance(status, int):\n            value_json = response.get(\"value\", None)\n            if value_json and isinstance(value_json, str):\n                import json\n    \n                try:\n                    value = json.loads(value_json)\n                    if len(value) == 1:\n                        value = value[\"value\"]\n                    status = value.get(\"error\", None)\n                    if not status:\n                        status = value.get(\"status\", ErrorCode.UNKNOWN_ERROR)\n                        message = value.get(\"value\") or value.get(\"message\")\n                        if not isinstance(message, str):\n                            value = message\n                            message = message.get(\"message\")\n                    else:\n                        message = value.get(\"message\", None)\n                except ValueError:\n                    pass\n    \n        exception_class: Type[WebDriverException]\n        if status in ErrorCode.NO_SUCH_ELEMENT:\n            exception_class = NoSuchElementException\n        elif status in ErrorCode.NO_SUCH_FRAME:\n            exception_class = NoSuchFrameException\n        elif status in ErrorCode.NO_SUCH_SHADOW_ROOT:\n            exception_class = NoSuchShadowRootException\n        elif status in ErrorCode.NO_SUCH_WINDOW:\n            exception_class = NoSuchWindowException\n        elif status in ErrorCode.STALE_ELEMENT_REFERENCE:\n            exception_class = StaleElementReferenceException\n        elif status in ErrorCode.ELEMENT_NOT_VISIBLE:\n            exception_class = ElementNotVisibleException\n        elif status in ErrorCode.INVALID_ELEMENT_STATE:\n            exception_class = InvalidElementStateException\n        elif (\n            status in ErrorCode.INVALID_SELECTOR\n            or status in ErrorCode.INVALID_XPATH_SELECTOR\n            or status in ErrorCode.INVALID_XPATH_SELECTOR_RETURN_TYPER\n        ):\n            exception_class = InvalidSelectorException\n        elif status in ErrorCode.ELEMENT_IS_NOT_SELECTABLE:\n            exception_class = ElementNotSelectableException\n        elif status in ErrorCode.ELEMENT_NOT_INTERACTABLE:\n            exception_class = ElementNotInteractableException\n        elif status in ErrorCode.INVALID_COOKIE_DOMAIN:\n            exception_class = InvalidCookieDomainException\n        elif status in ErrorCode.UNABLE_TO_SET_COOKIE:\n            exception_class = UnableToSetCookieException\n        elif status in ErrorCode.TIMEOUT:\n            exception_class = TimeoutException\n        elif status in ErrorCode.SCRIPT_TIMEOUT:\n            exception_class = TimeoutException\n        elif status in ErrorCode.UNKNOWN_ERROR:\n            exception_class = WebDriverException\n        elif status in ErrorCode.UNEXPECTED_ALERT_OPEN:\n            exception_class = UnexpectedAlertPresentException\n        elif status in ErrorCode.NO_ALERT_OPEN:\n            exception_class = NoAlertPresentException\n        elif status in ErrorCode.IME_NOT_AVAILABLE:\n            exception_class = ImeNotAvailableException\n        elif status in ErrorCode.IME_ENGINE_ACTIVATION_FAILED:\n            exception_class = ImeActivationFailedException\n        elif status in ErrorCode.MOVE_TARGET_OUT_OF_BOUNDS:\n            exception_class = MoveTargetOutOfBoundsException\n        elif status in ErrorCode.JAVASCRIPT_ERROR:\n            exception_class = JavascriptException\n        elif status in ErrorCode.SESSION_NOT_CREATED:\n            exception_class = SessionNotCreatedException\n        elif status in ErrorCode.INVALID_ARGUMENT:\n            exception_class = InvalidArgumentException\n        elif status in ErrorCode.NO_SUCH_COOKIE:\n            exception_class = NoSuchCookieException\n        elif status in ErrorCode.UNABLE_TO_CAPTURE_SCREEN:\n            exception_class = ScreenshotException\n        elif status in ErrorCode.ELEMENT_CLICK_INTERCEPTED:\n            exception_class = ElementClickInterceptedException\n        elif status in ErrorCode.INSECURE_CERTIFICATE:\n            exception_class = InsecureCertificateException\n        elif status in ErrorCode.INVALID_COORDINATES:\n            exception_class = InvalidCoordinatesException\n        elif status in ErrorCode.INVALID_SESSION_ID:\n            exception_class = InvalidSessionIdException\n        elif status in ErrorCode.UNKNOWN_METHOD:\n            exception_class = UnknownMethodException\n        else:\n            exception_class = WebDriverException\n        if not value:\n            value = response[\"value\"]\n        if isinstance(value, str):\n            raise exception_class(value)\n        if message == \"\" and \"message\" in value:\n            message = value[\"message\"]\n    \n        screen = None  # type: ignore[assignment]\n        if \"screen\" in value:\n            screen = value[\"screen\"]\n    \n        stacktrace = None\n        st_value = value.get(\"stackTrace\") or value.get(\"stacktrace\")\n        if st_value:\n            if isinstance(st_value, str):\n                stacktrace = st_value.split(\"\\n\")\n            else:\n                stacktrace = []\n                try:\n                    for frame in st_value:\n                        line = frame.get(\"lineNumber\", \"\")\n                        file = frame.get(\"fileName\", \"<anonymous>\")\n                        if line:\n                            file = f\"{file}:{line}\"\n                        meth = frame.get(\"methodName\", \"<anonymous>\")\n                        if \"className\" in frame:\n                            meth = f\"{frame['className']}.{meth}\"\n                        msg = \"    at %s (%s)\"\n                        msg = msg % (meth, file)\n                        stacktrace.append(msg)\n                except TypeError:\n                    pass\n        if exception_class == UnexpectedAlertPresentException:\n            alert_text = None\n            if \"data\" in value:\n                alert_text = value[\"data\"].get(\"text\")\n            elif \"alert\" in value:\n                alert_text = value[\"alert\"].get(\"text\")\n            raise exception_class(message, screen, stacktrace, alert_text)  # type: ignore[call-arg]  # mypy is not smart enough here\n>       raise exception_class(message, screen, stacktrace)\nE       selenium.common.exceptions.StaleElementReferenceException: Message: stale element reference: stale element not found\nE         (Session info: chrome=114.0.5735.198); For documentation on this error, please visit: https://www.selenium.dev/documentation/webdriver/troubleshooting/errors#stale-element-reference-exception\nE       Stacktrace:\nE       0   chromedriver                        0x000000010dab06b8 chromedriver + 4937400\nE       1   chromedriver                        0x000000010daa7b73 chromedriver + 4901747\nE       2   chromedriver                        0x000000010d665616 chromedriver + 435734\nE       3   chromedriver                        0x000000010d66aadf chromedriver + 457439\nE       4   chromedriver                        0x000000010d66d9bf chromedriver + 469439\nE       5   chromedriver                        0x000000010d6e8bce chromedriver + 973774\nE       6   chromedriver                        0x000000010d6cd012 chromedriver + 860178\nE       7   chromedriver                        0x000000010d6e7e76 chromedriver + 970358\nE       8   chromedriver                        0x000000010d6ccde3 chromedriver + 859619\nE       9   chromedriver                        0x000000010d69ad7f chromedriver + 654719\nE       10  chromedriver                        0x000000010d69c0de chromedriver + 659678\nE       11  chromedriver                        0x000000010da6c2ad chromedriver + 4657837\nE       12  chromedriver                        0x000000010da71130 chromedriver + 4677936\nE       13  chromedriver                        0x000000010da77def chromedriver + 4705775\nE       14  chromedriver                        0x000000010da7205a chromedriver + 4681818\nE       15  chromedriver                        0x000000010da4492c chromedriver + 4495660\nE       16  chromedriver                        0x000000010da8f838 chromedriver + 4802616\nE       17  chromedriver                        0x000000010da8f9b7 chromedriver + 4802999\nE       18  chromedriver                        0x000000010daa099f chromedriver + 4872607\nE       19  libsystem_pthread.dylib             0x00007ff8117914e1 _pthread_start + 125\nE       20  libsystem_pthread.dylib             0x00007ff81178cf6b thread_start + 15\n\n../../../hostedtoolcache/Python/3.10.12/x64/lib/python3.10/site-packages/selenium/webdriver/remote/errorhandler.py:245: StaleElementReferenceException","steps":[{"name":"Open webpage","time":{"start":1689740704448,"stop":1689740706641,"duration":2193},"status":"passed","steps":[],"attachments":[],"parameters":[],"shouldDisplayMessage":false,"stepsCount":0,"attachmentsCount":0,"hasContent":false},{"name":"Search product 'mini dress'","time":{"start":1689740706642,"stop":1689740707169,"duration":527},"status":"passed","steps":[],"attachments":[],"parameters":[{"name":"search_str","value":"'mini dress'"}],"shouldDisplayMessage":false,"stepsCount":0,"attachmentsCount":0,"hasContent":true},{"name":"Choose a product","time":{"start":1689740707169,"stop":1689740708661,"duration":1492},"status":"passed","steps":[],"attachments":[],"parameters":[],"shouldDisplayMessage":false,"stepsCount":0,"attachmentsCount":0,"hasContent":false},{"name":"Add product to Cart","time":{"start":1689740708662,"stop":1689740708813,"duration":151},"status":"broken","statusMessage":"selenium.common.exceptions.StaleElementReferenceException: Message: stale element reference: stale element not found\n  (Session info: chrome=114.0.5735.198); For documentation on this error, please visit: https://www.selenium.dev/documentation/webdriver/troubleshooting/errors#stale-element-reference-exception\nStacktrace:\n0   chromedriver                        0x000000010dab06b8 chromedriver + 4937400\n1   chromedriver                        0x000000010daa7b73 chromedriver + 4901747\n2   chromedriver                        0x000000010d665616 chromedriver + 435734\n3   chromedriver                        0x000000010d66aadf chromedriver + 457439\n4   chromedriver                        0x000000010d66d9bf chromedriver + 469439\n5   chromedriver                        0x000000010d6e8bce chromedriver + 973774\n6   chromedriver                        0x000000010d6cd012 chromedriver + 860178\n7   chromedriver                        0x000000010d6e7e76 chromedriver + 970358\n8   chromedriver                        0x000000010d6ccde3 chromedriver + 859619\n9   chromedriver                        0x000000010d69ad7f chromedriver + 654719\n10  chromedriver                        0x000000010d69c0de chromedriver + 659678\n11  chromedriver                        0x000000010da6c2ad chromedriver + 4657837\n12  chromedriver                        0x000000010da71130 chromedriver + 4677936\n13  chromedriver                        0x000000010da77def chromedriver + 4705775\n14  chromedriver                        0x000000010da7205a chromedriver + 4681818\n15  chromedriver                        0x000000010da4492c chromedriver + 4495660\n16  chromedriver                        0x000000010da8f838 chromedriver + 4802616\n17  chromedriver                        0x000000010da8f9b7 chromedriver + 4802999\n18  chromedriver                        0x000000010daa099f chromedriver + 4872607\n19  libsystem_pthread.dylib             0x00007ff8117914e1 _pthread_start + 125\n20  libsystem_pthread.dylib             0x00007ff81178cf6b thread_start + 15\n\n","statusTrace":"  File \"/Users/runner/hostedtoolcache/Python/3.10.12/x64/lib/python3.10/site-packages/allure_commons/_allure.py\", line 192, in impl\n    return func(*a, **kw)\n  File \"/Users/runner/work/python_selenium_test/python_selenium_test/pageObjects/ShopDemo/AddToCartPage.py\", line 23, in addToCart\n    colorSel.select_by_index(1)\n  File \"/Users/runner/hostedtoolcache/Python/3.10.12/x64/lib/python3.10/site-packages/selenium/webdriver/support/select.py\", line 97, in select_by_index\n    if opt.get_attribute(\"index\") == match:\n  File \"/Users/runner/hostedtoolcache/Python/3.10.12/x64/lib/python3.10/site-packages/selenium/webdriver/remote/webelement.py\", line 178, in get_attribute\n    attribute_value = self.parent.execute_script(\n  File \"/Users/runner/hostedtoolcache/Python/3.10.12/x64/lib/python3.10/site-packages/selenium/webdriver/remote/webdriver.py\", line 406, in execute_script\n    return self.execute(command, {\"script\": script, \"args\": converted_args})[\"value\"]\n  File \"/Users/runner/hostedtoolcache/Python/3.10.12/x64/lib/python3.10/site-packages/selenium/webdriver/remote/webdriver.py\", line 346, in execute\n    self.error_handler.check_response(response)\n  File \"/Users/runner/hostedtoolcache/Python/3.10.12/x64/lib/python3.10/site-packages/selenium/webdriver/remote/errorhandler.py\", line 245, in check_response\n    raise exception_class(message, screen, stacktrace)\n","steps":[],"attachments":[],"parameters":[],"shouldDisplayMessage":true,"stepsCount":0,"attachmentsCount":0,"hasContent":true}],"attachments":[{"uid":"d240d6cb0a63760","name":"tests_shopdemoqa_test_shopdemo.py_TestShopDemoPage_test_add_multiple_item_to_cart_successfully20230719-042509","source":"d240d6cb0a63760.png","type":"image/png","size":191601},{"uid":"38f68dbdaea0789f","name":"log","source":"38f68dbdaea0789f.txt","type":"text/plain","size":147},{"uid":"12e45e086bafe47a","name":"stdout","source":"12e45e086bafe47a.txt","type":"text/plain","size":265}],"parameters":[],"shouldDisplayMessage":true,"stepsCount":4,"attachmentsCount":3,"hasContent":true},"afterStages":[{"name":"setup::0","time":{"start":1689740709339,"stop":1689740709629,"duration":290},"status":"passed","steps":[],"attachments":[],"parameters":[],"shouldDisplayMessage":false,"stepsCount":0,"attachmentsCount":0,"hasContent":false}],"labels":[{"name":"tag","value":"smoke"},{"name":"tag","value":"@pytest.mark.usefixtures('setup')"},{"name":"parentSuite","value":"tests.shopdemoqa"},{"name":"suite","value":"test_shopdemo"},{"name":"subSuite","value":"TestShopDemoPage"},{"name":"host","value":"Mac-1689739049555.local"},{"name":"thread","value":"1672-MainThread"},{"name":"framework","value":"pytest"},{"name":"language","value":"cpython3"},{"name":"package","value":"tests.shopdemoqa.test_shopdemo"},{"name":"resultFormat","value":"allure2"}],"parameters":[],"links":[],"hidden":false,"retry":false,"extra":{"severity":"normal","retries":[],"categories":[{"name":"Test defects","matchedStatuses":[],"flaky":false}],"history":{"statistic":{"failed":0,"broken":3,"skipped":0,"passed":4,"unknown":0,"total":7},"items":[{"uid":"af5b8a63ab3c3616","status":"broken","statusDetails":"selenium.common.exceptions.StaleElementReferenceException: Message: stale element reference: stale element not found\n  (Session info: chrome=114.0.5735.198); For documentation on this error, please visit: https://www.selenium.dev/documentation/webdriver/troubleshooting/errors#stale-element-reference-exception\nStacktrace:\n0   chromedriver                        0x000000010537d6b8 chromedriver + 4937400\n1   chromedriver                        0x0000000105374b73 chromedriver + 4901747\n2   chromedriver                        0x0000000104f32616 chromedriver + 435734\n3   chromedriver                        0x0000000104f37adf chromedriver + 457439\n4   chromedriver                        0x0000000104f39b87 chromedriver + 465799\n5   chromedriver                        0x0000000104f39c8c chromedriver + 466060\n6   chromedriver                        0x0000000104f77e92 chromedriver + 720530\n7   chromedriver                        0x0000000104f69fd1 chromedriver + 663505\n8   chromedriver                        0x0000000104f9a012 chromedriver + 860178\n9   chromedriver                        0x0000000104f699c1 chromedriver + 661953\n10  chromedriver                        0x0000000104f9a1ce chromedriver + 860622\n11  chromedriver                        0x0000000104fb4e76 chromedriver + 970358\n12  chromedriver                        0x0000000104f99de3 chromedriver + 859619\n13  chromedriver                        0x0000000104f67d7f chromedriver + 654719\n14  chromedriver                        0x0000000104f690de chromedriver + 659678\n15  chromedriver                        0x00000001053392ad chromedriver + 4657837\n16  chromedriver                        0x000000010533e130 chromedriver + 4677936\n17  chromedriver                        0x0000000105344def chromedriver + 4705775\n18  chromedriver                        0x000000010533f05a chromedriver + 4681818\n19  chromedriver                        0x000000010531192c chromedriver + 4495660\n20  chromedriver                        0x000000010535c838 chromedriver + 4802616\n21  chromedriver                        0x000000010535c9b7 chromedriver + 4802999\n22  chromedriver                        0x000000010536d99f chromedriver + 4872607\n23  libsystem_pthread.dylib             0x00007ff80ae304e1 _pthread_start + 125\n24  libsystem_pthread.dylib             0x00007ff80ae2bf6b thread_start + 15","time":{"start":1689739505093,"stop":1689739513036,"duration":7943}},{"uid":"9d97e142cf094276","status":"passed","time":{"start":1689739010469,"stop":1689739022542,"duration":12073}},{"uid":"6a849f0f10b89642","status":"passed","time":{"start":1689567811331,"stop":1689567822047,"duration":10716}},{"uid":"5776b23db76c8a76","status":"passed","time":{"start":1689059444555,"stop":1689059458070,"duration":13515}},{"uid":"f289f9713f57e430","status":"broken","statusDetails":"AttributeError: 'AddToCartPage' object has no attribute 'wait_appear'","time":{"start":1689057685718,"stop":1689057691504,"duration":5786}},{"uid":"f12252159eb37b7e","status":"passed","time":{"start":1688458915435,"stop":1688458926880,"duration":11445}}]},"tags":["smoke","@pytest.mark.usefixtures('setup')"]},"source":"91c0a2ddae9d8b5.json","parameterValues":[]}