{"uid":"4b4757e66a1912dae1a509f688f20b0f","children":[{"name":"Test defects","children":[{"name":"selenium.common.exceptions.StaleElementReferenceException: Message: stale element reference: stale element not found\n  (Session info: chrome=114.0.5735.198); For documentation on this error, please visit: https://www.selenium.dev/documentation/webdriver/troubleshooting/errors#stale-element-reference-exception\nStacktrace:\n0   chromedriver                        0x000000010a1d16b8 chromedriver + 4937400\n1   chromedriver                        0x000000010a1c8b73 chromedriver + 4901747\n2   chromedriver                        0x0000000109d86616 chromedriver + 435734\n3   chromedriver                        0x0000000109d8badf chromedriver + 457439\n4   chromedriver                        0x0000000109d8db87 chromedriver + 465799\n5   chromedriver                        0x0000000109d8dc8c chromedriver + 466060\n6   chromedriver                        0x0000000109dd1a4f chromedriver + 744015\n7   chromedriver                        0x0000000109dcf05d chromedriver + 733277\n8   chromedriver                        0x0000000109dcca84 chromedriver + 723588\n9   chromedriver                        0x0000000109dcbbe4 chromedriver + 719844\n10  chromedriver                        0x0000000109dbe1e1 chromedriver + 664033\n11  chromedriver                        0x0000000109dee012 chromedriver + 860178\n12  chromedriver                        0x0000000109dbd9c1 chromedriver + 661953\n13  chromedriver                        0x0000000109dee1ce chromedriver + 860622\n14  chromedriver                        0x0000000109e08e76 chromedriver + 970358\n15  chromedriver                        0x0000000109dedde3 chromedriver + 859619\n16  chromedriver                        0x0000000109dbbd7f chromedriver + 654719\n17  chromedriver                        0x0000000109dbd0de chromedriver + 659678\n18  chromedriver                        0x000000010a18d2ad chromedriver + 4657837\n19  chromedriver                        0x000000010a192130 chromedriver + 4677936\n20  chromedriver                        0x000000010a198def chromedriver + 4705775\n21  chromedriver                        0x000000010a19305a chromedriver + 4681818\n22  chromedriver                        0x000000010a16592c chromedriver + 4495660\n23  chromedriver                        0x000000010a1b0838 chromedriver + 4802616\n24  chromedriver                        0x000000010a1b09b7 chromedriver + 4802999\n25  chromedriver                        0x000000010a1c199f chromedriver + 4872607\n26  libsystem_pthread.dylib             0x00007ff80ae304e1 _pthread_start + 125\n27  libsystem_pthread.dylib             0x00007ff80ae2bf6b thread_start + 15","children":[{"name":"End To End Test ShopDemo Page","uid":"54a9a531663b700f","parentUid":"b04604f55f5001009477e0d0594c85a0","status":"broken","time":{"start":1689739489262,"stop":1689739499954,"duration":10692},"flaky":false,"newFailed":false,"newPassed":false,"newBroken":true,"retriesCount":0,"retriesStatusChange":false,"parameters":["'mini dress'"],"tags":["regression","@pytest.mark.usefixtures('setup')"]}],"uid":"b04604f55f5001009477e0d0594c85a0"},{"name":"selenium.common.exceptions.StaleElementReferenceException: Message: stale element reference: stale element not found\n  (Session info: chrome=114.0.5735.198); For documentation on this error, please visit: https://www.selenium.dev/documentation/webdriver/troubleshooting/errors#stale-element-reference-exception\nStacktrace:\n0   chromedriver                        0x000000010537d6b8 chromedriver + 4937400\n1   chromedriver                        0x0000000105374b73 chromedriver + 4901747\n2   chromedriver                        0x0000000104f32616 chromedriver + 435734\n3   chromedriver                        0x0000000104f37adf chromedriver + 457439\n4   chromedriver                        0x0000000104f39b87 chromedriver + 465799\n5   chromedriver                        0x0000000104f39c8c chromedriver + 466060\n6   chromedriver                        0x0000000104f77e92 chromedriver + 720530\n7   chromedriver                        0x0000000104f69fd1 chromedriver + 663505\n8   chromedriver                        0x0000000104f9a012 chromedriver + 860178\n9   chromedriver                        0x0000000104f699c1 chromedriver + 661953\n10  chromedriver                        0x0000000104f9a1ce chromedriver + 860622\n11  chromedriver                        0x0000000104fb4e76 chromedriver + 970358\n12  chromedriver                        0x0000000104f99de3 chromedriver + 859619\n13  chromedriver                        0x0000000104f67d7f chromedriver + 654719\n14  chromedriver                        0x0000000104f690de chromedriver + 659678\n15  chromedriver                        0x00000001053392ad chromedriver + 4657837\n16  chromedriver                        0x000000010533e130 chromedriver + 4677936\n17  chromedriver                        0x0000000105344def chromedriver + 4705775\n18  chromedriver                        0x000000010533f05a chromedriver + 4681818\n19  chromedriver                        0x000000010531192c chromedriver + 4495660\n20  chromedriver                        0x000000010535c838 chromedriver + 4802616\n21  chromedriver                        0x000000010535c9b7 chromedriver + 4802999\n22  chromedriver                        0x000000010536d99f chromedriver + 4872607\n23  libsystem_pthread.dylib             0x00007ff80ae304e1 _pthread_start + 125\n24  libsystem_pthread.dylib             0x00007ff80ae2bf6b thread_start + 15","children":[{"name":"Additional Test ShopDemo Page","uid":"af5b8a63ab3c3616","parentUid":"1c5838c4e23b69934f2c5da1dd971f85","status":"broken","time":{"start":1689739505093,"stop":1689739513036,"duration":7943},"flaky":false,"newFailed":false,"newPassed":false,"newBroken":true,"retriesCount":0,"retriesStatusChange":false,"parameters":[],"tags":["smoke","@pytest.mark.usefixtures('setup')"]}],"uid":"1c5838c4e23b69934f2c5da1dd971f85"}],"uid":"bdbf199525818fae7a8651db9eafe741"}],"name":"categories"}