{"uid":"1b5ca18d2dafcc2a","name":"End To End Test ShopDemo Page","fullName":"tests.shopdemoqa.test_shopdemo.TestShopDemoPage#test_add_item_to_cart_successfully","historyId":"17cf5b899d0e75ef17423e8635cb72b2","time":{"start":1689567798463,"stop":1689567807706,"duration":9243},"status":"broken","statusMessage":"selenium.common.exceptions.StaleElementReferenceException: Message: stale element reference: stale element not found\n  (Session info: chrome=114.0.5735.133); For documentation on this error, please visit: https://www.selenium.dev/documentation/webdriver/troubleshooting/errors#stale-element-reference-exception\nStacktrace:\n0   chromedriver                        0x00000001067476b8 chromedriver + 4937400\n1   chromedriver                        0x000000010673eb73 chromedriver + 4901747\n2   chromedriver                        0x00000001062fc616 chromedriver + 435734\n3   chromedriver                        0x0000000106301adf chromedriver + 457439\n4   chromedriver                        0x0000000106303b87 chromedriver + 465799\n5   chromedriver                        0x0000000106303c8c chromedriver + 466060\n6   chromedriver                        0x0000000106347a4f chromedriver + 744015\n7   chromedriver                        0x000000010634505d chromedriver + 733277\n8   chromedriver                        0x0000000106342a84 chromedriver + 723588\n9   chromedriver                        0x0000000106341be4 chromedriver + 719844\n10  chromedriver                        0x00000001063341e1 chromedriver + 664033\n11  chromedriver                        0x0000000106364012 chromedriver + 860178\n12  chromedriver                        0x00000001063339c1 chromedriver + 661953\n13  chromedriver                        0x00000001063641ce chromedriver + 860622\n14  chromedriver                        0x000000010637ee76 chromedriver + 970358\n15  chromedriver                        0x0000000106363de3 chromedriver + 859619\n16  chromedriver                        0x0000000106331d7f chromedriver + 654719\n17  chromedriver                        0x00000001063330de chromedriver + 659678\n18  chromedriver                        0x00000001067032ad chromedriver + 4657837\n19  chromedriver                        0x0000000106708130 chromedriver + 4677936\n20  chromedriver                        0x000000010670edef chromedriver + 4705775\n21  chromedriver                        0x000000010670905a chromedriver + 4681818\n22  chromedriver                        0x00000001066db92c chromedriver + 4495660\n23  chromedriver                        0x0000000106726838 chromedriver + 4802616\n24  chromedriver                        0x00000001067269b7 chromedriver + 4802999\n25  chromedriver                        0x000000010673799f chromedriver + 4872607\n26  libsystem_pthread.dylib             0x00007ff8011784e1 _pthread_start + 125\n27  libsystem_pthread.dylib             0x00007ff801173f6b thread_start + 15","statusTrace":"self = <tests.shopdemoqa.test_shopdemo.TestShopDemoPage object at 0x1089834f0>\nsearch_item = 'mini dress'\n\n    @allure.title(\"End To End Test ShopDemo Page\")\n    @pytest.mark.regression\n    @pytest.mark.parametrize(\"search_item\", [\"mini dress\"])\n    def test_add_item_to_cart_successfully(self,search_item):\n        log = self.getLogger()\n        homePage = HomePage(self.driver)\n        homePage.goToPage()\n        log.info(\"Open Page\")\n        homePage.search(search_item)\n        log.info(\"search item\")\n        addToCartPage = homePage.chooseProduct()\n        log.info(\"choose item\")\n        checkoutPage = addToCartPage.addToCart()\n        log.info(\"add to cart the item\")\n>       homePage.goToCart()\n\ntests/shopdemoqa/test_shopdemo.py:22: \n_ _ _ _ _ _ _ _ _ _ _ _ _ _ _ _ _ _ _ _ _ _ _ _ _ _ _ _ _ _ _ _ _ _ _ _ _ _ _ _ \npageObjects/ShopDemo/HomePage.py:41: in goToCart\n    self.wait_for_element_appear(HomePage.cartIcon).click()\n../../../hostedtoolcache/Python/3.10.12/x64/lib/python3.10/site-packages/selenium/webdriver/remote/webelement.py:94: in click\n    self._execute(Command.CLICK_ELEMENT)\n../../../hostedtoolcache/Python/3.10.12/x64/lib/python3.10/site-packages/selenium/webdriver/remote/webelement.py:395: in _execute\n    return self._parent.execute(command, params)\n../../../hostedtoolcache/Python/3.10.12/x64/lib/python3.10/site-packages/selenium/webdriver/remote/webdriver.py:346: in execute\n    self.error_handler.check_response(response)\n_ _ _ _ _ _ _ _ _ _ _ _ _ _ _ _ _ _ _ _ _ _ _ _ _ _ _ _ _ _ _ _ _ _ _ _ _ _ _ _ \n\nself = <selenium.webdriver.remote.errorhandler.ErrorHandler object at 0x108983a90>\nresponse = {'status': 404, 'value': '{\"value\":{\"error\":\"stale element reference\",\"message\":\"stale element reference: stale elemen...ff8011784e1 _pthread_start + 125\\\\n27  libsystem_pthread.dylib             0x00007ff801173f6b thread_start + 15\\\\n\"}}'}\n\n    def check_response(self, response: Dict[str, Any]) -> None:\n        \"\"\"Checks that a JSON response from the WebDriver does not have an\n        error.\n    \n        :Args:\n         - response - The JSON response from the WebDriver server as a dictionary\n           object.\n    \n        :Raises: If the response contains an error message.\n        \"\"\"\n        status = response.get(\"status\", None)\n        if not status or status == ErrorCode.SUCCESS:\n            return\n        value = None\n        message = response.get(\"message\", \"\")\n        screen: str = response.get(\"screen\", \"\")\n        stacktrace = None\n        if isinstance(status, int):\n            value_json = response.get(\"value\", None)\n            if value_json and isinstance(value_json, str):\n                import json\n    \n                try:\n                    value = json.loads(value_json)\n                    if len(value) == 1:\n                        value = value[\"value\"]\n                    status = value.get(\"error\", None)\n                    if not status:\n                        status = value.get(\"status\", ErrorCode.UNKNOWN_ERROR)\n                        message = value.get(\"value\") or value.get(\"message\")\n                        if not isinstance(message, str):\n                            value = message\n                            message = message.get(\"message\")\n                    else:\n                        message = value.get(\"message\", None)\n                except ValueError:\n                    pass\n    \n        exception_class: Type[WebDriverException]\n        if status in ErrorCode.NO_SUCH_ELEMENT:\n            exception_class = NoSuchElementException\n        elif status in ErrorCode.NO_SUCH_FRAME:\n            exception_class = NoSuchFrameException\n        elif status in ErrorCode.NO_SUCH_SHADOW_ROOT:\n            exception_class = NoSuchShadowRootException\n        elif status in ErrorCode.NO_SUCH_WINDOW:\n            exception_class = NoSuchWindowException\n        elif status in ErrorCode.STALE_ELEMENT_REFERENCE:\n            exception_class = StaleElementReferenceException\n        elif status in ErrorCode.ELEMENT_NOT_VISIBLE:\n            exception_class = ElementNotVisibleException\n        elif status in ErrorCode.INVALID_ELEMENT_STATE:\n            exception_class = InvalidElementStateException\n        elif (\n            status in ErrorCode.INVALID_SELECTOR\n            or status in ErrorCode.INVALID_XPATH_SELECTOR\n            or status in ErrorCode.INVALID_XPATH_SELECTOR_RETURN_TYPER\n        ):\n            exception_class = InvalidSelectorException\n        elif status in ErrorCode.ELEMENT_IS_NOT_SELECTABLE:\n            exception_class = ElementNotSelectableException\n        elif status in ErrorCode.ELEMENT_NOT_INTERACTABLE:\n            exception_class = ElementNotInteractableException\n        elif status in ErrorCode.INVALID_COOKIE_DOMAIN:\n            exception_class = InvalidCookieDomainException\n        elif status in ErrorCode.UNABLE_TO_SET_COOKIE:\n            exception_class = UnableToSetCookieException\n        elif status in ErrorCode.TIMEOUT:\n            exception_class = TimeoutException\n        elif status in ErrorCode.SCRIPT_TIMEOUT:\n            exception_class = TimeoutException\n        elif status in ErrorCode.UNKNOWN_ERROR:\n            exception_class = WebDriverException\n        elif status in ErrorCode.UNEXPECTED_ALERT_OPEN:\n            exception_class = UnexpectedAlertPresentException\n        elif status in ErrorCode.NO_ALERT_OPEN:\n            exception_class = NoAlertPresentException\n        elif status in ErrorCode.IME_NOT_AVAILABLE:\n            exception_class = ImeNotAvailableException\n        elif status in ErrorCode.IME_ENGINE_ACTIVATION_FAILED:\n            exception_class = ImeActivationFailedException\n        elif status in ErrorCode.MOVE_TARGET_OUT_OF_BOUNDS:\n            exception_class = MoveTargetOutOfBoundsException\n        elif status in ErrorCode.JAVASCRIPT_ERROR:\n            exception_class = JavascriptException\n        elif status in ErrorCode.SESSION_NOT_CREATED:\n            exception_class = SessionNotCreatedException\n        elif status in ErrorCode.INVALID_ARGUMENT:\n            exception_class = InvalidArgumentException\n        elif status in ErrorCode.NO_SUCH_COOKIE:\n            exception_class = NoSuchCookieException\n        elif status in ErrorCode.UNABLE_TO_CAPTURE_SCREEN:\n            exception_class = ScreenshotException\n        elif status in ErrorCode.ELEMENT_CLICK_INTERCEPTED:\n            exception_class = ElementClickInterceptedException\n        elif status in ErrorCode.INSECURE_CERTIFICATE:\n            exception_class = InsecureCertificateException\n        elif status in ErrorCode.INVALID_COORDINATES:\n            exception_class = InvalidCoordinatesException\n        elif status in ErrorCode.INVALID_SESSION_ID:\n            exception_class = InvalidSessionIdException\n        elif status in ErrorCode.UNKNOWN_METHOD:\n            exception_class = UnknownMethodException\n        else:\n            exception_class = WebDriverException\n        if not value:\n            value = response[\"value\"]\n        if isinstance(value, str):\n            raise exception_class(value)\n        if message == \"\" and \"message\" in value:\n            message = value[\"message\"]\n    \n        screen = None  # type: ignore[assignment]\n        if \"screen\" in value:\n            screen = value[\"screen\"]\n    \n        stacktrace = None\n        st_value = value.get(\"stackTrace\") or value.get(\"stacktrace\")\n        if st_value:\n            if isinstance(st_value, str):\n                stacktrace = st_value.split(\"\\n\")\n            else:\n                stacktrace = []\n                try:\n                    for frame in st_value:\n                        line = frame.get(\"lineNumber\", \"\")\n                        file = frame.get(\"fileName\", \"<anonymous>\")\n                        if line:\n                            file = f\"{file}:{line}\"\n                        meth = frame.get(\"methodName\", \"<anonymous>\")\n                        if \"className\" in frame:\n                            meth = f\"{frame['className']}.{meth}\"\n                        msg = \"    at %s (%s)\"\n                        msg = msg % (meth, file)\n                        stacktrace.append(msg)\n                except TypeError:\n                    pass\n        if exception_class == UnexpectedAlertPresentException:\n            alert_text = None\n            if \"data\" in value:\n                alert_text = value[\"data\"].get(\"text\")\n            elif \"alert\" in value:\n                alert_text = value[\"alert\"].get(\"text\")\n            raise exception_class(message, screen, stacktrace, alert_text)  # type: ignore[call-arg]  # mypy is not smart enough here\n>       raise exception_class(message, screen, stacktrace)\nE       selenium.common.exceptions.StaleElementReferenceException: Message: stale element reference: stale element not found\nE         (Session info: chrome=114.0.5735.133); For documentation on this error, please visit: https://www.selenium.dev/documentation/webdriver/troubleshooting/errors#stale-element-reference-exception\nE       Stacktrace:\nE       0   chromedriver                        0x00000001067476b8 chromedriver + 4937400\nE       1   chromedriver                        0x000000010673eb73 chromedriver + 4901747\nE       2   chromedriver                        0x00000001062fc616 chromedriver + 435734\nE       3   chromedriver                        0x0000000106301adf chromedriver + 457439\nE       4   chromedriver                        0x0000000106303b87 chromedriver + 465799\nE       5   chromedriver                        0x0000000106303c8c chromedriver + 466060\nE       6   chromedriver                        0x0000000106347a4f chromedriver + 744015\nE       7   chromedriver                        0x000000010634505d chromedriver + 733277\nE       8   chromedriver                        0x0000000106342a84 chromedriver + 723588\nE       9   chromedriver                        0x0000000106341be4 chromedriver + 719844\nE       10  chromedriver                        0x00000001063341e1 chromedriver + 664033\nE       11  chromedriver                        0x0000000106364012 chromedriver + 860178\nE       12  chromedriver                        0x00000001063339c1 chromedriver + 661953\nE       13  chromedriver                        0x00000001063641ce chromedriver + 860622\nE       14  chromedriver                        0x000000010637ee76 chromedriver + 970358\nE       15  chromedriver                        0x0000000106363de3 chromedriver + 859619\nE       16  chromedriver                        0x0000000106331d7f chromedriver + 654719\nE       17  chromedriver                        0x00000001063330de chromedriver + 659678\nE       18  chromedriver                        0x00000001067032ad chromedriver + 4657837\nE       19  chromedriver                        0x0000000106708130 chromedriver + 4677936\nE       20  chromedriver                        0x000000010670edef chromedriver + 4705775\nE       21  chromedriver                        0x000000010670905a chromedriver + 4681818\nE       22  chromedriver                        0x00000001066db92c chromedriver + 4495660\nE       23  chromedriver                        0x0000000106726838 chromedriver + 4802616\nE       24  chromedriver                        0x00000001067269b7 chromedriver + 4802999\nE       25  chromedriver                        0x000000010673799f chromedriver + 4872607\nE       26  libsystem_pthread.dylib             0x00007ff8011784e1 _pthread_start + 125\nE       27  libsystem_pthread.dylib             0x00007ff801173f6b thread_start + 15\n\n../../../hostedtoolcache/Python/3.10.12/x64/lib/python3.10/site-packages/selenium/webdriver/remote/errorhandler.py:245: StaleElementReferenceException","flaky":false,"newFailed":false,"newBroken":true,"newPassed":false,"retriesCount":0,"retriesStatusChange":false,"beforeStages":[{"name":"setup","time":{"start":1689567790408,"stop":1689567798460,"duration":8052},"status":"passed","steps":[],"attachments":[],"parameters":[],"shouldDisplayMessage":false,"stepsCount":0,"attachmentsCount":0,"hasContent":false}],"testStage":{"status":"broken","statusMessage":"selenium.common.exceptions.StaleElementReferenceException: Message: stale element reference: stale element not found\n  (Session info: chrome=114.0.5735.133); For documentation on this error, please visit: https://www.selenium.dev/documentation/webdriver/troubleshooting/errors#stale-element-reference-exception\nStacktrace:\n0   chromedriver                        0x00000001067476b8 chromedriver + 4937400\n1   chromedriver                        0x000000010673eb73 chromedriver + 4901747\n2   chromedriver                        0x00000001062fc616 chromedriver + 435734\n3   chromedriver                        0x0000000106301adf chromedriver + 457439\n4   chromedriver                        0x0000000106303b87 chromedriver + 465799\n5   chromedriver                        0x0000000106303c8c chromedriver + 466060\n6   chromedriver                        0x0000000106347a4f chromedriver + 744015\n7   chromedriver                        0x000000010634505d chromedriver + 733277\n8   chromedriver                        0x0000000106342a84 chromedriver + 723588\n9   chromedriver                        0x0000000106341be4 chromedriver + 719844\n10  chromedriver                        0x00000001063341e1 chromedriver + 664033\n11  chromedriver                        0x0000000106364012 chromedriver + 860178\n12  chromedriver                        0x00000001063339c1 chromedriver + 661953\n13  chromedriver                        0x00000001063641ce chromedriver + 860622\n14  chromedriver                        0x000000010637ee76 chromedriver + 970358\n15  chromedriver                        0x0000000106363de3 chromedriver + 859619\n16  chromedriver                        0x0000000106331d7f chromedriver + 654719\n17  chromedriver                        0x00000001063330de chromedriver + 659678\n18  chromedriver                        0x00000001067032ad chromedriver + 4657837\n19  chromedriver                        0x0000000106708130 chromedriver + 4677936\n20  chromedriver                        0x000000010670edef chromedriver + 4705775\n21  chromedriver                        0x000000010670905a chromedriver + 4681818\n22  chromedriver                        0x00000001066db92c chromedriver + 4495660\n23  chromedriver                        0x0000000106726838 chromedriver + 4802616\n24  chromedriver                        0x00000001067269b7 chromedriver + 4802999\n25  chromedriver                        0x000000010673799f chromedriver + 4872607\n26  libsystem_pthread.dylib             0x00007ff8011784e1 _pthread_start + 125\n27  libsystem_pthread.dylib             0x00007ff801173f6b thread_start + 15","statusTrace":"self = <tests.shopdemoqa.test_shopdemo.TestShopDemoPage object at 0x1089834f0>\nsearch_item = 'mini dress'\n\n    @allure.title(\"End To End Test ShopDemo Page\")\n    @pytest.mark.regression\n    @pytest.mark.parametrize(\"search_item\", [\"mini dress\"])\n    def test_add_item_to_cart_successfully(self,search_item):\n        log = self.getLogger()\n        homePage = HomePage(self.driver)\n        homePage.goToPage()\n        log.info(\"Open Page\")\n        homePage.search(search_item)\n        log.info(\"search item\")\n        addToCartPage = homePage.chooseProduct()\n        log.info(\"choose item\")\n        checkoutPage = addToCartPage.addToCart()\n        log.info(\"add to cart the item\")\n>       homePage.goToCart()\n\ntests/shopdemoqa/test_shopdemo.py:22: \n_ _ _ _ _ _ _ _ _ _ _ _ _ _ _ _ _ _ _ _ _ _ _ _ _ _ _ _ _ _ _ _ _ _ _ _ _ _ _ _ \npageObjects/ShopDemo/HomePage.py:41: in goToCart\n    self.wait_for_element_appear(HomePage.cartIcon).click()\n../../../hostedtoolcache/Python/3.10.12/x64/lib/python3.10/site-packages/selenium/webdriver/remote/webelement.py:94: in click\n    self._execute(Command.CLICK_ELEMENT)\n../../../hostedtoolcache/Python/3.10.12/x64/lib/python3.10/site-packages/selenium/webdriver/remote/webelement.py:395: in _execute\n    return self._parent.execute(command, params)\n../../../hostedtoolcache/Python/3.10.12/x64/lib/python3.10/site-packages/selenium/webdriver/remote/webdriver.py:346: in execute\n    self.error_handler.check_response(response)\n_ _ _ _ _ _ _ _ _ _ _ _ _ _ _ _ _ _ _ _ _ _ _ _ _ _ _ _ _ _ _ _ _ _ _ _ _ _ _ _ \n\nself = <selenium.webdriver.remote.errorhandler.ErrorHandler object at 0x108983a90>\nresponse = {'status': 404, 'value': '{\"value\":{\"error\":\"stale element reference\",\"message\":\"stale element reference: stale elemen...ff8011784e1 _pthread_start + 125\\\\n27  libsystem_pthread.dylib             0x00007ff801173f6b thread_start + 15\\\\n\"}}'}\n\n    def check_response(self, response: Dict[str, Any]) -> None:\n        \"\"\"Checks that a JSON response from the WebDriver does not have an\n        error.\n    \n        :Args:\n         - response - The JSON response from the WebDriver server as a dictionary\n           object.\n    \n        :Raises: If the response contains an error message.\n        \"\"\"\n        status = response.get(\"status\", None)\n        if not status or status == ErrorCode.SUCCESS:\n            return\n        value = None\n        message = response.get(\"message\", \"\")\n        screen: str = response.get(\"screen\", \"\")\n        stacktrace = None\n        if isinstance(status, int):\n            value_json = response.get(\"value\", None)\n            if value_json and isinstance(value_json, str):\n                import json\n    \n                try:\n                    value = json.loads(value_json)\n                    if len(value) == 1:\n                        value = value[\"value\"]\n                    status = value.get(\"error\", None)\n                    if not status:\n                        status = value.get(\"status\", ErrorCode.UNKNOWN_ERROR)\n                        message = value.get(\"value\") or value.get(\"message\")\n                        if not isinstance(message, str):\n                            value = message\n                            message = message.get(\"message\")\n                    else:\n                        message = value.get(\"message\", None)\n                except ValueError:\n                    pass\n    \n        exception_class: Type[WebDriverException]\n        if status in ErrorCode.NO_SUCH_ELEMENT:\n            exception_class = NoSuchElementException\n        elif status in ErrorCode.NO_SUCH_FRAME:\n            exception_class = NoSuchFrameException\n        elif status in ErrorCode.NO_SUCH_SHADOW_ROOT:\n            exception_class = NoSuchShadowRootException\n        elif status in ErrorCode.NO_SUCH_WINDOW:\n            exception_class = NoSuchWindowException\n        elif status in ErrorCode.STALE_ELEMENT_REFERENCE:\n            exception_class = StaleElementReferenceException\n        elif status in ErrorCode.ELEMENT_NOT_VISIBLE:\n            exception_class = ElementNotVisibleException\n        elif status in ErrorCode.INVALID_ELEMENT_STATE:\n            exception_class = InvalidElementStateException\n        elif (\n            status in ErrorCode.INVALID_SELECTOR\n            or status in ErrorCode.INVALID_XPATH_SELECTOR\n            or status in ErrorCode.INVALID_XPATH_SELECTOR_RETURN_TYPER\n        ):\n            exception_class = InvalidSelectorException\n        elif status in ErrorCode.ELEMENT_IS_NOT_SELECTABLE:\n            exception_class = ElementNotSelectableException\n        elif status in ErrorCode.ELEMENT_NOT_INTERACTABLE:\n            exception_class = ElementNotInteractableException\n        elif status in ErrorCode.INVALID_COOKIE_DOMAIN:\n            exception_class = InvalidCookieDomainException\n        elif status in ErrorCode.UNABLE_TO_SET_COOKIE:\n            exception_class = UnableToSetCookieException\n        elif status in ErrorCode.TIMEOUT:\n            exception_class = TimeoutException\n        elif status in ErrorCode.SCRIPT_TIMEOUT:\n            exception_class = TimeoutException\n        elif status in ErrorCode.UNKNOWN_ERROR:\n            exception_class = WebDriverException\n        elif status in ErrorCode.UNEXPECTED_ALERT_OPEN:\n            exception_class = UnexpectedAlertPresentException\n        elif status in ErrorCode.NO_ALERT_OPEN:\n            exception_class = NoAlertPresentException\n        elif status in ErrorCode.IME_NOT_AVAILABLE:\n            exception_class = ImeNotAvailableException\n        elif status in ErrorCode.IME_ENGINE_ACTIVATION_FAILED:\n            exception_class = ImeActivationFailedException\n        elif status in ErrorCode.MOVE_TARGET_OUT_OF_BOUNDS:\n            exception_class = MoveTargetOutOfBoundsException\n        elif status in ErrorCode.JAVASCRIPT_ERROR:\n            exception_class = JavascriptException\n        elif status in ErrorCode.SESSION_NOT_CREATED:\n            exception_class = SessionNotCreatedException\n        elif status in ErrorCode.INVALID_ARGUMENT:\n            exception_class = InvalidArgumentException\n        elif status in ErrorCode.NO_SUCH_COOKIE:\n            exception_class = NoSuchCookieException\n        elif status in ErrorCode.UNABLE_TO_CAPTURE_SCREEN:\n            exception_class = ScreenshotException\n        elif status in ErrorCode.ELEMENT_CLICK_INTERCEPTED:\n            exception_class = ElementClickInterceptedException\n        elif status in ErrorCode.INSECURE_CERTIFICATE:\n            exception_class = InsecureCertificateException\n        elif status in ErrorCode.INVALID_COORDINATES:\n            exception_class = InvalidCoordinatesException\n        elif status in ErrorCode.INVALID_SESSION_ID:\n            exception_class = InvalidSessionIdException\n        elif status in ErrorCode.UNKNOWN_METHOD:\n            exception_class = UnknownMethodException\n        else:\n            exception_class = WebDriverException\n        if not value:\n            value = response[\"value\"]\n        if isinstance(value, str):\n            raise exception_class(value)\n        if message == \"\" and \"message\" in value:\n            message = value[\"message\"]\n    \n        screen = None  # type: ignore[assignment]\n        if \"screen\" in value:\n            screen = value[\"screen\"]\n    \n        stacktrace = None\n        st_value = value.get(\"stackTrace\") or value.get(\"stacktrace\")\n        if st_value:\n            if isinstance(st_value, str):\n                stacktrace = st_value.split(\"\\n\")\n            else:\n                stacktrace = []\n                try:\n                    for frame in st_value:\n                        line = frame.get(\"lineNumber\", \"\")\n                        file = frame.get(\"fileName\", \"<anonymous>\")\n                        if line:\n                            file = f\"{file}:{line}\"\n                        meth = frame.get(\"methodName\", \"<anonymous>\")\n                        if \"className\" in frame:\n                            meth = f\"{frame['className']}.{meth}\"\n                        msg = \"    at %s (%s)\"\n                        msg = msg % (meth, file)\n                        stacktrace.append(msg)\n                except TypeError:\n                    pass\n        if exception_class == UnexpectedAlertPresentException:\n            alert_text = None\n            if \"data\" in value:\n                alert_text = value[\"data\"].get(\"text\")\n            elif \"alert\" in value:\n                alert_text = value[\"alert\"].get(\"text\")\n            raise exception_class(message, screen, stacktrace, alert_text)  # type: ignore[call-arg]  # mypy is not smart enough here\n>       raise exception_class(message, screen, stacktrace)\nE       selenium.common.exceptions.StaleElementReferenceException: Message: stale element reference: stale element not found\nE         (Session info: chrome=114.0.5735.133); For documentation on this error, please visit: https://www.selenium.dev/documentation/webdriver/troubleshooting/errors#stale-element-reference-exception\nE       Stacktrace:\nE       0   chromedriver                        0x00000001067476b8 chromedriver + 4937400\nE       1   chromedriver                        0x000000010673eb73 chromedriver + 4901747\nE       2   chromedriver                        0x00000001062fc616 chromedriver + 435734\nE       3   chromedriver                        0x0000000106301adf chromedriver + 457439\nE       4   chromedriver                        0x0000000106303b87 chromedriver + 465799\nE       5   chromedriver                        0x0000000106303c8c chromedriver + 466060\nE       6   chromedriver                        0x0000000106347a4f chromedriver + 744015\nE       7   chromedriver                        0x000000010634505d chromedriver + 733277\nE       8   chromedriver                        0x0000000106342a84 chromedriver + 723588\nE       9   chromedriver                        0x0000000106341be4 chromedriver + 719844\nE       10  chromedriver                        0x00000001063341e1 chromedriver + 664033\nE       11  chromedriver                        0x0000000106364012 chromedriver + 860178\nE       12  chromedriver                        0x00000001063339c1 chromedriver + 661953\nE       13  chromedriver                        0x00000001063641ce chromedriver + 860622\nE       14  chromedriver                        0x000000010637ee76 chromedriver + 970358\nE       15  chromedriver                        0x0000000106363de3 chromedriver + 859619\nE       16  chromedriver                        0x0000000106331d7f chromedriver + 654719\nE       17  chromedriver                        0x00000001063330de chromedriver + 659678\nE       18  chromedriver                        0x00000001067032ad chromedriver + 4657837\nE       19  chromedriver                        0x0000000106708130 chromedriver + 4677936\nE       20  chromedriver                        0x000000010670edef chromedriver + 4705775\nE       21  chromedriver                        0x000000010670905a chromedriver + 4681818\nE       22  chromedriver                        0x00000001066db92c chromedriver + 4495660\nE       23  chromedriver                        0x0000000106726838 chromedriver + 4802616\nE       24  chromedriver                        0x00000001067269b7 chromedriver + 4802999\nE       25  chromedriver                        0x000000010673799f chromedriver + 4872607\nE       26  libsystem_pthread.dylib             0x00007ff8011784e1 _pthread_start + 125\nE       27  libsystem_pthread.dylib             0x00007ff801173f6b thread_start + 15\n\n../../../hostedtoolcache/Python/3.10.12/x64/lib/python3.10/site-packages/selenium/webdriver/remote/errorhandler.py:245: StaleElementReferenceException","steps":[{"name":"Open webpage","time":{"start":1689567798463,"stop":1689567802757,"duration":4294},"status":"passed","steps":[],"attachments":[],"parameters":[],"shouldDisplayMessage":false,"stepsCount":0,"attachmentsCount":0,"hasContent":false},{"name":"Search product 'mini dress'","time":{"start":1689567802757,"stop":1689567803710,"duration":953},"status":"passed","steps":[],"attachments":[],"parameters":[{"name":"search_str","value":"'mini dress'"}],"shouldDisplayMessage":false,"stepsCount":0,"attachmentsCount":0,"hasContent":true},{"name":"Choose a product","time":{"start":1689567803712,"stop":1689567804560,"duration":848},"status":"passed","steps":[],"attachments":[],"parameters":[],"shouldDisplayMessage":false,"stepsCount":0,"attachmentsCount":0,"hasContent":false},{"name":"Add product to Cart","time":{"start":1689567804561,"stop":1689567807238,"duration":2677},"status":"passed","steps":[],"attachments":[],"parameters":[],"shouldDisplayMessage":false,"stepsCount":0,"attachmentsCount":0,"hasContent":false},{"name":"Go to cart","time":{"start":1689567807239,"stop":1689567807704,"duration":465},"status":"broken","statusMessage":"selenium.common.exceptions.StaleElementReferenceException: Message: stale element reference: stale element not found\n  (Session info: chrome=114.0.5735.133); For documentation on this error, please visit: https://www.selenium.dev/documentation/webdriver/troubleshooting/errors#stale-element-reference-exception\nStacktrace:\n0   chromedriver                        0x00000001067476b8 chromedriver + 4937400\n1   chromedriver                        0x000000010673eb73 chromedriver + 4901747\n2   chromedriver                        0x00000001062fc616 chromedriver + 435734\n3   chromedriver                        0x0000000106301adf chromedriver + 457439\n4   chromedriver                        0x0000000106303b87 chromedriver + 465799\n5   chromedriver                        0x0000000106303c8c chromedriver + 466060\n6   chromedriver                        0x0000000106347a4f chromedriver + 744015\n7   chromedriver                        0x000000010634505d chromedriver + 733277\n8   chromedriver                        0x0000000106342a84 chromedriver + 723588\n9   chromedriver                        0x0000000106341be4 chromedriver + 719844\n10  chromedriver                        0x00000001063341e1 chromedriver + 664033\n11  chromedriver                        0x0000000106364012 chromedriver + 860178\n12  chromedriver                        0x00000001063339c1 chromedriver + 661953\n13  chromedriver                        0x00000001063641ce chromedriver + 860622\n14  chromedriver                        0x000000010637ee76 chromedriver + 970358\n15  chromedriver                        0x0000000106363de3 chromedriver + 859619\n16  chromedriver                        0x0000000106331d7f chromedriver + 654719\n17  chromedriver                        0x00000001063330de chromedriver + 659678\n18  chromedriver                        0x00000001067032ad chromedriver + 4657837\n19  chromedriver                        0x0000000106708130 chromedriver + 4677936\n20  chromedriver                        0x000000010670edef chromedriver + 4705775\n21  chromedriver                        0x000000010670905a chromedriver + 4681818\n22  chromedriver                        0x00000001066db92c chromedriver + 4495660\n23  chromedriver                        0x0000000106726838 chromedriver + 4802616\n24  chromedriver                        0x00000001067269b7 chromedriver + 4802999\n25  chromedriver                        0x000000010673799f chromedriver + 4872607\n26  libsystem_pthread.dylib             0x00007ff8011784e1 _pthread_start + 125\n27  libsystem_pthread.dylib             0x00007ff801173f6b thread_start + 15\n\n","statusTrace":"  File \"/Users/runner/hostedtoolcache/Python/3.10.12/x64/lib/python3.10/site-packages/allure_commons/_allure.py\", line 192, in impl\n    return func(*a, **kw)\n  File \"/Users/runner/work/python_selenium_test/python_selenium_test/pageObjects/ShopDemo/HomePage.py\", line 41, in goToCart\n    self.wait_for_element_appear(HomePage.cartIcon).click()\n  File \"/Users/runner/hostedtoolcache/Python/3.10.12/x64/lib/python3.10/site-packages/selenium/webdriver/remote/webelement.py\", line 94, in click\n    self._execute(Command.CLICK_ELEMENT)\n  File \"/Users/runner/hostedtoolcache/Python/3.10.12/x64/lib/python3.10/site-packages/selenium/webdriver/remote/webelement.py\", line 395, in _execute\n    return self._parent.execute(command, params)\n  File \"/Users/runner/hostedtoolcache/Python/3.10.12/x64/lib/python3.10/site-packages/selenium/webdriver/remote/webdriver.py\", line 346, in execute\n    self.error_handler.check_response(response)\n  File \"/Users/runner/hostedtoolcache/Python/3.10.12/x64/lib/python3.10/site-packages/selenium/webdriver/remote/errorhandler.py\", line 245, in check_response\n    raise exception_class(message, screen, stacktrace)\n","steps":[],"attachments":[],"parameters":[],"shouldDisplayMessage":true,"stepsCount":0,"attachmentsCount":0,"hasContent":true}],"attachments":[{"uid":"5f08ef42b8952c4b","name":"tests_shopdemoqa_test_shopdemo.py_TestShopDemoPage_test_add_item_to_cart_successfully[mini dress]20230717-042328","source":"5f08ef42b8952c4b.png","type":"image/png","size":186579},{"uid":"87a61ce1d438a468","name":"log","source":"87a61ce1d438a468.txt","type":"text/plain","size":206},{"uid":"a03c81a9a82d8575","name":"stdout","source":"a03c81a9a82d8575.txt","type":"text/plain","size":327},{"uid":"6d7260ee391c387b","name":"stderr","source":"6d7260ee391c387b.txt","type":"text/plain","size":336}],"parameters":[],"shouldDisplayMessage":true,"stepsCount":5,"attachmentsCount":4,"hasContent":true},"afterStages":[{"name":"setup::0","time":{"start":1689567808255,"stop":1689567808529,"duration":274},"status":"passed","steps":[],"attachments":[],"parameters":[],"shouldDisplayMessage":false,"stepsCount":0,"attachmentsCount":0,"hasContent":false}],"labels":[{"name":"tag","value":"regression"},{"name":"tag","value":"@pytest.mark.usefixtures('setup')"},{"name":"parentSuite","value":"tests.shopdemoqa"},{"name":"suite","value":"test_shopdemo"},{"name":"subSuite","value":"TestShopDemoPage"},{"name":"host","value":"Mac-1689565211780.local"},{"name":"thread","value":"1813-MainThread"},{"name":"framework","value":"pytest"},{"name":"language","value":"cpython3"},{"name":"package","value":"tests.shopdemoqa.test_shopdemo"},{"name":"resultFormat","value":"allure2"}],"parameters":[{"name":"search_item","value":"'mini dress'"}],"links":[],"hidden":false,"retry":false,"extra":{"severity":"normal","retries":[],"categories":[{"name":"Test defects","matchedStatuses":[],"flaky":false}],"history":{"statistic":{"failed":0,"broken":2,"skipped":0,"passed":1,"unknown":0,"total":3},"items":[{"uid":"c14c532c9110337f","status":"passed","time":{"start":1689059424597,"stop":1689059440991,"duration":16394}},{"uid":"8cb21b66d81d99e5","status":"broken","statusDetails":"AttributeError: 'AddToCartPage' object has no attribute 'wait_appear'","time":{"start":1689057674246,"stop":1689057682364,"duration":8118}}]},"tags":["regression","@pytest.mark.usefixtures('setup')"]},"source":"1b5ca18d2dafcc2a.json","parameterValues":["'mini dress'"]}