{"uid":"42625de76379c86f","name":"End To End Test ShopDemo Page","fullName":"tests.shopdemoqa.test_shopdemo.TestShopDemoPage#test_add_item_to_cart_successfully","historyId":"17cf5b899d0e75ef17423e8635cb72b2","time":{"start":1690962755565,"stop":1690962766689,"duration":11124},"status":"broken","statusMessage":"selenium.common.exceptions.ElementClickInterceptedException: Message: Element <a href=\"https://shop.demoqa.com/product/pink-drop-shoulder-oversized-t-shirt/\"> is not clickable at point (571,671) because another element <div class=\"remove-form\"> obscures it\nStacktrace:\nRemoteError@chrome://remote/content/shared/RemoteError.sys.mjs:8:8\nWebDriverError@chrome://remote/content/shared/webdriver/Errors.sys.mjs:187:5\nElementClickInterceptedError@chrome://remote/content/shared/webdriver/Errors.sys.mjs:331:5\nwebdriverClickElement@chrome://remote/content/marionette/interaction.sys.mjs:162:11\ninteraction.clickElement@chrome://remote/content/marionette/interaction.sys.mjs:121:11\nclickElement@chrome://remote/content/marionette/actors/MarionetteCommandsChild.sys.mjs:214:29\nreceiveMessage@chrome://remote/content/marionette/actors/MarionetteCommandsChild.sys.mjs:97:31","statusTrace":"self = <tests.shopdemoqa.test_shopdemo.TestShopDemoPage object at 0x110da7670>\nsearch_item = 'mini dress'\n\n    @allure.title(\"End To End Test ShopDemo Page\")\n    @pytest.mark.regression\n    @pytest.mark.parametrize(\"search_item\", [\"mini dress\"])\n    def test_add_item_to_cart_successfully(self,search_item):\n        log = self.getLogger()\n        homePage = HomePage(self.driver)\n        homePage.goToPage()\n        log.info(\"Open Page\")\n        homePage.search(search_item)\n        log.info(\"search item\")\n>       addToCartPage = homePage.chooseProduct()\n\ntests/shopdemoqa/test_shopdemo.py:18: \n_ _ _ _ _ _ _ _ _ _ _ _ _ _ _ _ _ _ _ _ _ _ _ _ _ _ _ _ _ _ _ _ _ _ _ _ _ _ _ _ \npageObjects/ShopDemo/HomePage.py:38: in chooseProduct\n    self.wait_for_element_appear(HomePage.productFirst).click()\n../../../hostedtoolcache/Python/3.10.12/x64/lib/python3.10/site-packages/selenium/webdriver/remote/webelement.py:94: in click\n    self._execute(Command.CLICK_ELEMENT)\n../../../hostedtoolcache/Python/3.10.12/x64/lib/python3.10/site-packages/selenium/webdriver/remote/webelement.py:395: in _execute\n    return self._parent.execute(command, params)\n../../../hostedtoolcache/Python/3.10.12/x64/lib/python3.10/site-packages/selenium/webdriver/remote/webdriver.py:346: in execute\n    self.error_handler.check_response(response)\n_ _ _ _ _ _ _ _ _ _ _ _ _ _ _ _ _ _ _ _ _ _ _ _ _ _ _ _ _ _ _ _ _ _ _ _ _ _ _ _ \n\nself = <selenium.webdriver.remote.errorhandler.ErrorHandler object at 0x110d0d5a0>\nresponse = {'status': 400, 'value': '{\"value\":{\"error\":\"element click intercepted\",\"message\":\"Element <a href=\\\\\"https://shop.dem...sys.mjs:214:29\\\\nreceiveMessage@chrome://remote/content/marionette/actors/MarionetteCommandsChild.sys.mjs:97:31\\\\n\"}}'}\n\n    def check_response(self, response: Dict[str, Any]) -> None:\n        \"\"\"Checks that a JSON response from the WebDriver does not have an\n        error.\n    \n        :Args:\n         - response - The JSON response from the WebDriver server as a dictionary\n           object.\n    \n        :Raises: If the response contains an error message.\n        \"\"\"\n        status = response.get(\"status\", None)\n        if not status or status == ErrorCode.SUCCESS:\n            return\n        value = None\n        message = response.get(\"message\", \"\")\n        screen: str = response.get(\"screen\", \"\")\n        stacktrace = None\n        if isinstance(status, int):\n            value_json = response.get(\"value\", None)\n            if value_json and isinstance(value_json, str):\n                import json\n    \n                try:\n                    value = json.loads(value_json)\n                    if len(value) == 1:\n                        value = value[\"value\"]\n                    status = value.get(\"error\", None)\n                    if not status:\n                        status = value.get(\"status\", ErrorCode.UNKNOWN_ERROR)\n                        message = value.get(\"value\") or value.get(\"message\")\n                        if not isinstance(message, str):\n                            value = message\n                            message = message.get(\"message\")\n                    else:\n                        message = value.get(\"message\", None)\n                except ValueError:\n                    pass\n    \n        exception_class: Type[WebDriverException]\n        if status in ErrorCode.NO_SUCH_ELEMENT:\n            exception_class = NoSuchElementException\n        elif status in ErrorCode.NO_SUCH_FRAME:\n            exception_class = NoSuchFrameException\n        elif status in ErrorCode.NO_SUCH_SHADOW_ROOT:\n            exception_class = NoSuchShadowRootException\n        elif status in ErrorCode.NO_SUCH_WINDOW:\n            exception_class = NoSuchWindowException\n        elif status in ErrorCode.STALE_ELEMENT_REFERENCE:\n            exception_class = StaleElementReferenceException\n        elif status in ErrorCode.ELEMENT_NOT_VISIBLE:\n            exception_class = ElementNotVisibleException\n        elif status in ErrorCode.INVALID_ELEMENT_STATE:\n            exception_class = InvalidElementStateException\n        elif (\n            status in ErrorCode.INVALID_SELECTOR\n            or status in ErrorCode.INVALID_XPATH_SELECTOR\n            or status in ErrorCode.INVALID_XPATH_SELECTOR_RETURN_TYPER\n        ):\n            exception_class = InvalidSelectorException\n        elif status in ErrorCode.ELEMENT_IS_NOT_SELECTABLE:\n            exception_class = ElementNotSelectableException\n        elif status in ErrorCode.ELEMENT_NOT_INTERACTABLE:\n            exception_class = ElementNotInteractableException\n        elif status in ErrorCode.INVALID_COOKIE_DOMAIN:\n            exception_class = InvalidCookieDomainException\n        elif status in ErrorCode.UNABLE_TO_SET_COOKIE:\n            exception_class = UnableToSetCookieException\n        elif status in ErrorCode.TIMEOUT:\n            exception_class = TimeoutException\n        elif status in ErrorCode.SCRIPT_TIMEOUT:\n            exception_class = TimeoutException\n        elif status in ErrorCode.UNKNOWN_ERROR:\n            exception_class = WebDriverException\n        elif status in ErrorCode.UNEXPECTED_ALERT_OPEN:\n            exception_class = UnexpectedAlertPresentException\n        elif status in ErrorCode.NO_ALERT_OPEN:\n            exception_class = NoAlertPresentException\n        elif status in ErrorCode.IME_NOT_AVAILABLE:\n            exception_class = ImeNotAvailableException\n        elif status in ErrorCode.IME_ENGINE_ACTIVATION_FAILED:\n            exception_class = ImeActivationFailedException\n        elif status in ErrorCode.MOVE_TARGET_OUT_OF_BOUNDS:\n            exception_class = MoveTargetOutOfBoundsException\n        elif status in ErrorCode.JAVASCRIPT_ERROR:\n            exception_class = JavascriptException\n        elif status in ErrorCode.SESSION_NOT_CREATED:\n            exception_class = SessionNotCreatedException\n        elif status in ErrorCode.INVALID_ARGUMENT:\n            exception_class = InvalidArgumentException\n        elif status in ErrorCode.NO_SUCH_COOKIE:\n            exception_class = NoSuchCookieException\n        elif status in ErrorCode.UNABLE_TO_CAPTURE_SCREEN:\n            exception_class = ScreenshotException\n        elif status in ErrorCode.ELEMENT_CLICK_INTERCEPTED:\n            exception_class = ElementClickInterceptedException\n        elif status in ErrorCode.INSECURE_CERTIFICATE:\n            exception_class = InsecureCertificateException\n        elif status in ErrorCode.INVALID_COORDINATES:\n            exception_class = InvalidCoordinatesException\n        elif status in ErrorCode.INVALID_SESSION_ID:\n            exception_class = InvalidSessionIdException\n        elif status in ErrorCode.UNKNOWN_METHOD:\n            exception_class = UnknownMethodException\n        else:\n            exception_class = WebDriverException\n        if not value:\n            value = response[\"value\"]\n        if isinstance(value, str):\n            raise exception_class(value)\n        if message == \"\" and \"message\" in value:\n            message = value[\"message\"]\n    \n        screen = None  # type: ignore[assignment]\n        if \"screen\" in value:\n            screen = value[\"screen\"]\n    \n        stacktrace = None\n        st_value = value.get(\"stackTrace\") or value.get(\"stacktrace\")\n        if st_value:\n            if isinstance(st_value, str):\n                stacktrace = st_value.split(\"\\n\")\n            else:\n                stacktrace = []\n                try:\n                    for frame in st_value:\n                        line = frame.get(\"lineNumber\", \"\")\n                        file = frame.get(\"fileName\", \"<anonymous>\")\n                        if line:\n                            file = f\"{file}:{line}\"\n                        meth = frame.get(\"methodName\", \"<anonymous>\")\n                        if \"className\" in frame:\n                            meth = f\"{frame['className']}.{meth}\"\n                        msg = \"    at %s (%s)\"\n                        msg = msg % (meth, file)\n                        stacktrace.append(msg)\n                except TypeError:\n                    pass\n        if exception_class == UnexpectedAlertPresentException:\n            alert_text = None\n            if \"data\" in value:\n                alert_text = value[\"data\"].get(\"text\")\n            elif \"alert\" in value:\n                alert_text = value[\"alert\"].get(\"text\")\n            raise exception_class(message, screen, stacktrace, alert_text)  # type: ignore[call-arg]  # mypy is not smart enough here\n>       raise exception_class(message, screen, stacktrace)\nE       selenium.common.exceptions.ElementClickInterceptedException: Message: Element <a href=\"https://shop.demoqa.com/product/pink-drop-shoulder-oversized-t-shirt/\"> is not clickable at point (571,671) because another element <div class=\"remove-form\"> obscures it\nE       Stacktrace:\nE       RemoteError@chrome://remote/content/shared/RemoteError.sys.mjs:8:8\nE       WebDriverError@chrome://remote/content/shared/webdriver/Errors.sys.mjs:187:5\nE       ElementClickInterceptedError@chrome://remote/content/shared/webdriver/Errors.sys.mjs:331:5\nE       webdriverClickElement@chrome://remote/content/marionette/interaction.sys.mjs:162:11\nE       interaction.clickElement@chrome://remote/content/marionette/interaction.sys.mjs:121:11\nE       clickElement@chrome://remote/content/marionette/actors/MarionetteCommandsChild.sys.mjs:214:29\nE       receiveMessage@chrome://remote/content/marionette/actors/MarionetteCommandsChild.sys.mjs:97:31\n\n../../../hostedtoolcache/Python/3.10.12/x64/lib/python3.10/site-packages/selenium/webdriver/remote/errorhandler.py:245: ElementClickInterceptedException","flaky":false,"newFailed":false,"newBroken":true,"newPassed":false,"retriesCount":0,"retriesStatusChange":false,"beforeStages":[{"name":"setup","time":{"start":1690962744734,"stop":1690962755562,"duration":10828},"status":"passed","steps":[],"attachments":[],"parameters":[],"shouldDisplayMessage":false,"stepsCount":0,"attachmentsCount":0,"hasContent":false}],"testStage":{"status":"broken","statusMessage":"selenium.common.exceptions.ElementClickInterceptedException: Message: Element <a href=\"https://shop.demoqa.com/product/pink-drop-shoulder-oversized-t-shirt/\"> is not clickable at point (571,671) because another element <div class=\"remove-form\"> obscures it\nStacktrace:\nRemoteError@chrome://remote/content/shared/RemoteError.sys.mjs:8:8\nWebDriverError@chrome://remote/content/shared/webdriver/Errors.sys.mjs:187:5\nElementClickInterceptedError@chrome://remote/content/shared/webdriver/Errors.sys.mjs:331:5\nwebdriverClickElement@chrome://remote/content/marionette/interaction.sys.mjs:162:11\ninteraction.clickElement@chrome://remote/content/marionette/interaction.sys.mjs:121:11\nclickElement@chrome://remote/content/marionette/actors/MarionetteCommandsChild.sys.mjs:214:29\nreceiveMessage@chrome://remote/content/marionette/actors/MarionetteCommandsChild.sys.mjs:97:31","statusTrace":"self = <tests.shopdemoqa.test_shopdemo.TestShopDemoPage object at 0x110da7670>\nsearch_item = 'mini dress'\n\n    @allure.title(\"End To End Test ShopDemo Page\")\n    @pytest.mark.regression\n    @pytest.mark.parametrize(\"search_item\", [\"mini dress\"])\n    def test_add_item_to_cart_successfully(self,search_item):\n        log = self.getLogger()\n        homePage = HomePage(self.driver)\n        homePage.goToPage()\n        log.info(\"Open Page\")\n        homePage.search(search_item)\n        log.info(\"search item\")\n>       addToCartPage = homePage.chooseProduct()\n\ntests/shopdemoqa/test_shopdemo.py:18: \n_ _ _ _ _ _ _ _ _ _ _ _ _ _ _ _ _ _ _ _ _ _ _ _ _ _ _ _ _ _ _ _ _ _ _ _ _ _ _ _ \npageObjects/ShopDemo/HomePage.py:38: in chooseProduct\n    self.wait_for_element_appear(HomePage.productFirst).click()\n../../../hostedtoolcache/Python/3.10.12/x64/lib/python3.10/site-packages/selenium/webdriver/remote/webelement.py:94: in click\n    self._execute(Command.CLICK_ELEMENT)\n../../../hostedtoolcache/Python/3.10.12/x64/lib/python3.10/site-packages/selenium/webdriver/remote/webelement.py:395: in _execute\n    return self._parent.execute(command, params)\n../../../hostedtoolcache/Python/3.10.12/x64/lib/python3.10/site-packages/selenium/webdriver/remote/webdriver.py:346: in execute\n    self.error_handler.check_response(response)\n_ _ _ _ _ _ _ _ _ _ _ _ _ _ _ _ _ _ _ _ _ _ _ _ _ _ _ _ _ _ _ _ _ _ _ _ _ _ _ _ \n\nself = <selenium.webdriver.remote.errorhandler.ErrorHandler object at 0x110d0d5a0>\nresponse = {'status': 400, 'value': '{\"value\":{\"error\":\"element click intercepted\",\"message\":\"Element <a href=\\\\\"https://shop.dem...sys.mjs:214:29\\\\nreceiveMessage@chrome://remote/content/marionette/actors/MarionetteCommandsChild.sys.mjs:97:31\\\\n\"}}'}\n\n    def check_response(self, response: Dict[str, Any]) -> None:\n        \"\"\"Checks that a JSON response from the WebDriver does not have an\n        error.\n    \n        :Args:\n         - response - The JSON response from the WebDriver server as a dictionary\n           object.\n    \n        :Raises: If the response contains an error message.\n        \"\"\"\n        status = response.get(\"status\", None)\n        if not status or status == ErrorCode.SUCCESS:\n            return\n        value = None\n        message = response.get(\"message\", \"\")\n        screen: str = response.get(\"screen\", \"\")\n        stacktrace = None\n        if isinstance(status, int):\n            value_json = response.get(\"value\", None)\n            if value_json and isinstance(value_json, str):\n                import json\n    \n                try:\n                    value = json.loads(value_json)\n                    if len(value) == 1:\n                        value = value[\"value\"]\n                    status = value.get(\"error\", None)\n                    if not status:\n                        status = value.get(\"status\", ErrorCode.UNKNOWN_ERROR)\n                        message = value.get(\"value\") or value.get(\"message\")\n                        if not isinstance(message, str):\n                            value = message\n                            message = message.get(\"message\")\n                    else:\n                        message = value.get(\"message\", None)\n                except ValueError:\n                    pass\n    \n        exception_class: Type[WebDriverException]\n        if status in ErrorCode.NO_SUCH_ELEMENT:\n            exception_class = NoSuchElementException\n        elif status in ErrorCode.NO_SUCH_FRAME:\n            exception_class = NoSuchFrameException\n        elif status in ErrorCode.NO_SUCH_SHADOW_ROOT:\n            exception_class = NoSuchShadowRootException\n        elif status in ErrorCode.NO_SUCH_WINDOW:\n            exception_class = NoSuchWindowException\n        elif status in ErrorCode.STALE_ELEMENT_REFERENCE:\n            exception_class = StaleElementReferenceException\n        elif status in ErrorCode.ELEMENT_NOT_VISIBLE:\n            exception_class = ElementNotVisibleException\n        elif status in ErrorCode.INVALID_ELEMENT_STATE:\n            exception_class = InvalidElementStateException\n        elif (\n            status in ErrorCode.INVALID_SELECTOR\n            or status in ErrorCode.INVALID_XPATH_SELECTOR\n            or status in ErrorCode.INVALID_XPATH_SELECTOR_RETURN_TYPER\n        ):\n            exception_class = InvalidSelectorException\n        elif status in ErrorCode.ELEMENT_IS_NOT_SELECTABLE:\n            exception_class = ElementNotSelectableException\n        elif status in ErrorCode.ELEMENT_NOT_INTERACTABLE:\n            exception_class = ElementNotInteractableException\n        elif status in ErrorCode.INVALID_COOKIE_DOMAIN:\n            exception_class = InvalidCookieDomainException\n        elif status in ErrorCode.UNABLE_TO_SET_COOKIE:\n            exception_class = UnableToSetCookieException\n        elif status in ErrorCode.TIMEOUT:\n            exception_class = TimeoutException\n        elif status in ErrorCode.SCRIPT_TIMEOUT:\n            exception_class = TimeoutException\n        elif status in ErrorCode.UNKNOWN_ERROR:\n            exception_class = WebDriverException\n        elif status in ErrorCode.UNEXPECTED_ALERT_OPEN:\n            exception_class = UnexpectedAlertPresentException\n        elif status in ErrorCode.NO_ALERT_OPEN:\n            exception_class = NoAlertPresentException\n        elif status in ErrorCode.IME_NOT_AVAILABLE:\n            exception_class = ImeNotAvailableException\n        elif status in ErrorCode.IME_ENGINE_ACTIVATION_FAILED:\n            exception_class = ImeActivationFailedException\n        elif status in ErrorCode.MOVE_TARGET_OUT_OF_BOUNDS:\n            exception_class = MoveTargetOutOfBoundsException\n        elif status in ErrorCode.JAVASCRIPT_ERROR:\n            exception_class = JavascriptException\n        elif status in ErrorCode.SESSION_NOT_CREATED:\n            exception_class = SessionNotCreatedException\n        elif status in ErrorCode.INVALID_ARGUMENT:\n            exception_class = InvalidArgumentException\n        elif status in ErrorCode.NO_SUCH_COOKIE:\n            exception_class = NoSuchCookieException\n        elif status in ErrorCode.UNABLE_TO_CAPTURE_SCREEN:\n            exception_class = ScreenshotException\n        elif status in ErrorCode.ELEMENT_CLICK_INTERCEPTED:\n            exception_class = ElementClickInterceptedException\n        elif status in ErrorCode.INSECURE_CERTIFICATE:\n            exception_class = InsecureCertificateException\n        elif status in ErrorCode.INVALID_COORDINATES:\n            exception_class = InvalidCoordinatesException\n        elif status in ErrorCode.INVALID_SESSION_ID:\n            exception_class = InvalidSessionIdException\n        elif status in ErrorCode.UNKNOWN_METHOD:\n            exception_class = UnknownMethodException\n        else:\n            exception_class = WebDriverException\n        if not value:\n            value = response[\"value\"]\n        if isinstance(value, str):\n            raise exception_class(value)\n        if message == \"\" and \"message\" in value:\n            message = value[\"message\"]\n    \n        screen = None  # type: ignore[assignment]\n        if \"screen\" in value:\n            screen = value[\"screen\"]\n    \n        stacktrace = None\n        st_value = value.get(\"stackTrace\") or value.get(\"stacktrace\")\n        if st_value:\n            if isinstance(st_value, str):\n                stacktrace = st_value.split(\"\\n\")\n            else:\n                stacktrace = []\n                try:\n                    for frame in st_value:\n                        line = frame.get(\"lineNumber\", \"\")\n                        file = frame.get(\"fileName\", \"<anonymous>\")\n                        if line:\n                            file = f\"{file}:{line}\"\n                        meth = frame.get(\"methodName\", \"<anonymous>\")\n                        if \"className\" in frame:\n                            meth = f\"{frame['className']}.{meth}\"\n                        msg = \"    at %s (%s)\"\n                        msg = msg % (meth, file)\n                        stacktrace.append(msg)\n                except TypeError:\n                    pass\n        if exception_class == UnexpectedAlertPresentException:\n            alert_text = None\n            if \"data\" in value:\n                alert_text = value[\"data\"].get(\"text\")\n            elif \"alert\" in value:\n                alert_text = value[\"alert\"].get(\"text\")\n            raise exception_class(message, screen, stacktrace, alert_text)  # type: ignore[call-arg]  # mypy is not smart enough here\n>       raise exception_class(message, screen, stacktrace)\nE       selenium.common.exceptions.ElementClickInterceptedException: Message: Element <a href=\"https://shop.demoqa.com/product/pink-drop-shoulder-oversized-t-shirt/\"> is not clickable at point (571,671) because another element <div class=\"remove-form\"> obscures it\nE       Stacktrace:\nE       RemoteError@chrome://remote/content/shared/RemoteError.sys.mjs:8:8\nE       WebDriverError@chrome://remote/content/shared/webdriver/Errors.sys.mjs:187:5\nE       ElementClickInterceptedError@chrome://remote/content/shared/webdriver/Errors.sys.mjs:331:5\nE       webdriverClickElement@chrome://remote/content/marionette/interaction.sys.mjs:162:11\nE       interaction.clickElement@chrome://remote/content/marionette/interaction.sys.mjs:121:11\nE       clickElement@chrome://remote/content/marionette/actors/MarionetteCommandsChild.sys.mjs:214:29\nE       receiveMessage@chrome://remote/content/marionette/actors/MarionetteCommandsChild.sys.mjs:97:31\n\n../../../hostedtoolcache/Python/3.10.12/x64/lib/python3.10/site-packages/selenium/webdriver/remote/errorhandler.py:245: ElementClickInterceptedException","steps":[{"name":"Open webpage","time":{"start":1690962755566,"stop":1690962764716,"duration":9150},"status":"passed","steps":[],"attachments":[],"parameters":[],"shouldDisplayMessage":false,"stepsCount":0,"attachmentsCount":0,"hasContent":false},{"name":"Search product 'mini dress'","time":{"start":1690962764716,"stop":1690962766559,"duration":1843},"status":"passed","steps":[],"attachments":[],"parameters":[{"name":"search_str","value":"'mini dress'"}],"shouldDisplayMessage":false,"stepsCount":0,"attachmentsCount":0,"hasContent":true},{"name":"Choose a product","time":{"start":1690962766559,"stop":1690962766687,"duration":128},"status":"broken","statusMessage":"selenium.common.exceptions.ElementClickInterceptedException: Message: Element <a href=\"https://shop.demoqa.com/product/pink-drop-shoulder-oversized-t-shirt/\"> is not clickable at point (571,671) because another element <div class=\"remove-form\"> obscures it\nStacktrace:\nRemoteError@chrome://remote/content/shared/RemoteError.sys.mjs:8:8\nWebDriverError@chrome://remote/content/shared/webdriver/Errors.sys.mjs:187:5\nElementClickInterceptedError@chrome://remote/content/shared/webdriver/Errors.sys.mjs:331:5\nwebdriverClickElement@chrome://remote/content/marionette/interaction.sys.mjs:162:11\ninteraction.clickElement@chrome://remote/content/marionette/interaction.sys.mjs:121:11\nclickElement@chrome://remote/content/marionette/actors/MarionetteCommandsChild.sys.mjs:214:29\nreceiveMessage@chrome://remote/content/marionette/actors/MarionetteCommandsChild.sys.mjs:97:31\n\n","statusTrace":"  File \"/Users/runner/hostedtoolcache/Python/3.10.12/x64/lib/python3.10/site-packages/allure_commons/_allure.py\", line 192, in impl\n    return func(*a, **kw)\n  File \"/Users/runner/work/python_selenium_test/python_selenium_test/pageObjects/ShopDemo/HomePage.py\", line 38, in chooseProduct\n    self.wait_for_element_appear(HomePage.productFirst).click()\n  File \"/Users/runner/hostedtoolcache/Python/3.10.12/x64/lib/python3.10/site-packages/selenium/webdriver/remote/webelement.py\", line 94, in click\n    self._execute(Command.CLICK_ELEMENT)\n  File \"/Users/runner/hostedtoolcache/Python/3.10.12/x64/lib/python3.10/site-packages/selenium/webdriver/remote/webelement.py\", line 395, in _execute\n    return self._parent.execute(command, params)\n  File \"/Users/runner/hostedtoolcache/Python/3.10.12/x64/lib/python3.10/site-packages/selenium/webdriver/remote/webdriver.py\", line 346, in execute\n    self.error_handler.check_response(response)\n  File \"/Users/runner/hostedtoolcache/Python/3.10.12/x64/lib/python3.10/site-packages/selenium/webdriver/remote/errorhandler.py\", line 245, in check_response\n    raise exception_class(message, screen, stacktrace)\n","steps":[],"attachments":[],"parameters":[],"shouldDisplayMessage":true,"stepsCount":0,"attachmentsCount":0,"hasContent":true}],"attachments":[{"uid":"47ed5489d2f9105c","name":"tests_shopdemoqa_test_shopdemo.py_TestShopDemoPage_test_add_item_to_cart_successfully[mini dress]20230802-075246","source":"47ed5489d2f9105c.png","type":"image/png","size":246265},{"uid":"31dc07044abd63ec","name":"log","source":"31dc07044abd63ec.txt","type":"text/plain","size":97},{"uid":"62ff6f8aca797715","name":"stdout","source":"62ff6f8aca797715.txt","type":"text/plain","size":158},{"uid":"2cb7d255b7d6f0e6","name":"stderr","source":"2cb7d255b7d6f0e6.txt","type":"text/plain","size":291}],"parameters":[],"shouldDisplayMessage":true,"stepsCount":3,"attachmentsCount":4,"hasContent":true},"afterStages":[{"name":"setup::0","time":{"start":1690962767224,"stop":1690962770948,"duration":3724},"status":"passed","steps":[],"attachments":[],"parameters":[],"shouldDisplayMessage":false,"stepsCount":0,"attachmentsCount":0,"hasContent":false}],"labels":[{"name":"tag","value":"regression"},{"name":"tag","value":"@pytest.mark.usefixtures('setup')"},{"name":"parentSuite","value":"tests.shopdemoqa"},{"name":"suite","value":"test_shopdemo"},{"name":"subSuite","value":"TestShopDemoPage"},{"name":"host","value":"Mac-1690962624716.local"},{"name":"thread","value":"1328-MainThread"},{"name":"framework","value":"pytest"},{"name":"language","value":"cpython3"},{"name":"package","value":"tests.shopdemoqa.test_shopdemo"},{"name":"resultFormat","value":"allure2"}],"parameters":[{"name":"search_item","value":"'mini dress'"}],"links":[],"hidden":false,"retry":false,"extra":{"severity":"normal","retries":[],"categories":[{"name":"Test defects","matchedStatuses":[],"flaky":false}],"history":{"statistic":{"failed":0,"broken":5,"skipped":0,"passed":15,"unknown":0,"total":20},"items":[{"uid":"13dbac646932c7a5","status":"passed","time":{"start":1690962590437,"stop":1690962604574,"duration":14137}},{"uid":"5783de63c0faff5a","status":"broken","statusDetails":"ValueError: There is no such driver by url https://chromedriver.storage.googleapis.com/114.0.5735.198/chromedriver_mac64.zip","time":{"start":1690958547553,"stop":1690958547553,"duration":0}},{"uid":"6a457667a88315ac","status":"passed","time":{"start":1690958189097,"stop":1690958206092,"duration":16995}},{"uid":"4c9c821563368c9d","status":"passed","time":{"start":1690945720141,"stop":1690945732047,"duration":11906}},{"uid":"daf593f8623fc538","status":"passed","time":{"start":1690530085709,"stop":1690530099552,"duration":13843}},{"uid":"c898f3d43d460856","status":"passed","time":{"start":1690473158797,"stop":1690473175386,"duration":16589}},{"uid":"7b45a0f98c404ff8","status":"passed","time":{"start":1690254213693,"stop":1690254230122,"duration":16429}},{"uid":"9fae2d64b109d8c4","status":"passed","time":{"start":1689749584012,"stop":1689749597371,"duration":13359}},{"uid":"79c397d9fe77965c","status":"passed","time":{"start":1689748057489,"stop":1689748072138,"duration":14649}},{"uid":"dbdd07718d97c1f4","status":"passed","time":{"start":1689747785922,"stop":1689747800778,"duration":14856}},{"uid":"d4f5b76b45030ee1","status":"passed","time":{"start":1689747581711,"stop":1689747599260,"duration":17549}},{"uid":"232779c6dc4452b8","status":"passed","time":{"start":1689746357111,"stop":1689746373689,"duration":16578}},{"uid":"917995262243bcb3","status":"passed","time":{"start":1689744375706,"stop":1689744388084,"duration":12378}},{"uid":"3415f51db681495f","status":"passed","time":{"start":1689740689853,"stop":1689740700870,"duration":11017}},{"uid":"54a9a531663b700f","status":"broken","statusDetails":"selenium.common.exceptions.StaleElementReferenceException: Message: stale element reference: stale element not found\n  (Session info: chrome=114.0.5735.198); For documentation on this error, please visit: https://www.selenium.dev/documentation/webdriver/troubleshooting/errors#stale-element-reference-exception\nStacktrace:\n0   chromedriver                        0x000000010a1d16b8 chromedriver + 4937400\n1   chromedriver                        0x000000010a1c8b73 chromedriver + 4901747\n2   chromedriver                        0x0000000109d86616 chromedriver + 435734\n3   chromedriver                        0x0000000109d8badf chromedriver + 457439\n4   chromedriver                        0x0000000109d8db87 chromedriver + 465799\n5   chromedriver                        0x0000000109d8dc8c chromedriver + 466060\n6   chromedriver                        0x0000000109dd1a4f chromedriver + 744015\n7   chromedriver                        0x0000000109dcf05d chromedriver + 733277\n8   chromedriver                        0x0000000109dcca84 chromedriver + 723588\n9   chromedriver                        0x0000000109dcbbe4 chromedriver + 719844\n10  chromedriver                        0x0000000109dbe1e1 chromedriver + 664033\n11  chromedriver                        0x0000000109dee012 chromedriver + 860178\n12  chromedriver                        0x0000000109dbd9c1 chromedriver + 661953\n13  chromedriver                        0x0000000109dee1ce chromedriver + 860622\n14  chromedriver                        0x0000000109e08e76 chromedriver + 970358\n15  chromedriver                        0x0000000109dedde3 chromedriver + 859619\n16  chromedriver                        0x0000000109dbbd7f chromedriver + 654719\n17  chromedriver                        0x0000000109dbd0de chromedriver + 659678\n18  chromedriver                        0x000000010a18d2ad chromedriver + 4657837\n19  chromedriver                        0x000000010a192130 chromedriver + 4677936\n20  chromedriver                        0x000000010a198def chromedriver + 4705775\n21  chromedriver                        0x000000010a19305a chromedriver + 4681818\n22  chromedriver                        0x000000010a16592c chromedriver + 4495660\n23  chromedriver                        0x000000010a1b0838 chromedriver + 4802616\n24  chromedriver                        0x000000010a1b09b7 chromedriver + 4802999\n25  chromedriver                        0x000000010a1c199f chromedriver + 4872607\n26  libsystem_pthread.dylib             0x00007ff80ae304e1 _pthread_start + 125\n27  libsystem_pthread.dylib             0x00007ff80ae2bf6b thread_start + 15","time":{"start":1689739489262,"stop":1689739499954,"duration":10692}},{"uid":"8a8ce561d7a9dac5","status":"passed","time":{"start":1689738993659,"stop":1689739007496,"duration":13837}},{"uid":"1b5ca18d2dafcc2a","status":"broken","statusDetails":"selenium.common.exceptions.StaleElementReferenceException: Message: stale element reference: stale element not found\n  (Session info: chrome=114.0.5735.133); For documentation on this error, please visit: https://www.selenium.dev/documentation/webdriver/troubleshooting/errors#stale-element-reference-exception\nStacktrace:\n0   chromedriver                        0x00000001067476b8 chromedriver + 4937400\n1   chromedriver                        0x000000010673eb73 chromedriver + 4901747\n2   chromedriver                        0x00000001062fc616 chromedriver + 435734\n3   chromedriver                        0x0000000106301adf chromedriver + 457439\n4   chromedriver                        0x0000000106303b87 chromedriver + 465799\n5   chromedriver                        0x0000000106303c8c chromedriver + 466060\n6   chromedriver                        0x0000000106347a4f chromedriver + 744015\n7   chromedriver                        0x000000010634505d chromedriver + 733277\n8   chromedriver                        0x0000000106342a84 chromedriver + 723588\n9   chromedriver                        0x0000000106341be4 chromedriver + 719844\n10  chromedriver                        0x00000001063341e1 chromedriver + 664033\n11  chromedriver                        0x0000000106364012 chromedriver + 860178\n12  chromedriver                        0x00000001063339c1 chromedriver + 661953\n13  chromedriver                        0x00000001063641ce chromedriver + 860622\n14  chromedriver                        0x000000010637ee76 chromedriver + 970358\n15  chromedriver                        0x0000000106363de3 chromedriver + 859619\n16  chromedriver                        0x0000000106331d7f chromedriver + 654719\n17  chromedriver                        0x00000001063330de chromedriver + 659678\n18  chromedriver                        0x00000001067032ad chromedriver + 4657837\n19  chromedriver                        0x0000000106708130 chromedriver + 4677936\n20  chromedriver                        0x000000010670edef chromedriver + 4705775\n21  chromedriver                        0x000000010670905a chromedriver + 4681818\n22  chromedriver                        0x00000001066db92c chromedriver + 4495660\n23  chromedriver                        0x0000000106726838 chromedriver + 4802616\n24  chromedriver                        0x00000001067269b7 chromedriver + 4802999\n25  chromedriver                        0x000000010673799f chromedriver + 4872607\n26  libsystem_pthread.dylib             0x00007ff8011784e1 _pthread_start + 125\n27  libsystem_pthread.dylib             0x00007ff801173f6b thread_start + 15","time":{"start":1689567798463,"stop":1689567807706,"duration":9243}},{"uid":"c14c532c9110337f","status":"passed","time":{"start":1689059424597,"stop":1689059440991,"duration":16394}},{"uid":"8cb21b66d81d99e5","status":"broken","statusDetails":"AttributeError: 'AddToCartPage' object has no attribute 'wait_appear'","time":{"start":1689057674246,"stop":1689057682364,"duration":8118}}]},"tags":["regression","@pytest.mark.usefixtures('setup')"]},"source":"42625de76379c86f.json","parameterValues":["'mini dress'"]}