{"uid":"ec5d9b08d73e9d04","name":"Additional Test ShopDemo Page","fullName":"tests.shopdemoqa.test_shopdemo.TestShopDemoPage#test_add_multiple_item_to_cart_successfully","historyId":"71b7e5d9ede3b407b7d26bf0ebdb96f7","time":{"start":1690962776891,"stop":1690962783175,"duration":6284},"status":"broken","statusMessage":"selenium.common.exceptions.ElementClickInterceptedException: Message: Element <a href=\"https://shop.demoqa.com/product/pink-drop-shoulder-oversized-t-shirt/\"> is not clickable at point (571,671) because another element <div class=\"remove-form\"> obscures it\nStacktrace:\nRemoteError@chrome://remote/content/shared/RemoteError.sys.mjs:8:8\nWebDriverError@chrome://remote/content/shared/webdriver/Errors.sys.mjs:187:5\nElementClickInterceptedError@chrome://remote/content/shared/webdriver/Errors.sys.mjs:331:5\nwebdriverClickElement@chrome://remote/content/marionette/interaction.sys.mjs:162:11\ninteraction.clickElement@chrome://remote/content/marionette/interaction.sys.mjs:121:11\nclickElement@chrome://remote/content/marionette/actors/MarionetteCommandsChild.sys.mjs:214:29\nreceiveMessage@chrome://remote/content/marionette/actors/MarionetteCommandsChild.sys.mjs:97:31","statusTrace":"self = <tests.shopdemoqa.test_shopdemo.TestShopDemoPage object at 0x110da7a30>\n\n    @allure.title(\"Additional Test ShopDemo Page\")\n    @pytest.mark.smoke\n    def test_add_multiple_item_to_cart_successfully(self):\n        log = self.getLogger()\n        homePage = HomePage(self.driver)\n        homePage.goToPage()\n        log.info(\"Open Page\")\n        homePage.search(\"mini dress\")\n        log.info(\"search item\")\n>       addToCartPage = homePage.chooseProduct()\n\ntests/shopdemoqa/test_shopdemo.py:38: \n_ _ _ _ _ _ _ _ _ _ _ _ _ _ _ _ _ _ _ _ _ _ _ _ _ _ _ _ _ _ _ _ _ _ _ _ _ _ _ _ \npageObjects/ShopDemo/HomePage.py:38: in chooseProduct\n    self.wait_for_element_appear(HomePage.productFirst).click()\n../../../hostedtoolcache/Python/3.10.12/x64/lib/python3.10/site-packages/selenium/webdriver/remote/webelement.py:94: in click\n    self._execute(Command.CLICK_ELEMENT)\n../../../hostedtoolcache/Python/3.10.12/x64/lib/python3.10/site-packages/selenium/webdriver/remote/webelement.py:395: in _execute\n    return self._parent.execute(command, params)\n../../../hostedtoolcache/Python/3.10.12/x64/lib/python3.10/site-packages/selenium/webdriver/remote/webdriver.py:346: in execute\n    self.error_handler.check_response(response)\n_ _ _ _ _ _ _ _ _ _ _ _ _ _ _ _ _ _ _ _ _ _ _ _ _ _ _ _ _ _ _ _ _ _ _ _ _ _ _ _ \n\nself = <selenium.webdriver.remote.errorhandler.ErrorHandler object at 0x111026950>\nresponse = {'status': 400, 'value': '{\"value\":{\"error\":\"element click intercepted\",\"message\":\"Element <a href=\\\\\"https://shop.dem...sys.mjs:214:29\\\\nreceiveMessage@chrome://remote/content/marionette/actors/MarionetteCommandsChild.sys.mjs:97:31\\\\n\"}}'}\n\n    def check_response(self, response: Dict[str, Any]) -> None:\n        \"\"\"Checks that a JSON response from the WebDriver does not have an\n        error.\n    \n        :Args:\n         - response - The JSON response from the WebDriver server as a dictionary\n           object.\n    \n        :Raises: If the response contains an error message.\n        \"\"\"\n        status = response.get(\"status\", None)\n        if not status or status == ErrorCode.SUCCESS:\n            return\n        value = None\n        message = response.get(\"message\", \"\")\n        screen: str = response.get(\"screen\", \"\")\n        stacktrace = None\n        if isinstance(status, int):\n            value_json = response.get(\"value\", None)\n            if value_json and isinstance(value_json, str):\n                import json\n    \n                try:\n                    value = json.loads(value_json)\n                    if len(value) == 1:\n                        value = value[\"value\"]\n                    status = value.get(\"error\", None)\n                    if not status:\n                        status = value.get(\"status\", ErrorCode.UNKNOWN_ERROR)\n                        message = value.get(\"value\") or value.get(\"message\")\n                        if not isinstance(message, str):\n                            value = message\n                            message = message.get(\"message\")\n                    else:\n                        message = value.get(\"message\", None)\n                except ValueError:\n                    pass\n    \n        exception_class: Type[WebDriverException]\n        if status in ErrorCode.NO_SUCH_ELEMENT:\n            exception_class = NoSuchElementException\n        elif status in ErrorCode.NO_SUCH_FRAME:\n            exception_class = NoSuchFrameException\n        elif status in ErrorCode.NO_SUCH_SHADOW_ROOT:\n            exception_class = NoSuchShadowRootException\n        elif status in ErrorCode.NO_SUCH_WINDOW:\n            exception_class = NoSuchWindowException\n        elif status in ErrorCode.STALE_ELEMENT_REFERENCE:\n            exception_class = StaleElementReferenceException\n        elif status in ErrorCode.ELEMENT_NOT_VISIBLE:\n            exception_class = ElementNotVisibleException\n        elif status in ErrorCode.INVALID_ELEMENT_STATE:\n            exception_class = InvalidElementStateException\n        elif (\n            status in ErrorCode.INVALID_SELECTOR\n            or status in ErrorCode.INVALID_XPATH_SELECTOR\n            or status in ErrorCode.INVALID_XPATH_SELECTOR_RETURN_TYPER\n        ):\n            exception_class = InvalidSelectorException\n        elif status in ErrorCode.ELEMENT_IS_NOT_SELECTABLE:\n            exception_class = ElementNotSelectableException\n        elif status in ErrorCode.ELEMENT_NOT_INTERACTABLE:\n            exception_class = ElementNotInteractableException\n        elif status in ErrorCode.INVALID_COOKIE_DOMAIN:\n            exception_class = InvalidCookieDomainException\n        elif status in ErrorCode.UNABLE_TO_SET_COOKIE:\n            exception_class = UnableToSetCookieException\n        elif status in ErrorCode.TIMEOUT:\n            exception_class = TimeoutException\n        elif status in ErrorCode.SCRIPT_TIMEOUT:\n            exception_class = TimeoutException\n        elif status in ErrorCode.UNKNOWN_ERROR:\n            exception_class = WebDriverException\n        elif status in ErrorCode.UNEXPECTED_ALERT_OPEN:\n            exception_class = UnexpectedAlertPresentException\n        elif status in ErrorCode.NO_ALERT_OPEN:\n            exception_class = NoAlertPresentException\n        elif status in ErrorCode.IME_NOT_AVAILABLE:\n            exception_class = ImeNotAvailableException\n        elif status in ErrorCode.IME_ENGINE_ACTIVATION_FAILED:\n            exception_class = ImeActivationFailedException\n        elif status in ErrorCode.MOVE_TARGET_OUT_OF_BOUNDS:\n            exception_class = MoveTargetOutOfBoundsException\n        elif status in ErrorCode.JAVASCRIPT_ERROR:\n            exception_class = JavascriptException\n        elif status in ErrorCode.SESSION_NOT_CREATED:\n            exception_class = SessionNotCreatedException\n        elif status in ErrorCode.INVALID_ARGUMENT:\n            exception_class = InvalidArgumentException\n        elif status in ErrorCode.NO_SUCH_COOKIE:\n            exception_class = NoSuchCookieException\n        elif status in ErrorCode.UNABLE_TO_CAPTURE_SCREEN:\n            exception_class = ScreenshotException\n        elif status in ErrorCode.ELEMENT_CLICK_INTERCEPTED:\n            exception_class = ElementClickInterceptedException\n        elif status in ErrorCode.INSECURE_CERTIFICATE:\n            exception_class = InsecureCertificateException\n        elif status in ErrorCode.INVALID_COORDINATES:\n            exception_class = InvalidCoordinatesException\n        elif status in ErrorCode.INVALID_SESSION_ID:\n            exception_class = InvalidSessionIdException\n        elif status in ErrorCode.UNKNOWN_METHOD:\n            exception_class = UnknownMethodException\n        else:\n            exception_class = WebDriverException\n        if not value:\n            value = response[\"value\"]\n        if isinstance(value, str):\n            raise exception_class(value)\n        if message == \"\" and \"message\" in value:\n            message = value[\"message\"]\n    \n        screen = None  # type: ignore[assignment]\n        if \"screen\" in value:\n            screen = value[\"screen\"]\n    \n        stacktrace = None\n        st_value = value.get(\"stackTrace\") or value.get(\"stacktrace\")\n        if st_value:\n            if isinstance(st_value, str):\n                stacktrace = st_value.split(\"\\n\")\n            else:\n                stacktrace = []\n                try:\n                    for frame in st_value:\n                        line = frame.get(\"lineNumber\", \"\")\n                        file = frame.get(\"fileName\", \"<anonymous>\")\n                        if line:\n                            file = f\"{file}:{line}\"\n                        meth = frame.get(\"methodName\", \"<anonymous>\")\n                        if \"className\" in frame:\n                            meth = f\"{frame['className']}.{meth}\"\n                        msg = \"    at %s (%s)\"\n                        msg = msg % (meth, file)\n                        stacktrace.append(msg)\n                except TypeError:\n                    pass\n        if exception_class == UnexpectedAlertPresentException:\n            alert_text = None\n            if \"data\" in value:\n                alert_text = value[\"data\"].get(\"text\")\n            elif \"alert\" in value:\n                alert_text = value[\"alert\"].get(\"text\")\n            raise exception_class(message, screen, stacktrace, alert_text)  # type: ignore[call-arg]  # mypy is not smart enough here\n>       raise exception_class(message, screen, stacktrace)\nE       selenium.common.exceptions.ElementClickInterceptedException: Message: Element <a href=\"https://shop.demoqa.com/product/pink-drop-shoulder-oversized-t-shirt/\"> is not clickable at point (571,671) because another element <div class=\"remove-form\"> obscures it\nE       Stacktrace:\nE       RemoteError@chrome://remote/content/shared/RemoteError.sys.mjs:8:8\nE       WebDriverError@chrome://remote/content/shared/webdriver/Errors.sys.mjs:187:5\nE       ElementClickInterceptedError@chrome://remote/content/shared/webdriver/Errors.sys.mjs:331:5\nE       webdriverClickElement@chrome://remote/content/marionette/interaction.sys.mjs:162:11\nE       interaction.clickElement@chrome://remote/content/marionette/interaction.sys.mjs:121:11\nE       clickElement@chrome://remote/content/marionette/actors/MarionetteCommandsChild.sys.mjs:214:29\nE       receiveMessage@chrome://remote/content/marionette/actors/MarionetteCommandsChild.sys.mjs:97:31\n\n../../../hostedtoolcache/Python/3.10.12/x64/lib/python3.10/site-packages/selenium/webdriver/remote/errorhandler.py:245: ElementClickInterceptedException","flaky":false,"newFailed":false,"newBroken":true,"newPassed":false,"retriesCount":0,"retriesStatusChange":false,"beforeStages":[{"name":"setup","time":{"start":1690962770954,"stop":1690962776889,"duration":5935},"status":"passed","steps":[],"attachments":[],"parameters":[],"shouldDisplayMessage":false,"stepsCount":0,"attachmentsCount":0,"hasContent":false}],"testStage":{"status":"broken","statusMessage":"selenium.common.exceptions.ElementClickInterceptedException: Message: Element <a href=\"https://shop.demoqa.com/product/pink-drop-shoulder-oversized-t-shirt/\"> is not clickable at point (571,671) because another element <div class=\"remove-form\"> obscures it\nStacktrace:\nRemoteError@chrome://remote/content/shared/RemoteError.sys.mjs:8:8\nWebDriverError@chrome://remote/content/shared/webdriver/Errors.sys.mjs:187:5\nElementClickInterceptedError@chrome://remote/content/shared/webdriver/Errors.sys.mjs:331:5\nwebdriverClickElement@chrome://remote/content/marionette/interaction.sys.mjs:162:11\ninteraction.clickElement@chrome://remote/content/marionette/interaction.sys.mjs:121:11\nclickElement@chrome://remote/content/marionette/actors/MarionetteCommandsChild.sys.mjs:214:29\nreceiveMessage@chrome://remote/content/marionette/actors/MarionetteCommandsChild.sys.mjs:97:31","statusTrace":"self = <tests.shopdemoqa.test_shopdemo.TestShopDemoPage object at 0x110da7a30>\n\n    @allure.title(\"Additional Test ShopDemo Page\")\n    @pytest.mark.smoke\n    def test_add_multiple_item_to_cart_successfully(self):\n        log = self.getLogger()\n        homePage = HomePage(self.driver)\n        homePage.goToPage()\n        log.info(\"Open Page\")\n        homePage.search(\"mini dress\")\n        log.info(\"search item\")\n>       addToCartPage = homePage.chooseProduct()\n\ntests/shopdemoqa/test_shopdemo.py:38: \n_ _ _ _ _ _ _ _ _ _ _ _ _ _ _ _ _ _ _ _ _ _ _ _ _ _ _ _ _ _ _ _ _ _ _ _ _ _ _ _ \npageObjects/ShopDemo/HomePage.py:38: in chooseProduct\n    self.wait_for_element_appear(HomePage.productFirst).click()\n../../../hostedtoolcache/Python/3.10.12/x64/lib/python3.10/site-packages/selenium/webdriver/remote/webelement.py:94: in click\n    self._execute(Command.CLICK_ELEMENT)\n../../../hostedtoolcache/Python/3.10.12/x64/lib/python3.10/site-packages/selenium/webdriver/remote/webelement.py:395: in _execute\n    return self._parent.execute(command, params)\n../../../hostedtoolcache/Python/3.10.12/x64/lib/python3.10/site-packages/selenium/webdriver/remote/webdriver.py:346: in execute\n    self.error_handler.check_response(response)\n_ _ _ _ _ _ _ _ _ _ _ _ _ _ _ _ _ _ _ _ _ _ _ _ _ _ _ _ _ _ _ _ _ _ _ _ _ _ _ _ \n\nself = <selenium.webdriver.remote.errorhandler.ErrorHandler object at 0x111026950>\nresponse = {'status': 400, 'value': '{\"value\":{\"error\":\"element click intercepted\",\"message\":\"Element <a href=\\\\\"https://shop.dem...sys.mjs:214:29\\\\nreceiveMessage@chrome://remote/content/marionette/actors/MarionetteCommandsChild.sys.mjs:97:31\\\\n\"}}'}\n\n    def check_response(self, response: Dict[str, Any]) -> None:\n        \"\"\"Checks that a JSON response from the WebDriver does not have an\n        error.\n    \n        :Args:\n         - response - The JSON response from the WebDriver server as a dictionary\n           object.\n    \n        :Raises: If the response contains an error message.\n        \"\"\"\n        status = response.get(\"status\", None)\n        if not status or status == ErrorCode.SUCCESS:\n            return\n        value = None\n        message = response.get(\"message\", \"\")\n        screen: str = response.get(\"screen\", \"\")\n        stacktrace = None\n        if isinstance(status, int):\n            value_json = response.get(\"value\", None)\n            if value_json and isinstance(value_json, str):\n                import json\n    \n                try:\n                    value = json.loads(value_json)\n                    if len(value) == 1:\n                        value = value[\"value\"]\n                    status = value.get(\"error\", None)\n                    if not status:\n                        status = value.get(\"status\", ErrorCode.UNKNOWN_ERROR)\n                        message = value.get(\"value\") or value.get(\"message\")\n                        if not isinstance(message, str):\n                            value = message\n                            message = message.get(\"message\")\n                    else:\n                        message = value.get(\"message\", None)\n                except ValueError:\n                    pass\n    \n        exception_class: Type[WebDriverException]\n        if status in ErrorCode.NO_SUCH_ELEMENT:\n            exception_class = NoSuchElementException\n        elif status in ErrorCode.NO_SUCH_FRAME:\n            exception_class = NoSuchFrameException\n        elif status in ErrorCode.NO_SUCH_SHADOW_ROOT:\n            exception_class = NoSuchShadowRootException\n        elif status in ErrorCode.NO_SUCH_WINDOW:\n            exception_class = NoSuchWindowException\n        elif status in ErrorCode.STALE_ELEMENT_REFERENCE:\n            exception_class = StaleElementReferenceException\n        elif status in ErrorCode.ELEMENT_NOT_VISIBLE:\n            exception_class = ElementNotVisibleException\n        elif status in ErrorCode.INVALID_ELEMENT_STATE:\n            exception_class = InvalidElementStateException\n        elif (\n            status in ErrorCode.INVALID_SELECTOR\n            or status in ErrorCode.INVALID_XPATH_SELECTOR\n            or status in ErrorCode.INVALID_XPATH_SELECTOR_RETURN_TYPER\n        ):\n            exception_class = InvalidSelectorException\n        elif status in ErrorCode.ELEMENT_IS_NOT_SELECTABLE:\n            exception_class = ElementNotSelectableException\n        elif status in ErrorCode.ELEMENT_NOT_INTERACTABLE:\n            exception_class = ElementNotInteractableException\n        elif status in ErrorCode.INVALID_COOKIE_DOMAIN:\n            exception_class = InvalidCookieDomainException\n        elif status in ErrorCode.UNABLE_TO_SET_COOKIE:\n            exception_class = UnableToSetCookieException\n        elif status in ErrorCode.TIMEOUT:\n            exception_class = TimeoutException\n        elif status in ErrorCode.SCRIPT_TIMEOUT:\n            exception_class = TimeoutException\n        elif status in ErrorCode.UNKNOWN_ERROR:\n            exception_class = WebDriverException\n        elif status in ErrorCode.UNEXPECTED_ALERT_OPEN:\n            exception_class = UnexpectedAlertPresentException\n        elif status in ErrorCode.NO_ALERT_OPEN:\n            exception_class = NoAlertPresentException\n        elif status in ErrorCode.IME_NOT_AVAILABLE:\n            exception_class = ImeNotAvailableException\n        elif status in ErrorCode.IME_ENGINE_ACTIVATION_FAILED:\n            exception_class = ImeActivationFailedException\n        elif status in ErrorCode.MOVE_TARGET_OUT_OF_BOUNDS:\n            exception_class = MoveTargetOutOfBoundsException\n        elif status in ErrorCode.JAVASCRIPT_ERROR:\n            exception_class = JavascriptException\n        elif status in ErrorCode.SESSION_NOT_CREATED:\n            exception_class = SessionNotCreatedException\n        elif status in ErrorCode.INVALID_ARGUMENT:\n            exception_class = InvalidArgumentException\n        elif status in ErrorCode.NO_SUCH_COOKIE:\n            exception_class = NoSuchCookieException\n        elif status in ErrorCode.UNABLE_TO_CAPTURE_SCREEN:\n            exception_class = ScreenshotException\n        elif status in ErrorCode.ELEMENT_CLICK_INTERCEPTED:\n            exception_class = ElementClickInterceptedException\n        elif status in ErrorCode.INSECURE_CERTIFICATE:\n            exception_class = InsecureCertificateException\n        elif status in ErrorCode.INVALID_COORDINATES:\n            exception_class = InvalidCoordinatesException\n        elif status in ErrorCode.INVALID_SESSION_ID:\n            exception_class = InvalidSessionIdException\n        elif status in ErrorCode.UNKNOWN_METHOD:\n            exception_class = UnknownMethodException\n        else:\n            exception_class = WebDriverException\n        if not value:\n            value = response[\"value\"]\n        if isinstance(value, str):\n            raise exception_class(value)\n        if message == \"\" and \"message\" in value:\n            message = value[\"message\"]\n    \n        screen = None  # type: ignore[assignment]\n        if \"screen\" in value:\n            screen = value[\"screen\"]\n    \n        stacktrace = None\n        st_value = value.get(\"stackTrace\") or value.get(\"stacktrace\")\n        if st_value:\n            if isinstance(st_value, str):\n                stacktrace = st_value.split(\"\\n\")\n            else:\n                stacktrace = []\n                try:\n                    for frame in st_value:\n                        line = frame.get(\"lineNumber\", \"\")\n                        file = frame.get(\"fileName\", \"<anonymous>\")\n                        if line:\n                            file = f\"{file}:{line}\"\n                        meth = frame.get(\"methodName\", \"<anonymous>\")\n                        if \"className\" in frame:\n                            meth = f\"{frame['className']}.{meth}\"\n                        msg = \"    at %s (%s)\"\n                        msg = msg % (meth, file)\n                        stacktrace.append(msg)\n                except TypeError:\n                    pass\n        if exception_class == UnexpectedAlertPresentException:\n            alert_text = None\n            if \"data\" in value:\n                alert_text = value[\"data\"].get(\"text\")\n            elif \"alert\" in value:\n                alert_text = value[\"alert\"].get(\"text\")\n            raise exception_class(message, screen, stacktrace, alert_text)  # type: ignore[call-arg]  # mypy is not smart enough here\n>       raise exception_class(message, screen, stacktrace)\nE       selenium.common.exceptions.ElementClickInterceptedException: Message: Element <a href=\"https://shop.demoqa.com/product/pink-drop-shoulder-oversized-t-shirt/\"> is not clickable at point (571,671) because another element <div class=\"remove-form\"> obscures it\nE       Stacktrace:\nE       RemoteError@chrome://remote/content/shared/RemoteError.sys.mjs:8:8\nE       WebDriverError@chrome://remote/content/shared/webdriver/Errors.sys.mjs:187:5\nE       ElementClickInterceptedError@chrome://remote/content/shared/webdriver/Errors.sys.mjs:331:5\nE       webdriverClickElement@chrome://remote/content/marionette/interaction.sys.mjs:162:11\nE       interaction.clickElement@chrome://remote/content/marionette/interaction.sys.mjs:121:11\nE       clickElement@chrome://remote/content/marionette/actors/MarionetteCommandsChild.sys.mjs:214:29\nE       receiveMessage@chrome://remote/content/marionette/actors/MarionetteCommandsChild.sys.mjs:97:31\n\n../../../hostedtoolcache/Python/3.10.12/x64/lib/python3.10/site-packages/selenium/webdriver/remote/errorhandler.py:245: ElementClickInterceptedException","steps":[{"name":"Open webpage","time":{"start":1690962776896,"stop":1690962782296,"duration":5400},"status":"passed","steps":[],"attachments":[],"parameters":[],"shouldDisplayMessage":false,"stepsCount":0,"attachmentsCount":0,"hasContent":false},{"name":"Search product 'mini dress'","time":{"start":1690962782297,"stop":1690962783021,"duration":724},"status":"passed","steps":[],"attachments":[],"parameters":[{"name":"search_str","value":"'mini dress'"}],"shouldDisplayMessage":false,"stepsCount":0,"attachmentsCount":0,"hasContent":true},{"name":"Choose a product","time":{"start":1690962783021,"stop":1690962783174,"duration":153},"status":"broken","statusMessage":"selenium.common.exceptions.ElementClickInterceptedException: Message: Element <a href=\"https://shop.demoqa.com/product/pink-drop-shoulder-oversized-t-shirt/\"> is not clickable at point (571,671) because another element <div class=\"remove-form\"> obscures it\nStacktrace:\nRemoteError@chrome://remote/content/shared/RemoteError.sys.mjs:8:8\nWebDriverError@chrome://remote/content/shared/webdriver/Errors.sys.mjs:187:5\nElementClickInterceptedError@chrome://remote/content/shared/webdriver/Errors.sys.mjs:331:5\nwebdriverClickElement@chrome://remote/content/marionette/interaction.sys.mjs:162:11\ninteraction.clickElement@chrome://remote/content/marionette/interaction.sys.mjs:121:11\nclickElement@chrome://remote/content/marionette/actors/MarionetteCommandsChild.sys.mjs:214:29\nreceiveMessage@chrome://remote/content/marionette/actors/MarionetteCommandsChild.sys.mjs:97:31\n\n","statusTrace":"  File \"/Users/runner/hostedtoolcache/Python/3.10.12/x64/lib/python3.10/site-packages/allure_commons/_allure.py\", line 192, in impl\n    return func(*a, **kw)\n  File \"/Users/runner/work/python_selenium_test/python_selenium_test/pageObjects/ShopDemo/HomePage.py\", line 38, in chooseProduct\n    self.wait_for_element_appear(HomePage.productFirst).click()\n  File \"/Users/runner/hostedtoolcache/Python/3.10.12/x64/lib/python3.10/site-packages/selenium/webdriver/remote/webelement.py\", line 94, in click\n    self._execute(Command.CLICK_ELEMENT)\n  File \"/Users/runner/hostedtoolcache/Python/3.10.12/x64/lib/python3.10/site-packages/selenium/webdriver/remote/webelement.py\", line 395, in _execute\n    return self._parent.execute(command, params)\n  File \"/Users/runner/hostedtoolcache/Python/3.10.12/x64/lib/python3.10/site-packages/selenium/webdriver/remote/webdriver.py\", line 346, in execute\n    self.error_handler.check_response(response)\n  File \"/Users/runner/hostedtoolcache/Python/3.10.12/x64/lib/python3.10/site-packages/selenium/webdriver/remote/errorhandler.py\", line 245, in check_response\n    raise exception_class(message, screen, stacktrace)\n","steps":[],"attachments":[],"parameters":[],"shouldDisplayMessage":true,"stepsCount":0,"attachmentsCount":0,"hasContent":true}],"attachments":[{"uid":"69e0b3e7e5b8ac7f","name":"tests_shopdemoqa_test_shopdemo.py_TestShopDemoPage_test_add_multiple_item_to_cart_successfully20230802-075303","source":"69e0b3e7e5b8ac7f.png","type":"image/png","size":16369},{"uid":"cdca41c5fc6693e5","name":"log","source":"cdca41c5fc6693e5.txt","type":"text/plain","size":97},{"uid":"1362e8bce74c27e5","name":"stdout","source":"1362e8bce74c27e5.txt","type":"text/plain","size":176}],"parameters":[],"shouldDisplayMessage":true,"stepsCount":3,"attachmentsCount":3,"hasContent":true},"afterStages":[{"name":"setup::0","time":{"start":1690962783742,"stop":1690962786302,"duration":2560},"status":"passed","steps":[],"attachments":[],"parameters":[],"shouldDisplayMessage":false,"stepsCount":0,"attachmentsCount":0,"hasContent":false}],"labels":[{"name":"tag","value":"smoke"},{"name":"tag","value":"@pytest.mark.usefixtures('setup')"},{"name":"parentSuite","value":"tests.shopdemoqa"},{"name":"suite","value":"test_shopdemo"},{"name":"subSuite","value":"TestShopDemoPage"},{"name":"host","value":"Mac-1690962624716.local"},{"name":"thread","value":"1328-MainThread"},{"name":"framework","value":"pytest"},{"name":"language","value":"cpython3"},{"name":"package","value":"tests.shopdemoqa.test_shopdemo"},{"name":"resultFormat","value":"allure2"}],"parameters":[],"links":[],"hidden":false,"retry":false,"extra":{"severity":"normal","retries":[],"categories":[{"name":"Test defects","matchedStatuses":[],"flaky":false}],"history":{"statistic":{"failed":0,"broken":6,"skipped":0,"passed":15,"unknown":0,"total":21},"items":[{"uid":"33add20588a49c6e","status":"passed","time":{"start":1690962607641,"stop":1690962619541,"duration":11900}},{"uid":"f84fc62d20bce43e","status":"broken","statusDetails":"ValueError: There is no such driver by url https://chromedriver.storage.googleapis.com/114.0.5735.198/chromedriver_mac64.zip","time":{"start":1690958548816,"stop":1690958548816,"duration":0}},{"uid":"600ff0c100e895f8","status":"passed","time":{"start":1690958209178,"stop":1690958222190,"duration":13012}},{"uid":"7bf8b7f5352064d7","status":"passed","time":{"start":1690945735128,"stop":1690945747148,"duration":12020}},{"uid":"8510c5a8b64756bd","status":"passed","time":{"start":1690530102706,"stop":1690530116199,"duration":13493}},{"uid":"51e0e91c91df0547","status":"passed","time":{"start":1690473178381,"stop":1690473193249,"duration":14868}},{"uid":"f542f09ddf604d0","status":"passed","time":{"start":1690254233116,"stop":1690254246588,"duration":13472}},{"uid":"697bd18ba6c7135","status":"passed","time":{"start":1689749600315,"stop":1689749610066,"duration":9751}},{"uid":"9a9a98e1c7f8a6d7","status":"passed","time":{"start":1689748075588,"stop":1689748092108,"duration":16520}},{"uid":"9fb6b4faca327d36","status":"passed","time":{"start":1689747803684,"stop":1689747816795,"duration":13111}},{"uid":"d8222c872b71bb34","status":"passed","time":{"start":1689747602545,"stop":1689747615673,"duration":13128}},{"uid":"1c433b1973bebec4","status":"broken","statusDetails":"selenium.common.exceptions.StaleElementReferenceException: Message: stale element reference: stale element not found\n  (Session info: chrome=114.0.5735.198); For documentation on this error, please visit: https://www.selenium.dev/documentation/webdriver/troubleshooting/errors#stale-element-reference-exception\nStacktrace:\n0   chromedriver                        0x000000010c2fd6b8 chromedriver + 4937400\n1   chromedriver                        0x000000010c2f4b73 chromedriver + 4901747\n2   chromedriver                        0x000000010beb2616 chromedriver + 435734\n3   chromedriver                        0x000000010beb7adf chromedriver + 457439\n4   chromedriver                        0x000000010beb9b87 chromedriver + 465799\n5   chromedriver                        0x000000010beb9c8c chromedriver + 466060\n6   chromedriver                        0x000000010bef8255 chromedriver + 721493\n7   chromedriver                        0x000000010bef7735 chromedriver + 718645\n8   chromedriver                        0x000000010beea1e1 chromedriver + 664033\n9   chromedriver                        0x000000010bf1a012 chromedriver + 860178\n10  chromedriver                        0x000000010bee99c1 chromedriver + 661953\n11  chromedriver                        0x000000010bf1a1ce chromedriver + 860622\n12  chromedriver                        0x000000010bf34e76 chromedriver + 970358\n13  chromedriver                        0x000000010bf19de3 chromedriver + 859619\n14  chromedriver                        0x000000010bee7d7f chromedriver + 654719\n15  chromedriver                        0x000000010bee90de chromedriver + 659678\n16  chromedriver                        0x000000010c2b92ad chromedriver + 4657837\n17  chromedriver                        0x000000010c2be130 chromedriver + 4677936\n18  chromedriver                        0x000000010c2c4def chromedriver + 4705775\n19  chromedriver                        0x000000010c2bf05a chromedriver + 4681818\n20  chromedriver                        0x000000010c29192c chromedriver + 4495660\n21  chromedriver                        0x000000010c2dc838 chromedriver + 4802616\n22  chromedriver                        0x000000010c2dc9b7 chromedriver + 4802999\n23  chromedriver                        0x000000010c2ed99f chromedriver + 4872607\n24  libsystem_pthread.dylib             0x00007ff810e984e1 _pthread_start + 125\n25  libsystem_pthread.dylib             0x00007ff810e93f6b thread_start + 15","time":{"start":1689746376954,"stop":1689746385348,"duration":8394}},{"uid":"acad40eeb6cb6511","status":"passed","time":{"start":1689744391896,"stop":1689744401003,"duration":9107}},{"uid":"91c0a2ddae9d8b5","status":"broken","statusDetails":"selenium.common.exceptions.StaleElementReferenceException: Message: stale element reference: stale element not found\n  (Session info: chrome=114.0.5735.198); For documentation on this error, please visit: https://www.selenium.dev/documentation/webdriver/troubleshooting/errors#stale-element-reference-exception\nStacktrace:\n0   chromedriver                        0x000000010dab06b8 chromedriver + 4937400\n1   chromedriver                        0x000000010daa7b73 chromedriver + 4901747\n2   chromedriver                        0x000000010d665616 chromedriver + 435734\n3   chromedriver                        0x000000010d66aadf chromedriver + 457439\n4   chromedriver                        0x000000010d66d9bf chromedriver + 469439\n5   chromedriver                        0x000000010d6e8bce chromedriver + 973774\n6   chromedriver                        0x000000010d6cd012 chromedriver + 860178\n7   chromedriver                        0x000000010d6e7e76 chromedriver + 970358\n8   chromedriver                        0x000000010d6ccde3 chromedriver + 859619\n9   chromedriver                        0x000000010d69ad7f chromedriver + 654719\n10  chromedriver                        0x000000010d69c0de chromedriver + 659678\n11  chromedriver                        0x000000010da6c2ad chromedriver + 4657837\n12  chromedriver                        0x000000010da71130 chromedriver + 4677936\n13  chromedriver                        0x000000010da77def chromedriver + 4705775\n14  chromedriver                        0x000000010da7205a chromedriver + 4681818\n15  chromedriver                        0x000000010da4492c chromedriver + 4495660\n16  chromedriver                        0x000000010da8f838 chromedriver + 4802616\n17  chromedriver                        0x000000010da8f9b7 chromedriver + 4802999\n18  chromedriver                        0x000000010daa099f chromedriver + 4872607\n19  libsystem_pthread.dylib             0x00007ff8117914e1 _pthread_start + 125\n20  libsystem_pthread.dylib             0x00007ff81178cf6b thread_start + 15","time":{"start":1689740704448,"stop":1689740708816,"duration":4368}},{"uid":"af5b8a63ab3c3616","status":"broken","statusDetails":"selenium.common.exceptions.StaleElementReferenceException: Message: stale element reference: stale element not found\n  (Session info: chrome=114.0.5735.198); For documentation on this error, please visit: https://www.selenium.dev/documentation/webdriver/troubleshooting/errors#stale-element-reference-exception\nStacktrace:\n0   chromedriver                        0x000000010537d6b8 chromedriver + 4937400\n1   chromedriver                        0x0000000105374b73 chromedriver + 4901747\n2   chromedriver                        0x0000000104f32616 chromedriver + 435734\n3   chromedriver                        0x0000000104f37adf chromedriver + 457439\n4   chromedriver                        0x0000000104f39b87 chromedriver + 465799\n5   chromedriver                        0x0000000104f39c8c chromedriver + 466060\n6   chromedriver                        0x0000000104f77e92 chromedriver + 720530\n7   chromedriver                        0x0000000104f69fd1 chromedriver + 663505\n8   chromedriver                        0x0000000104f9a012 chromedriver + 860178\n9   chromedriver                        0x0000000104f699c1 chromedriver + 661953\n10  chromedriver                        0x0000000104f9a1ce chromedriver + 860622\n11  chromedriver                        0x0000000104fb4e76 chromedriver + 970358\n12  chromedriver                        0x0000000104f99de3 chromedriver + 859619\n13  chromedriver                        0x0000000104f67d7f chromedriver + 654719\n14  chromedriver                        0x0000000104f690de chromedriver + 659678\n15  chromedriver                        0x00000001053392ad chromedriver + 4657837\n16  chromedriver                        0x000000010533e130 chromedriver + 4677936\n17  chromedriver                        0x0000000105344def chromedriver + 4705775\n18  chromedriver                        0x000000010533f05a chromedriver + 4681818\n19  chromedriver                        0x000000010531192c chromedriver + 4495660\n20  chromedriver                        0x000000010535c838 chromedriver + 4802616\n21  chromedriver                        0x000000010535c9b7 chromedriver + 4802999\n22  chromedriver                        0x000000010536d99f chromedriver + 4872607\n23  libsystem_pthread.dylib             0x00007ff80ae304e1 _pthread_start + 125\n24  libsystem_pthread.dylib             0x00007ff80ae2bf6b thread_start + 15","time":{"start":1689739505093,"stop":1689739513036,"duration":7943}},{"uid":"9d97e142cf094276","status":"passed","time":{"start":1689739010469,"stop":1689739022542,"duration":12073}},{"uid":"6a849f0f10b89642","status":"passed","time":{"start":1689567811331,"stop":1689567822047,"duration":10716}},{"uid":"5776b23db76c8a76","status":"passed","time":{"start":1689059444555,"stop":1689059458070,"duration":13515}},{"uid":"f289f9713f57e430","status":"broken","statusDetails":"AttributeError: 'AddToCartPage' object has no attribute 'wait_appear'","time":{"start":1689057685718,"stop":1689057691504,"duration":5786}},{"uid":"f12252159eb37b7e","status":"passed","time":{"start":1688458915435,"stop":1688458926880,"duration":11445}}]},"tags":["smoke","@pytest.mark.usefixtures('setup')"]},"source":"ec5d9b08d73e9d04.json","parameterValues":[]}