{"uid":"53fd1333f9680b7","name":"End To End Test ShopDemo Page","fullName":"tests.shopdemoqa.test_shopdemo.TestShopDemoPage#test_add_item_to_cart_successfully","historyId":"17cf5b899d0e75ef17423e8635cb72b2","time":{"start":1691399067062,"stop":1691399071680,"duration":4618},"status":"broken","statusMessage":"selenium.common.exceptions.StaleElementReferenceException: Message: The element with the reference 1dda1501-7cf0-47bc-bb9b-3d04677bcf5f is stale; either its node document is not the active document, or it is no longer connected to the DOM; For documentation on this error, please visit: https://www.selenium.dev/documentation/webdriver/troubleshooting/errors#stale-element-reference-exception\nStacktrace:\nRemoteError@chrome://remote/content/shared/RemoteError.sys.mjs:8:8\nWebDriverError@chrome://remote/content/shared/webdriver/Errors.sys.mjs:187:5\nStaleElementReferenceError@chrome://remote/content/shared/webdriver/Errors.sys.mjs:659:5\nelement.getKnownElement@chrome://remote/content/marionette/element.sys.mjs:509:11\ndeserializeJSON@chrome://remote/content/marionette/json.sys.mjs:233:33\ncloneObject/result<@chrome://remote/content/marionette/json.sys.mjs:50:52\ncloneObject@chrome://remote/content/marionette/json.sys.mjs:50:25\ndeserializeJSON@chrome://remote/content/marionette/json.sys.mjs:244:16\ncloneObject@chrome://remote/content/marionette/json.sys.mjs:56:24\ndeserializeJSON@chrome://remote/content/marionette/json.sys.mjs:244:16\njson.deserialize@chrome://remote/content/marionette/json.sys.mjs:248:10\nreceiveMessage@chrome://remote/content/marionette/actors/MarionetteCommandsChild.sys.mjs:85:30","statusTrace":"self = <tests.shopdemoqa.test_shopdemo.TestShopDemoPage object at 0x104b9af50>\nsearch_item = 'mini dress'\n\n    @allure.title(\"End To End Test ShopDemo Page\")\n    @pytest.mark.regression\n    @pytest.mark.parametrize(\"search_item\", [\"mini dress\"])\n    def test_add_item_to_cart_successfully(self, search_item):\n        homePage = HomePage(self.driver)\n        homePage.goToPage(pageUrl)\n        homePage.search(search_item)\n        addToCartPage = homePage.chooseProduct()\n>       checkoutPage = addToCartPage.addToCart()\n\ntests/shopdemoqa/test_shopdemo.py:20: \n_ _ _ _ _ _ _ _ _ _ _ _ _ _ _ _ _ _ _ _ _ _ _ _ _ _ _ _ _ _ _ _ _ _ _ _ _ _ _ _ \npageObjects/ShopDemo/AddToCartPage.py:23: in addToCart\n    colorSel.select_by_index(1)\n../../../hostedtoolcache/Python/3.10.12/x64/lib/python3.10/site-packages/selenium/webdriver/support/select.py:97: in select_by_index\n    if opt.get_attribute(\"index\") == match:\n../../../hostedtoolcache/Python/3.10.12/x64/lib/python3.10/site-packages/selenium/webdriver/remote/webelement.py:178: in get_attribute\n    attribute_value = self.parent.execute_script(\n../../../hostedtoolcache/Python/3.10.12/x64/lib/python3.10/site-packages/selenium/webdriver/remote/webdriver.py:406: in execute_script\n    return self.execute(command, {\"script\": script, \"args\": converted_args})[\"value\"]\n../../../hostedtoolcache/Python/3.10.12/x64/lib/python3.10/site-packages/selenium/webdriver/remote/webdriver.py:346: in execute\n    self.error_handler.check_response(response)\n_ _ _ _ _ _ _ _ _ _ _ _ _ _ _ _ _ _ _ _ _ _ _ _ _ _ _ _ _ _ _ _ _ _ _ _ _ _ _ _ \n\nself = <selenium.webdriver.remote.errorhandler.ErrorHandler object at 0x104c2dc90>\nresponse = {'status': 404, 'value': '{\"value\":{\"error\":\"stale element reference\",\"message\":\"The element with the reference 1dda15...sys.mjs:248:10\\\\nreceiveMessage@chrome://remote/content/marionette/actors/MarionetteCommandsChild.sys.mjs:85:30\\\\n\"}}'}\n\n    def check_response(self, response: Dict[str, Any]) -> None:\n        \"\"\"Checks that a JSON response from the WebDriver does not have an\n        error.\n    \n        :Args:\n         - response - The JSON response from the WebDriver server as a dictionary\n           object.\n    \n        :Raises: If the response contains an error message.\n        \"\"\"\n        status = response.get(\"status\", None)\n        if not status or status == ErrorCode.SUCCESS:\n            return\n        value = None\n        message = response.get(\"message\", \"\")\n        screen: str = response.get(\"screen\", \"\")\n        stacktrace = None\n        if isinstance(status, int):\n            value_json = response.get(\"value\", None)\n            if value_json and isinstance(value_json, str):\n                import json\n    \n                try:\n                    value = json.loads(value_json)\n                    if len(value) == 1:\n                        value = value[\"value\"]\n                    status = value.get(\"error\", None)\n                    if not status:\n                        status = value.get(\"status\", ErrorCode.UNKNOWN_ERROR)\n                        message = value.get(\"value\") or value.get(\"message\")\n                        if not isinstance(message, str):\n                            value = message\n                            message = message.get(\"message\")\n                    else:\n                        message = value.get(\"message\", None)\n                except ValueError:\n                    pass\n    \n        exception_class: Type[WebDriverException]\n        if status in ErrorCode.NO_SUCH_ELEMENT:\n            exception_class = NoSuchElementException\n        elif status in ErrorCode.NO_SUCH_FRAME:\n            exception_class = NoSuchFrameException\n        elif status in ErrorCode.NO_SUCH_SHADOW_ROOT:\n            exception_class = NoSuchShadowRootException\n        elif status in ErrorCode.NO_SUCH_WINDOW:\n            exception_class = NoSuchWindowException\n        elif status in ErrorCode.STALE_ELEMENT_REFERENCE:\n            exception_class = StaleElementReferenceException\n        elif status in ErrorCode.ELEMENT_NOT_VISIBLE:\n            exception_class = ElementNotVisibleException\n        elif status in ErrorCode.INVALID_ELEMENT_STATE:\n            exception_class = InvalidElementStateException\n        elif (\n            status in ErrorCode.INVALID_SELECTOR\n            or status in ErrorCode.INVALID_XPATH_SELECTOR\n            or status in ErrorCode.INVALID_XPATH_SELECTOR_RETURN_TYPER\n        ):\n            exception_class = InvalidSelectorException\n        elif status in ErrorCode.ELEMENT_IS_NOT_SELECTABLE:\n            exception_class = ElementNotSelectableException\n        elif status in ErrorCode.ELEMENT_NOT_INTERACTABLE:\n            exception_class = ElementNotInteractableException\n        elif status in ErrorCode.INVALID_COOKIE_DOMAIN:\n            exception_class = InvalidCookieDomainException\n        elif status in ErrorCode.UNABLE_TO_SET_COOKIE:\n            exception_class = UnableToSetCookieException\n        elif status in ErrorCode.TIMEOUT:\n            exception_class = TimeoutException\n        elif status in ErrorCode.SCRIPT_TIMEOUT:\n            exception_class = TimeoutException\n        elif status in ErrorCode.UNKNOWN_ERROR:\n            exception_class = WebDriverException\n        elif status in ErrorCode.UNEXPECTED_ALERT_OPEN:\n            exception_class = UnexpectedAlertPresentException\n        elif status in ErrorCode.NO_ALERT_OPEN:\n            exception_class = NoAlertPresentException\n        elif status in ErrorCode.IME_NOT_AVAILABLE:\n            exception_class = ImeNotAvailableException\n        elif status in ErrorCode.IME_ENGINE_ACTIVATION_FAILED:\n            exception_class = ImeActivationFailedException\n        elif status in ErrorCode.MOVE_TARGET_OUT_OF_BOUNDS:\n            exception_class = MoveTargetOutOfBoundsException\n        elif status in ErrorCode.JAVASCRIPT_ERROR:\n            exception_class = JavascriptException\n        elif status in ErrorCode.SESSION_NOT_CREATED:\n            exception_class = SessionNotCreatedException\n        elif status in ErrorCode.INVALID_ARGUMENT:\n            exception_class = InvalidArgumentException\n        elif status in ErrorCode.NO_SUCH_COOKIE:\n            exception_class = NoSuchCookieException\n        elif status in ErrorCode.UNABLE_TO_CAPTURE_SCREEN:\n            exception_class = ScreenshotException\n        elif status in ErrorCode.ELEMENT_CLICK_INTERCEPTED:\n            exception_class = ElementClickInterceptedException\n        elif status in ErrorCode.INSECURE_CERTIFICATE:\n            exception_class = InsecureCertificateException\n        elif status in ErrorCode.INVALID_COORDINATES:\n            exception_class = InvalidCoordinatesException\n        elif status in ErrorCode.INVALID_SESSION_ID:\n            exception_class = InvalidSessionIdException\n        elif status in ErrorCode.UNKNOWN_METHOD:\n            exception_class = UnknownMethodException\n        else:\n            exception_class = WebDriverException\n        if not value:\n            value = response[\"value\"]\n        if isinstance(value, str):\n            raise exception_class(value)\n        if message == \"\" and \"message\" in value:\n            message = value[\"message\"]\n    \n        screen = None  # type: ignore[assignment]\n        if \"screen\" in value:\n            screen = value[\"screen\"]\n    \n        stacktrace = None\n        st_value = value.get(\"stackTrace\") or value.get(\"stacktrace\")\n        if st_value:\n            if isinstance(st_value, str):\n                stacktrace = st_value.split(\"\\n\")\n            else:\n                stacktrace = []\n                try:\n                    for frame in st_value:\n                        line = frame.get(\"lineNumber\", \"\")\n                        file = frame.get(\"fileName\", \"<anonymous>\")\n                        if line:\n                            file = f\"{file}:{line}\"\n                        meth = frame.get(\"methodName\", \"<anonymous>\")\n                        if \"className\" in frame:\n                            meth = f\"{frame['className']}.{meth}\"\n                        msg = \"    at %s (%s)\"\n                        msg = msg % (meth, file)\n                        stacktrace.append(msg)\n                except TypeError:\n                    pass\n        if exception_class == UnexpectedAlertPresentException:\n            alert_text = None\n            if \"data\" in value:\n                alert_text = value[\"data\"].get(\"text\")\n            elif \"alert\" in value:\n                alert_text = value[\"alert\"].get(\"text\")\n            raise exception_class(message, screen, stacktrace, alert_text)  # type: ignore[call-arg]  # mypy is not smart enough here\n>       raise exception_class(message, screen, stacktrace)\nE       selenium.common.exceptions.StaleElementReferenceException: Message: The element with the reference 1dda1501-7cf0-47bc-bb9b-3d04677bcf5f is stale; either its node document is not the active document, or it is no longer connected to the DOM; For documentation on this error, please visit: https://www.selenium.dev/documentation/webdriver/troubleshooting/errors#stale-element-reference-exception\nE       Stacktrace:\nE       RemoteError@chrome://remote/content/shared/RemoteError.sys.mjs:8:8\nE       WebDriverError@chrome://remote/content/shared/webdriver/Errors.sys.mjs:187:5\nE       StaleElementReferenceError@chrome://remote/content/shared/webdriver/Errors.sys.mjs:659:5\nE       element.getKnownElement@chrome://remote/content/marionette/element.sys.mjs:509:11\nE       deserializeJSON@chrome://remote/content/marionette/json.sys.mjs:233:33\nE       cloneObject/result<@chrome://remote/content/marionette/json.sys.mjs:50:52\nE       cloneObject@chrome://remote/content/marionette/json.sys.mjs:50:25\nE       deserializeJSON@chrome://remote/content/marionette/json.sys.mjs:244:16\nE       cloneObject@chrome://remote/content/marionette/json.sys.mjs:56:24\nE       deserializeJSON@chrome://remote/content/marionette/json.sys.mjs:244:16\nE       json.deserialize@chrome://remote/content/marionette/json.sys.mjs:248:10\nE       receiveMessage@chrome://remote/content/marionette/actors/MarionetteCommandsChild.sys.mjs:85:30\n\n../../../hostedtoolcache/Python/3.10.12/x64/lib/python3.10/site-packages/selenium/webdriver/remote/errorhandler.py:245: StaleElementReferenceException","flaky":false,"newFailed":false,"newBroken":true,"newPassed":false,"retriesCount":0,"retriesStatusChange":false,"beforeStages":[{"name":"setup","time":{"start":1691399060970,"stop":1691399067059,"duration":6089},"status":"passed","steps":[],"attachments":[],"parameters":[],"shouldDisplayMessage":false,"stepsCount":0,"attachmentsCount":0,"hasContent":false}],"testStage":{"status":"broken","statusMessage":"selenium.common.exceptions.StaleElementReferenceException: Message: The element with the reference 1dda1501-7cf0-47bc-bb9b-3d04677bcf5f is stale; either its node document is not the active document, or it is no longer connected to the DOM; For documentation on this error, please visit: https://www.selenium.dev/documentation/webdriver/troubleshooting/errors#stale-element-reference-exception\nStacktrace:\nRemoteError@chrome://remote/content/shared/RemoteError.sys.mjs:8:8\nWebDriverError@chrome://remote/content/shared/webdriver/Errors.sys.mjs:187:5\nStaleElementReferenceError@chrome://remote/content/shared/webdriver/Errors.sys.mjs:659:5\nelement.getKnownElement@chrome://remote/content/marionette/element.sys.mjs:509:11\ndeserializeJSON@chrome://remote/content/marionette/json.sys.mjs:233:33\ncloneObject/result<@chrome://remote/content/marionette/json.sys.mjs:50:52\ncloneObject@chrome://remote/content/marionette/json.sys.mjs:50:25\ndeserializeJSON@chrome://remote/content/marionette/json.sys.mjs:244:16\ncloneObject@chrome://remote/content/marionette/json.sys.mjs:56:24\ndeserializeJSON@chrome://remote/content/marionette/json.sys.mjs:244:16\njson.deserialize@chrome://remote/content/marionette/json.sys.mjs:248:10\nreceiveMessage@chrome://remote/content/marionette/actors/MarionetteCommandsChild.sys.mjs:85:30","statusTrace":"self = <tests.shopdemoqa.test_shopdemo.TestShopDemoPage object at 0x104b9af50>\nsearch_item = 'mini dress'\n\n    @allure.title(\"End To End Test ShopDemo Page\")\n    @pytest.mark.regression\n    @pytest.mark.parametrize(\"search_item\", [\"mini dress\"])\n    def test_add_item_to_cart_successfully(self, search_item):\n        homePage = HomePage(self.driver)\n        homePage.goToPage(pageUrl)\n        homePage.search(search_item)\n        addToCartPage = homePage.chooseProduct()\n>       checkoutPage = addToCartPage.addToCart()\n\ntests/shopdemoqa/test_shopdemo.py:20: \n_ _ _ _ _ _ _ _ _ _ _ _ _ _ _ _ _ _ _ _ _ _ _ _ _ _ _ _ _ _ _ _ _ _ _ _ _ _ _ _ \npageObjects/ShopDemo/AddToCartPage.py:23: in addToCart\n    colorSel.select_by_index(1)\n../../../hostedtoolcache/Python/3.10.12/x64/lib/python3.10/site-packages/selenium/webdriver/support/select.py:97: in select_by_index\n    if opt.get_attribute(\"index\") == match:\n../../../hostedtoolcache/Python/3.10.12/x64/lib/python3.10/site-packages/selenium/webdriver/remote/webelement.py:178: in get_attribute\n    attribute_value = self.parent.execute_script(\n../../../hostedtoolcache/Python/3.10.12/x64/lib/python3.10/site-packages/selenium/webdriver/remote/webdriver.py:406: in execute_script\n    return self.execute(command, {\"script\": script, \"args\": converted_args})[\"value\"]\n../../../hostedtoolcache/Python/3.10.12/x64/lib/python3.10/site-packages/selenium/webdriver/remote/webdriver.py:346: in execute\n    self.error_handler.check_response(response)\n_ _ _ _ _ _ _ _ _ _ _ _ _ _ _ _ _ _ _ _ _ _ _ _ _ _ _ _ _ _ _ _ _ _ _ _ _ _ _ _ \n\nself = <selenium.webdriver.remote.errorhandler.ErrorHandler object at 0x104c2dc90>\nresponse = {'status': 404, 'value': '{\"value\":{\"error\":\"stale element reference\",\"message\":\"The element with the reference 1dda15...sys.mjs:248:10\\\\nreceiveMessage@chrome://remote/content/marionette/actors/MarionetteCommandsChild.sys.mjs:85:30\\\\n\"}}'}\n\n    def check_response(self, response: Dict[str, Any]) -> None:\n        \"\"\"Checks that a JSON response from the WebDriver does not have an\n        error.\n    \n        :Args:\n         - response - The JSON response from the WebDriver server as a dictionary\n           object.\n    \n        :Raises: If the response contains an error message.\n        \"\"\"\n        status = response.get(\"status\", None)\n        if not status or status == ErrorCode.SUCCESS:\n            return\n        value = None\n        message = response.get(\"message\", \"\")\n        screen: str = response.get(\"screen\", \"\")\n        stacktrace = None\n        if isinstance(status, int):\n            value_json = response.get(\"value\", None)\n            if value_json and isinstance(value_json, str):\n                import json\n    \n                try:\n                    value = json.loads(value_json)\n                    if len(value) == 1:\n                        value = value[\"value\"]\n                    status = value.get(\"error\", None)\n                    if not status:\n                        status = value.get(\"status\", ErrorCode.UNKNOWN_ERROR)\n                        message = value.get(\"value\") or value.get(\"message\")\n                        if not isinstance(message, str):\n                            value = message\n                            message = message.get(\"message\")\n                    else:\n                        message = value.get(\"message\", None)\n                except ValueError:\n                    pass\n    \n        exception_class: Type[WebDriverException]\n        if status in ErrorCode.NO_SUCH_ELEMENT:\n            exception_class = NoSuchElementException\n        elif status in ErrorCode.NO_SUCH_FRAME:\n            exception_class = NoSuchFrameException\n        elif status in ErrorCode.NO_SUCH_SHADOW_ROOT:\n            exception_class = NoSuchShadowRootException\n        elif status in ErrorCode.NO_SUCH_WINDOW:\n            exception_class = NoSuchWindowException\n        elif status in ErrorCode.STALE_ELEMENT_REFERENCE:\n            exception_class = StaleElementReferenceException\n        elif status in ErrorCode.ELEMENT_NOT_VISIBLE:\n            exception_class = ElementNotVisibleException\n        elif status in ErrorCode.INVALID_ELEMENT_STATE:\n            exception_class = InvalidElementStateException\n        elif (\n            status in ErrorCode.INVALID_SELECTOR\n            or status in ErrorCode.INVALID_XPATH_SELECTOR\n            or status in ErrorCode.INVALID_XPATH_SELECTOR_RETURN_TYPER\n        ):\n            exception_class = InvalidSelectorException\n        elif status in ErrorCode.ELEMENT_IS_NOT_SELECTABLE:\n            exception_class = ElementNotSelectableException\n        elif status in ErrorCode.ELEMENT_NOT_INTERACTABLE:\n            exception_class = ElementNotInteractableException\n        elif status in ErrorCode.INVALID_COOKIE_DOMAIN:\n            exception_class = InvalidCookieDomainException\n        elif status in ErrorCode.UNABLE_TO_SET_COOKIE:\n            exception_class = UnableToSetCookieException\n        elif status in ErrorCode.TIMEOUT:\n            exception_class = TimeoutException\n        elif status in ErrorCode.SCRIPT_TIMEOUT:\n            exception_class = TimeoutException\n        elif status in ErrorCode.UNKNOWN_ERROR:\n            exception_class = WebDriverException\n        elif status in ErrorCode.UNEXPECTED_ALERT_OPEN:\n            exception_class = UnexpectedAlertPresentException\n        elif status in ErrorCode.NO_ALERT_OPEN:\n            exception_class = NoAlertPresentException\n        elif status in ErrorCode.IME_NOT_AVAILABLE:\n            exception_class = ImeNotAvailableException\n        elif status in ErrorCode.IME_ENGINE_ACTIVATION_FAILED:\n            exception_class = ImeActivationFailedException\n        elif status in ErrorCode.MOVE_TARGET_OUT_OF_BOUNDS:\n            exception_class = MoveTargetOutOfBoundsException\n        elif status in ErrorCode.JAVASCRIPT_ERROR:\n            exception_class = JavascriptException\n        elif status in ErrorCode.SESSION_NOT_CREATED:\n            exception_class = SessionNotCreatedException\n        elif status in ErrorCode.INVALID_ARGUMENT:\n            exception_class = InvalidArgumentException\n        elif status in ErrorCode.NO_SUCH_COOKIE:\n            exception_class = NoSuchCookieException\n        elif status in ErrorCode.UNABLE_TO_CAPTURE_SCREEN:\n            exception_class = ScreenshotException\n        elif status in ErrorCode.ELEMENT_CLICK_INTERCEPTED:\n            exception_class = ElementClickInterceptedException\n        elif status in ErrorCode.INSECURE_CERTIFICATE:\n            exception_class = InsecureCertificateException\n        elif status in ErrorCode.INVALID_COORDINATES:\n            exception_class = InvalidCoordinatesException\n        elif status in ErrorCode.INVALID_SESSION_ID:\n            exception_class = InvalidSessionIdException\n        elif status in ErrorCode.UNKNOWN_METHOD:\n            exception_class = UnknownMethodException\n        else:\n            exception_class = WebDriverException\n        if not value:\n            value = response[\"value\"]\n        if isinstance(value, str):\n            raise exception_class(value)\n        if message == \"\" and \"message\" in value:\n            message = value[\"message\"]\n    \n        screen = None  # type: ignore[assignment]\n        if \"screen\" in value:\n            screen = value[\"screen\"]\n    \n        stacktrace = None\n        st_value = value.get(\"stackTrace\") or value.get(\"stacktrace\")\n        if st_value:\n            if isinstance(st_value, str):\n                stacktrace = st_value.split(\"\\n\")\n            else:\n                stacktrace = []\n                try:\n                    for frame in st_value:\n                        line = frame.get(\"lineNumber\", \"\")\n                        file = frame.get(\"fileName\", \"<anonymous>\")\n                        if line:\n                            file = f\"{file}:{line}\"\n                        meth = frame.get(\"methodName\", \"<anonymous>\")\n                        if \"className\" in frame:\n                            meth = f\"{frame['className']}.{meth}\"\n                        msg = \"    at %s (%s)\"\n                        msg = msg % (meth, file)\n                        stacktrace.append(msg)\n                except TypeError:\n                    pass\n        if exception_class == UnexpectedAlertPresentException:\n            alert_text = None\n            if \"data\" in value:\n                alert_text = value[\"data\"].get(\"text\")\n            elif \"alert\" in value:\n                alert_text = value[\"alert\"].get(\"text\")\n            raise exception_class(message, screen, stacktrace, alert_text)  # type: ignore[call-arg]  # mypy is not smart enough here\n>       raise exception_class(message, screen, stacktrace)\nE       selenium.common.exceptions.StaleElementReferenceException: Message: The element with the reference 1dda1501-7cf0-47bc-bb9b-3d04677bcf5f is stale; either its node document is not the active document, or it is no longer connected to the DOM; For documentation on this error, please visit: https://www.selenium.dev/documentation/webdriver/troubleshooting/errors#stale-element-reference-exception\nE       Stacktrace:\nE       RemoteError@chrome://remote/content/shared/RemoteError.sys.mjs:8:8\nE       WebDriverError@chrome://remote/content/shared/webdriver/Errors.sys.mjs:187:5\nE       StaleElementReferenceError@chrome://remote/content/shared/webdriver/Errors.sys.mjs:659:5\nE       element.getKnownElement@chrome://remote/content/marionette/element.sys.mjs:509:11\nE       deserializeJSON@chrome://remote/content/marionette/json.sys.mjs:233:33\nE       cloneObject/result<@chrome://remote/content/marionette/json.sys.mjs:50:52\nE       cloneObject@chrome://remote/content/marionette/json.sys.mjs:50:25\nE       deserializeJSON@chrome://remote/content/marionette/json.sys.mjs:244:16\nE       cloneObject@chrome://remote/content/marionette/json.sys.mjs:56:24\nE       deserializeJSON@chrome://remote/content/marionette/json.sys.mjs:244:16\nE       json.deserialize@chrome://remote/content/marionette/json.sys.mjs:248:10\nE       receiveMessage@chrome://remote/content/marionette/actors/MarionetteCommandsChild.sys.mjs:85:30\n\n../../../hostedtoolcache/Python/3.10.12/x64/lib/python3.10/site-packages/selenium/webdriver/remote/errorhandler.py:245: StaleElementReferenceException","steps":[{"name":"Open webpage","time":{"start":1691399067063,"stop":1691399069486,"duration":2423},"status":"passed","steps":[],"attachments":[],"parameters":[{"name":"pageUrl","value":"'https://shop.demoqa.com/'"}],"shouldDisplayMessage":false,"stepsCount":0,"attachmentsCount":0,"hasContent":true},{"name":"Search product 'mini dress'","time":{"start":1691399069486,"stop":1691399070166,"duration":680},"status":"passed","steps":[],"attachments":[],"parameters":[{"name":"search_str","value":"'mini dress'"}],"shouldDisplayMessage":false,"stepsCount":0,"attachmentsCount":0,"hasContent":true},{"name":"Choose a product","time":{"start":1691399070167,"stop":1691399071532,"duration":1365},"status":"passed","steps":[],"attachments":[],"parameters":[],"shouldDisplayMessage":false,"stepsCount":0,"attachmentsCount":0,"hasContent":false},{"name":"Add product to Cart","time":{"start":1691399071532,"stop":1691399071676,"duration":144},"status":"broken","statusMessage":"selenium.common.exceptions.StaleElementReferenceException: Message: The element with the reference 1dda1501-7cf0-47bc-bb9b-3d04677bcf5f is stale; either its node document is not the active document, or it is no longer connected to the DOM; For documentation on this error, please visit: https://www.selenium.dev/documentation/webdriver/troubleshooting/errors#stale-element-reference-exception\nStacktrace:\nRemoteError@chrome://remote/content/shared/RemoteError.sys.mjs:8:8\nWebDriverError@chrome://remote/content/shared/webdriver/Errors.sys.mjs:187:5\nStaleElementReferenceError@chrome://remote/content/shared/webdriver/Errors.sys.mjs:659:5\nelement.getKnownElement@chrome://remote/content/marionette/element.sys.mjs:509:11\ndeserializeJSON@chrome://remote/content/marionette/json.sys.mjs:233:33\ncloneObject/result<@chrome://remote/content/marionette/json.sys.mjs:50:52\ncloneObject@chrome://remote/content/marionette/json.sys.mjs:50:25\ndeserializeJSON@chrome://remote/content/marionette/json.sys.mjs:244:16\ncloneObject@chrome://remote/content/marionette/json.sys.mjs:56:24\ndeserializeJSON@chrome://remote/content/marionette/json.sys.mjs:244:16\njson.deserialize@chrome://remote/content/marionette/json.sys.mjs:248:10\nreceiveMessage@chrome://remote/content/marionette/actors/MarionetteCommandsChild.sys.mjs:85:30\n\n","statusTrace":"  File \"/Users/runner/hostedtoolcache/Python/3.10.12/x64/lib/python3.10/site-packages/allure_commons/_allure.py\", line 192, in impl\n    return func(*a, **kw)\n  File \"/Users/runner/work/selenium-python-template/selenium-python-template/pageObjects/ShopDemo/AddToCartPage.py\", line 23, in addToCart\n    colorSel.select_by_index(1)\n  File \"/Users/runner/hostedtoolcache/Python/3.10.12/x64/lib/python3.10/site-packages/selenium/webdriver/support/select.py\", line 97, in select_by_index\n    if opt.get_attribute(\"index\") == match:\n  File \"/Users/runner/hostedtoolcache/Python/3.10.12/x64/lib/python3.10/site-packages/selenium/webdriver/remote/webelement.py\", line 178, in get_attribute\n    attribute_value = self.parent.execute_script(\n  File \"/Users/runner/hostedtoolcache/Python/3.10.12/x64/lib/python3.10/site-packages/selenium/webdriver/remote/webdriver.py\", line 406, in execute_script\n    return self.execute(command, {\"script\": script, \"args\": converted_args})[\"value\"]\n  File \"/Users/runner/hostedtoolcache/Python/3.10.12/x64/lib/python3.10/site-packages/selenium/webdriver/remote/webdriver.py\", line 346, in execute\n    self.error_handler.check_response(response)\n  File \"/Users/runner/hostedtoolcache/Python/3.10.12/x64/lib/python3.10/site-packages/selenium/webdriver/remote/errorhandler.py\", line 245, in check_response\n    raise exception_class(message, screen, stacktrace)\n","steps":[],"attachments":[],"parameters":[],"shouldDisplayMessage":true,"stepsCount":0,"attachmentsCount":0,"hasContent":true}],"attachments":[{"uid":"dfcf2af69bb92d48","name":"tests_shopdemoqa_test_shopdemo.py_TestShopDemoPage_test_add_item_to_cart_successfully[mini dress]20230807-090431","source":"dfcf2af69bb92d48.png","type":"image/png","size":341227},{"uid":"a96a4d06c11d018a","name":"stderr","source":"a96a4d06c11d018a.txt","type":"text/plain","size":160}],"parameters":[],"shouldDisplayMessage":true,"stepsCount":4,"attachmentsCount":2,"hasContent":true},"afterStages":[{"name":"setup::0","time":{"start":1691399071981,"stop":1691399072760,"duration":779},"status":"passed","steps":[],"attachments":[],"parameters":[],"shouldDisplayMessage":false,"stepsCount":0,"attachmentsCount":0,"hasContent":false}],"labels":[{"name":"tag","value":"regression"},{"name":"tag","value":"@pytest.mark.usefixtures('setup')"},{"name":"parentSuite","value":"tests.shopdemoqa"},{"name":"suite","value":"test_shopdemo"},{"name":"subSuite","value":"TestShopDemoPage"},{"name":"host","value":"Mac-1691398965483.local"},{"name":"thread","value":"1353-MainThread"},{"name":"framework","value":"pytest"},{"name":"language","value":"cpython3"},{"name":"package","value":"tests.shopdemoqa.test_shopdemo"},{"name":"resultFormat","value":"allure2"}],"parameters":[{"name":"search_item","value":"'mini dress'"}],"links":[],"hidden":false,"retry":false,"extra":{"severity":"normal","retries":[],"categories":[{"name":"Test defects","matchedStatuses":[],"flaky":false}],"history":{"statistic":{"failed":0,"broken":8,"skipped":0,"passed":23,"unknown":0,"total":31},"items":[{"uid":"897cd4de7870ae50","status":"passed","time":{"start":1691380321553,"stop":1691380334174,"duration":12621}},{"uid":"4e808466b9f38e86","status":"passed","time":{"start":1691120889265,"stop":1691120899084,"duration":9819}},{"uid":"b115e9dd611426fe","status":"passed","time":{"start":1691120661844,"stop":1691120671819,"duration":9975}},{"uid":"105dcfdc5af53d57","status":"passed","time":{"start":1691120381441,"stop":1691120391463,"duration":10022}},{"uid":"2e834b781420d12d","status":"broken","statusDetails":"ValueError: response body:\n{\"message\":\"API rate limit exceeded for 199.7.166.17. (But here's the good news: Authenticated requests get a higher rate limit. Check out the documentation for more details.)\",\"documentation_url\":\"https://docs.github.com/rest/overview/resources-in-the-rest-api#rate-limiting\"}\n\nrequest url:\nhttps://api.github.com/repos/mozilla/geckodriver/releases/latest\nresponse headers:\n{'Date': 'Fri, 04 Aug 2023 03:34:43 GMT', 'Server': 'Varnish', 'Strict-Transport-Security': 'max-age=31536000; includeSubdomains; preload', 'X-Content-Type-Options': 'nosniff', 'X-Frame-Options': 'deny', 'X-XSS-Protection': '1; mode=block', 'Content-Security-Policy': \"default-src 'none'; style-src 'unsafe-inline'\", 'Access-Control-Allow-Origin': '*', 'Access-Control-Expose-Headers': 'ETag, Link, Location, Retry-After, X-GitHub-OTP, X-RateLimit-Limit, X-RateLimit-Remaining, X-RateLimit-Reset, X-RateLimit-Used, X-RateLimit-Resource, X-OAuth-Scopes, X-Accepted-OAuth-Scopes, X-Poll-Interval, X-GitHub-Media-Type, Deprecation, Sunset', 'Content-Type': 'application/json; charset=utf-8', 'Referrer-Policy': 'origin-when-cross-origin, strict-origin-when-cross-origin', 'X-GitHub-Media-Type': 'github.v3; format=json', 'X-RateLimit-Limit': '60', 'X-RateLimit-Remaining': '0', 'X-RateLimit-Reset': '1691120366', 'X-RateLimit-Resource': 'core', 'X-RateLimit-Used': '60', 'Content-Length': '278', 'X-GitHub-Request-Id': 'F380:1341:30A33F:62B9DE:64CC71D3'}","time":{"start":1691120082306,"stop":1691120082306,"duration":0}},{"uid":"56e58533097042fd","status":"broken","statusDetails":"ValueError: response body:\n{\"message\":\"API rate limit exceeded for 199.19.85.226. (But here's the good news: Authenticated requests get a higher rate limit. Check out the documentation for more details.)\",\"documentation_url\":\"https://docs.github.com/rest/overview/resources-in-the-rest-api#rate-limiting\"}\n\nrequest url:\nhttps://api.github.com/repos/mozilla/geckodriver/releases/latest\nresponse headers:\n{'Date': 'Fri, 04 Aug 2023 02:49:49 GMT', 'Server': 'Varnish', 'Strict-Transport-Security': 'max-age=31536000; includeSubdomains; preload', 'X-Content-Type-Options': 'nosniff', 'X-Frame-Options': 'deny', 'X-XSS-Protection': '1; mode=block', 'Content-Security-Policy': \"default-src 'none'; style-src 'unsafe-inline'\", 'Access-Control-Allow-Origin': '*', 'Access-Control-Expose-Headers': 'ETag, Link, Location, Retry-After, X-GitHub-OTP, X-RateLimit-Limit, X-RateLimit-Remaining, X-RateLimit-Reset, X-RateLimit-Used, X-RateLimit-Resource, X-OAuth-Scopes, X-Accepted-OAuth-Scopes, X-Poll-Interval, X-GitHub-Media-Type, Deprecation, Sunset', 'Content-Type': 'application/json; charset=utf-8', 'Referrer-Policy': 'origin-when-cross-origin, strict-origin-when-cross-origin', 'X-GitHub-Media-Type': 'github.v3; format=json', 'X-RateLimit-Limit': '60', 'X-RateLimit-Remaining': '0', 'X-RateLimit-Reset': '1691117725', 'X-RateLimit-Resource': 'core', 'X-RateLimit-Used': '60', 'Content-Length': '279', 'X-GitHub-Request-Id': 'C024:418A:52B3BC:54ECE1:64CC674D'}","time":{"start":1691117388396,"stop":1691117388396,"duration":0}},{"uid":"14cfeaa0eff6e472","status":"passed","time":{"start":1691116429231,"stop":1691116441601,"duration":12370}},{"uid":"a1c52d3b829bc0c3","status":"passed","time":{"start":1691036496690,"stop":1691036512985,"duration":16295}},{"uid":"1f36efafb2e72474","status":"passed","time":{"start":1690963330371,"stop":1690963343491,"duration":13120}},{"uid":"bea03280c43778cc","status":"passed","time":{"start":1690963196497,"stop":1690963214277,"duration":17780}},{"uid":"42625de76379c86f","status":"broken","statusDetails":"selenium.common.exceptions.ElementClickInterceptedException: Message: Element <a href=\"https://shop.demoqa.com/product/pink-drop-shoulder-oversized-t-shirt/\"> is not clickable at point (571,671) because another element <div class=\"remove-form\"> obscures it\nStacktrace:\nRemoteError@chrome://remote/content/shared/RemoteError.sys.mjs:8:8\nWebDriverError@chrome://remote/content/shared/webdriver/Errors.sys.mjs:187:5\nElementClickInterceptedError@chrome://remote/content/shared/webdriver/Errors.sys.mjs:331:5\nwebdriverClickElement@chrome://remote/content/marionette/interaction.sys.mjs:162:11\ninteraction.clickElement@chrome://remote/content/marionette/interaction.sys.mjs:121:11\nclickElement@chrome://remote/content/marionette/actors/MarionetteCommandsChild.sys.mjs:214:29\nreceiveMessage@chrome://remote/content/marionette/actors/MarionetteCommandsChild.sys.mjs:97:31","time":{"start":1690962755565,"stop":1690962766689,"duration":11124}},{"uid":"13dbac646932c7a5","status":"passed","time":{"start":1690962590437,"stop":1690962604574,"duration":14137}},{"uid":"5783de63c0faff5a","status":"broken","statusDetails":"ValueError: There is no such driver by url https://chromedriver.storage.googleapis.com/114.0.5735.198/chromedriver_mac64.zip","time":{"start":1690958547553,"stop":1690958547553,"duration":0}},{"uid":"6a457667a88315ac","status":"passed","time":{"start":1690958189097,"stop":1690958206092,"duration":16995}},{"uid":"4c9c821563368c9d","status":"passed","time":{"start":1690945720141,"stop":1690945732047,"duration":11906}},{"uid":"daf593f8623fc538","status":"passed","time":{"start":1690530085709,"stop":1690530099552,"duration":13843}},{"uid":"c898f3d43d460856","status":"passed","time":{"start":1690473158797,"stop":1690473175386,"duration":16589}},{"uid":"7b45a0f98c404ff8","status":"passed","time":{"start":1690254213693,"stop":1690254230122,"duration":16429}},{"uid":"9fae2d64b109d8c4","status":"passed","time":{"start":1689749584012,"stop":1689749597371,"duration":13359}},{"uid":"79c397d9fe77965c","status":"passed","time":{"start":1689748057489,"stop":1689748072138,"duration":14649}}]},"tags":["regression","@pytest.mark.usefixtures('setup')"]},"source":"53fd1333f9680b7.json","parameterValues":["'mini dress'"]}