{"uid":"9a9a98e1c7f8a6d7","name":"Additional Test ShopDemo Page","fullName":"tests.shopdemoqa.test_shopdemo.TestShopDemoPage#test_add_multiple_item_to_cart_successfully","historyId":"71b7e5d9ede3b407b7d26bf0ebdb96f7","time":{"start":1689748075588,"stop":1689748092108,"duration":16520},"status":"passed","flaky":false,"newFailed":false,"newBroken":false,"newPassed":false,"retriesCount":0,"retriesStatusChange":false,"beforeStages":[{"name":"setup","time":{"start":1689748072630,"stop":1689748075569,"duration":2939},"status":"passed","steps":[],"attachments":[],"parameters":[],"shouldDisplayMessage":false,"stepsCount":0,"attachmentsCount":0,"hasContent":false}],"testStage":{"status":"passed","steps":[{"name":"Open webpage","time":{"start":1689748075589,"stop":1689748079168,"duration":3579},"status":"passed","steps":[],"attachments":[],"parameters":[],"shouldDisplayMessage":false,"stepsCount":0,"attachmentsCount":0,"hasContent":false},{"name":"Search product 'mini dress'","time":{"start":1689748079169,"stop":1689748081259,"duration":2090},"status":"passed","steps":[],"attachments":[],"parameters":[{"name":"search_str","value":"'mini dress'"}],"shouldDisplayMessage":false,"stepsCount":0,"attachmentsCount":0,"hasContent":true},{"name":"Choose a product","time":{"start":1689748081259,"stop":1689748083846,"duration":2587},"status":"passed","steps":[],"attachments":[],"parameters":[],"shouldDisplayMessage":false,"stepsCount":0,"attachmentsCount":0,"hasContent":false},{"name":"Add product to Cart","time":{"start":1689748083846,"stop":1689748086312,"duration":2466},"status":"passed","steps":[],"attachments":[],"parameters":[],"shouldDisplayMessage":false,"stepsCount":0,"attachmentsCount":0,"hasContent":false},{"name":"Go to cart","time":{"start":1689748086313,"stop":1689748089736,"duration":3423},"status":"passed","steps":[],"attachments":[],"parameters":[],"shouldDisplayMessage":false,"stepsCount":0,"attachmentsCount":0,"hasContent":false},{"name":"Update shopping cart","time":{"start":1689748089737,"stop":1689748091852,"duration":2115},"status":"passed","steps":[],"attachments":[],"parameters":[],"shouldDisplayMessage":false,"stepsCount":0,"attachmentsCount":0,"hasContent":false},{"name":"Verify update cart successfully","time":{"start":1689748092033,"stop":1689748092107,"duration":74},"status":"passed","steps":[],"attachments":[],"parameters":[{"name":"beforeQuantity","value":"1"}],"shouldDisplayMessage":false,"stepsCount":0,"attachmentsCount":0,"hasContent":true}],"attachments":[{"uid":"125ca1b36f9caf49","name":"log","source":"125ca1b36f9caf49.txt","type":"text/plain","size":372},{"uid":"6e5678ca640e37e7","name":"stdout","source":"6e5678ca640e37e7.txt","type":"text/plain","size":646}],"parameters":[],"shouldDisplayMessage":false,"stepsCount":7,"attachmentsCount":2,"hasContent":true},"afterStages":[{"name":"setup::0","time":{"start":1689748092109,"stop":1689748093139,"duration":1030},"status":"passed","steps":[],"attachments":[],"parameters":[],"shouldDisplayMessage":false,"stepsCount":0,"attachmentsCount":0,"hasContent":false}],"labels":[{"name":"tag","value":"smoke"},{"name":"tag","value":"@pytest.mark.usefixtures('setup')"},{"name":"parentSuite","value":"tests.shopdemoqa"},{"name":"suite","value":"test_shopdemo"},{"name":"subSuite","value":"TestShopDemoPage"},{"name":"host","value":"Mac-1689746559108.local"},{"name":"thread","value":"1677-MainThread"},{"name":"framework","value":"pytest"},{"name":"language","value":"cpython3"},{"name":"package","value":"tests.shopdemoqa.test_shopdemo"},{"name":"resultFormat","value":"allure2"}],"parameters":[],"links":[],"hidden":false,"retry":false,"extra":{"severity":"normal","retries":[],"categories":[],"history":{"statistic":{"failed":0,"broken":4,"skipped":0,"passed":8,"unknown":0,"total":12},"items":[{"uid":"9fb6b4faca327d36","status":"passed","time":{"start":1689747803684,"stop":1689747816795,"duration":13111}},{"uid":"d8222c872b71bb34","status":"passed","time":{"start":1689747602545,"stop":1689747615673,"duration":13128}},{"uid":"1c433b1973bebec4","status":"broken","statusDetails":"selenium.common.exceptions.StaleElementReferenceException: Message: stale element reference: stale element not found\n  (Session info: chrome=114.0.5735.198); For documentation on this error, please visit: https://www.selenium.dev/documentation/webdriver/troubleshooting/errors#stale-element-reference-exception\nStacktrace:\n0   chromedriver                        0x000000010c2fd6b8 chromedriver + 4937400\n1   chromedriver                        0x000000010c2f4b73 chromedriver + 4901747\n2   chromedriver                        0x000000010beb2616 chromedriver + 435734\n3   chromedriver                        0x000000010beb7adf chromedriver + 457439\n4   chromedriver                        0x000000010beb9b87 chromedriver + 465799\n5   chromedriver                        0x000000010beb9c8c chromedriver + 466060\n6   chromedriver                        0x000000010bef8255 chromedriver + 721493\n7   chromedriver                        0x000000010bef7735 chromedriver + 718645\n8   chromedriver                        0x000000010beea1e1 chromedriver + 664033\n9   chromedriver                        0x000000010bf1a012 chromedriver + 860178\n10  chromedriver                        0x000000010bee99c1 chromedriver + 661953\n11  chromedriver                        0x000000010bf1a1ce chromedriver + 860622\n12  chromedriver                        0x000000010bf34e76 chromedriver + 970358\n13  chromedriver                        0x000000010bf19de3 chromedriver + 859619\n14  chromedriver                        0x000000010bee7d7f chromedriver + 654719\n15  chromedriver                        0x000000010bee90de chromedriver + 659678\n16  chromedriver                        0x000000010c2b92ad chromedriver + 4657837\n17  chromedriver                        0x000000010c2be130 chromedriver + 4677936\n18  chromedriver                        0x000000010c2c4def chromedriver + 4705775\n19  chromedriver                        0x000000010c2bf05a chromedriver + 4681818\n20  chromedriver                        0x000000010c29192c chromedriver + 4495660\n21  chromedriver                        0x000000010c2dc838 chromedriver + 4802616\n22  chromedriver                        0x000000010c2dc9b7 chromedriver + 4802999\n23  chromedriver                        0x000000010c2ed99f chromedriver + 4872607\n24  libsystem_pthread.dylib             0x00007ff810e984e1 _pthread_start + 125\n25  libsystem_pthread.dylib             0x00007ff810e93f6b thread_start + 15","time":{"start":1689746376954,"stop":1689746385348,"duration":8394}},{"uid":"acad40eeb6cb6511","status":"passed","time":{"start":1689744391896,"stop":1689744401003,"duration":9107}},{"uid":"91c0a2ddae9d8b5","status":"broken","statusDetails":"selenium.common.exceptions.StaleElementReferenceException: Message: stale element reference: stale element not found\n  (Session info: chrome=114.0.5735.198); For documentation on this error, please visit: https://www.selenium.dev/documentation/webdriver/troubleshooting/errors#stale-element-reference-exception\nStacktrace:\n0   chromedriver                        0x000000010dab06b8 chromedriver + 4937400\n1   chromedriver                        0x000000010daa7b73 chromedriver + 4901747\n2   chromedriver                        0x000000010d665616 chromedriver + 435734\n3   chromedriver                        0x000000010d66aadf chromedriver + 457439\n4   chromedriver                        0x000000010d66d9bf chromedriver + 469439\n5   chromedriver                        0x000000010d6e8bce chromedriver + 973774\n6   chromedriver                        0x000000010d6cd012 chromedriver + 860178\n7   chromedriver                        0x000000010d6e7e76 chromedriver + 970358\n8   chromedriver                        0x000000010d6ccde3 chromedriver + 859619\n9   chromedriver                        0x000000010d69ad7f chromedriver + 654719\n10  chromedriver                        0x000000010d69c0de chromedriver + 659678\n11  chromedriver                        0x000000010da6c2ad chromedriver + 4657837\n12  chromedriver                        0x000000010da71130 chromedriver + 4677936\n13  chromedriver                        0x000000010da77def chromedriver + 4705775\n14  chromedriver                        0x000000010da7205a chromedriver + 4681818\n15  chromedriver                        0x000000010da4492c chromedriver + 4495660\n16  chromedriver                        0x000000010da8f838 chromedriver + 4802616\n17  chromedriver                        0x000000010da8f9b7 chromedriver + 4802999\n18  chromedriver                        0x000000010daa099f chromedriver + 4872607\n19  libsystem_pthread.dylib             0x00007ff8117914e1 _pthread_start + 125\n20  libsystem_pthread.dylib             0x00007ff81178cf6b thread_start + 15","time":{"start":1689740704448,"stop":1689740708816,"duration":4368}},{"uid":"af5b8a63ab3c3616","status":"broken","statusDetails":"selenium.common.exceptions.StaleElementReferenceException: Message: stale element reference: stale element not found\n  (Session info: chrome=114.0.5735.198); For documentation on this error, please visit: https://www.selenium.dev/documentation/webdriver/troubleshooting/errors#stale-element-reference-exception\nStacktrace:\n0   chromedriver                        0x000000010537d6b8 chromedriver + 4937400\n1   chromedriver                        0x0000000105374b73 chromedriver + 4901747\n2   chromedriver                        0x0000000104f32616 chromedriver + 435734\n3   chromedriver                        0x0000000104f37adf chromedriver + 457439\n4   chromedriver                        0x0000000104f39b87 chromedriver + 465799\n5   chromedriver                        0x0000000104f39c8c chromedriver + 466060\n6   chromedriver                        0x0000000104f77e92 chromedriver + 720530\n7   chromedriver                        0x0000000104f69fd1 chromedriver + 663505\n8   chromedriver                        0x0000000104f9a012 chromedriver + 860178\n9   chromedriver                        0x0000000104f699c1 chromedriver + 661953\n10  chromedriver                        0x0000000104f9a1ce chromedriver + 860622\n11  chromedriver                        0x0000000104fb4e76 chromedriver + 970358\n12  chromedriver                        0x0000000104f99de3 chromedriver + 859619\n13  chromedriver                        0x0000000104f67d7f chromedriver + 654719\n14  chromedriver                        0x0000000104f690de chromedriver + 659678\n15  chromedriver                        0x00000001053392ad chromedriver + 4657837\n16  chromedriver                        0x000000010533e130 chromedriver + 4677936\n17  chromedriver                        0x0000000105344def chromedriver + 4705775\n18  chromedriver                        0x000000010533f05a chromedriver + 4681818\n19  chromedriver                        0x000000010531192c chromedriver + 4495660\n20  chromedriver                        0x000000010535c838 chromedriver + 4802616\n21  chromedriver                        0x000000010535c9b7 chromedriver + 4802999\n22  chromedriver                        0x000000010536d99f chromedriver + 4872607\n23  libsystem_pthread.dylib             0x00007ff80ae304e1 _pthread_start + 125\n24  libsystem_pthread.dylib             0x00007ff80ae2bf6b thread_start + 15","time":{"start":1689739505093,"stop":1689739513036,"duration":7943}},{"uid":"9d97e142cf094276","status":"passed","time":{"start":1689739010469,"stop":1689739022542,"duration":12073}},{"uid":"6a849f0f10b89642","status":"passed","time":{"start":1689567811331,"stop":1689567822047,"duration":10716}},{"uid":"5776b23db76c8a76","status":"passed","time":{"start":1689059444555,"stop":1689059458070,"duration":13515}},{"uid":"f289f9713f57e430","status":"broken","statusDetails":"AttributeError: 'AddToCartPage' object has no attribute 'wait_appear'","time":{"start":1689057685718,"stop":1689057691504,"duration":5786}},{"uid":"f12252159eb37b7e","status":"passed","time":{"start":1688458915435,"stop":1688458926880,"duration":11445}}]},"tags":["smoke","@pytest.mark.usefixtures('setup')"]},"source":"9a9a98e1c7f8a6d7.json","parameterValues":[]}