{"uid":"d4f5b76b45030ee1","name":"End To End Test ShopDemo Page","fullName":"tests.shopdemoqa.test_shopdemo.TestShopDemoPage#test_add_item_to_cart_successfully","historyId":"17cf5b899d0e75ef17423e8635cb72b2","time":{"start":1689747581711,"stop":1689747599260,"duration":17549},"status":"passed","flaky":false,"newFailed":false,"newBroken":false,"newPassed":false,"retriesCount":0,"retriesStatusChange":false,"beforeStages":[{"name":"setup","time":{"start":1689747574664,"stop":1689747581709,"duration":7045},"status":"passed","steps":[],"attachments":[],"parameters":[],"shouldDisplayMessage":false,"stepsCount":0,"attachmentsCount":0,"hasContent":false}],"testStage":{"status":"passed","steps":[{"name":"Open webpage","time":{"start":1689747581712,"stop":1689747587181,"duration":5469},"status":"passed","steps":[],"attachments":[],"parameters":[],"shouldDisplayMessage":false,"stepsCount":0,"attachmentsCount":0,"hasContent":false},{"name":"Search product 'mini dress'","time":{"start":1689747587182,"stop":1689747587967,"duration":785},"status":"passed","steps":[],"attachments":[],"parameters":[{"name":"search_str","value":"'mini dress'"}],"shouldDisplayMessage":false,"stepsCount":0,"attachmentsCount":0,"hasContent":true},{"name":"Choose a product","time":{"start":1689747587967,"stop":1689747591193,"duration":3226},"status":"passed","steps":[],"attachments":[],"parameters":[],"shouldDisplayMessage":false,"stepsCount":0,"attachmentsCount":0,"hasContent":false},{"name":"Add product to Cart","time":{"start":1689747591193,"stop":1689747594285,"duration":3092},"status":"passed","steps":[],"attachments":[],"parameters":[],"shouldDisplayMessage":false,"stepsCount":0,"attachmentsCount":0,"hasContent":false},{"name":"Go to cart","time":{"start":1689747594285,"stop":1689747597397,"duration":3112},"status":"passed","steps":[],"attachments":[],"parameters":[],"shouldDisplayMessage":false,"stepsCount":0,"attachmentsCount":0,"hasContent":false}],"attachments":[{"uid":"5e1d598cb9955c2a","name":"log","source":"5e1d598cb9955c2a.txt","type":"text/plain","size":369},{"uid":"950811b987684bd4","name":"stdout","source":"950811b987684bd4.txt","type":"text/plain","size":580},{"uid":"dc5b70865f5bb128","name":"stderr","source":"dc5b70865f5bb128.txt","type":"text/plain","size":246}],"parameters":[],"shouldDisplayMessage":false,"stepsCount":5,"attachmentsCount":3,"hasContent":true},"afterStages":[{"name":"setup::0","time":{"start":1689747599262,"stop":1689747599479,"duration":217},"status":"passed","steps":[],"attachments":[],"parameters":[],"shouldDisplayMessage":false,"stepsCount":0,"attachmentsCount":0,"hasContent":false}],"labels":[{"name":"tag","value":"regression"},{"name":"tag","value":"@pytest.mark.usefixtures('setup')"},{"name":"parentSuite","value":"tests.shopdemoqa"},{"name":"suite","value":"test_shopdemo"},{"name":"subSuite","value":"TestShopDemoPage"},{"name":"host","value":"Mac-1689747394757.local"},{"name":"thread","value":"1361-MainThread"},{"name":"framework","value":"pytest"},{"name":"language","value":"cpython3"},{"name":"package","value":"tests.shopdemoqa.test_shopdemo"},{"name":"resultFormat","value":"allure2"}],"parameters":[{"name":"search_item","value":"'mini dress'"}],"links":[],"hidden":false,"retry":false,"extra":{"severity":"normal","retries":[],"categories":[],"history":{"statistic":{"failed":0,"broken":3,"skipped":0,"passed":6,"unknown":0,"total":9},"items":[{"uid":"232779c6dc4452b8","status":"passed","time":{"start":1689746357111,"stop":1689746373689,"duration":16578}},{"uid":"917995262243bcb3","status":"passed","time":{"start":1689744375706,"stop":1689744388084,"duration":12378}},{"uid":"3415f51db681495f","status":"passed","time":{"start":1689740689853,"stop":1689740700870,"duration":11017}},{"uid":"54a9a531663b700f","status":"broken","statusDetails":"selenium.common.exceptions.StaleElementReferenceException: Message: stale element reference: stale element not found\n  (Session info: chrome=114.0.5735.198); For documentation on this error, please visit: https://www.selenium.dev/documentation/webdriver/troubleshooting/errors#stale-element-reference-exception\nStacktrace:\n0   chromedriver                        0x000000010a1d16b8 chromedriver + 4937400\n1   chromedriver                        0x000000010a1c8b73 chromedriver + 4901747\n2   chromedriver                        0x0000000109d86616 chromedriver + 435734\n3   chromedriver                        0x0000000109d8badf chromedriver + 457439\n4   chromedriver                        0x0000000109d8db87 chromedriver + 465799\n5   chromedriver                        0x0000000109d8dc8c chromedriver + 466060\n6   chromedriver                        0x0000000109dd1a4f chromedriver + 744015\n7   chromedriver                        0x0000000109dcf05d chromedriver + 733277\n8   chromedriver                        0x0000000109dcca84 chromedriver + 723588\n9   chromedriver                        0x0000000109dcbbe4 chromedriver + 719844\n10  chromedriver                        0x0000000109dbe1e1 chromedriver + 664033\n11  chromedriver                        0x0000000109dee012 chromedriver + 860178\n12  chromedriver                        0x0000000109dbd9c1 chromedriver + 661953\n13  chromedriver                        0x0000000109dee1ce chromedriver + 860622\n14  chromedriver                        0x0000000109e08e76 chromedriver + 970358\n15  chromedriver                        0x0000000109dedde3 chromedriver + 859619\n16  chromedriver                        0x0000000109dbbd7f chromedriver + 654719\n17  chromedriver                        0x0000000109dbd0de chromedriver + 659678\n18  chromedriver                        0x000000010a18d2ad chromedriver + 4657837\n19  chromedriver                        0x000000010a192130 chromedriver + 4677936\n20  chromedriver                        0x000000010a198def chromedriver + 4705775\n21  chromedriver                        0x000000010a19305a chromedriver + 4681818\n22  chromedriver                        0x000000010a16592c chromedriver + 4495660\n23  chromedriver                        0x000000010a1b0838 chromedriver + 4802616\n24  chromedriver                        0x000000010a1b09b7 chromedriver + 4802999\n25  chromedriver                        0x000000010a1c199f chromedriver + 4872607\n26  libsystem_pthread.dylib             0x00007ff80ae304e1 _pthread_start + 125\n27  libsystem_pthread.dylib             0x00007ff80ae2bf6b thread_start + 15","time":{"start":1689739489262,"stop":1689739499954,"duration":10692}},{"uid":"8a8ce561d7a9dac5","status":"passed","time":{"start":1689738993659,"stop":1689739007496,"duration":13837}},{"uid":"1b5ca18d2dafcc2a","status":"broken","statusDetails":"selenium.common.exceptions.StaleElementReferenceException: Message: stale element reference: stale element not found\n  (Session info: chrome=114.0.5735.133); For documentation on this error, please visit: https://www.selenium.dev/documentation/webdriver/troubleshooting/errors#stale-element-reference-exception\nStacktrace:\n0   chromedriver                        0x00000001067476b8 chromedriver + 4937400\n1   chromedriver                        0x000000010673eb73 chromedriver + 4901747\n2   chromedriver                        0x00000001062fc616 chromedriver + 435734\n3   chromedriver                        0x0000000106301adf chromedriver + 457439\n4   chromedriver                        0x0000000106303b87 chromedriver + 465799\n5   chromedriver                        0x0000000106303c8c chromedriver + 466060\n6   chromedriver                        0x0000000106347a4f chromedriver + 744015\n7   chromedriver                        0x000000010634505d chromedriver + 733277\n8   chromedriver                        0x0000000106342a84 chromedriver + 723588\n9   chromedriver                        0x0000000106341be4 chromedriver + 719844\n10  chromedriver                        0x00000001063341e1 chromedriver + 664033\n11  chromedriver                        0x0000000106364012 chromedriver + 860178\n12  chromedriver                        0x00000001063339c1 chromedriver + 661953\n13  chromedriver                        0x00000001063641ce chromedriver + 860622\n14  chromedriver                        0x000000010637ee76 chromedriver + 970358\n15  chromedriver                        0x0000000106363de3 chromedriver + 859619\n16  chromedriver                        0x0000000106331d7f chromedriver + 654719\n17  chromedriver                        0x00000001063330de chromedriver + 659678\n18  chromedriver                        0x00000001067032ad chromedriver + 4657837\n19  chromedriver                        0x0000000106708130 chromedriver + 4677936\n20  chromedriver                        0x000000010670edef chromedriver + 4705775\n21  chromedriver                        0x000000010670905a chromedriver + 4681818\n22  chromedriver                        0x00000001066db92c chromedriver + 4495660\n23  chromedriver                        0x0000000106726838 chromedriver + 4802616\n24  chromedriver                        0x00000001067269b7 chromedriver + 4802999\n25  chromedriver                        0x000000010673799f chromedriver + 4872607\n26  libsystem_pthread.dylib             0x00007ff8011784e1 _pthread_start + 125\n27  libsystem_pthread.dylib             0x00007ff801173f6b thread_start + 15","time":{"start":1689567798463,"stop":1689567807706,"duration":9243}},{"uid":"c14c532c9110337f","status":"passed","time":{"start":1689059424597,"stop":1689059440991,"duration":16394}},{"uid":"8cb21b66d81d99e5","status":"broken","statusDetails":"AttributeError: 'AddToCartPage' object has no attribute 'wait_appear'","time":{"start":1689057674246,"stop":1689057682364,"duration":8118}}]},"tags":["regression","@pytest.mark.usefixtures('setup')"]},"source":"d4f5b76b45030ee1.json","parameterValues":["'mini dress'"]}