{"uid":"5783de63c0faff5a","name":"End To End Test ShopDemo Page","fullName":"tests.shopdemoqa.test_shopdemo.TestShopDemoPage#test_add_item_to_cart_successfully","historyId":"17cf5b899d0e75ef17423e8635cb72b2","time":{"start":1690958547553,"stop":1690958547553,"duration":0},"status":"broken","statusMessage":"ValueError: There is no such driver by url https://chromedriver.storage.googleapis.com/114.0.5735.198/chromedriver_mac64.zip","statusTrace":"request = <SubRequest 'setup' for <Function test_add_item_to_cart_successfully[mini dress]>>\n\n    @pytest.fixture(scope=\"function\")\n    def setup(request):\n        \"\"\"Fixture for all Test\"\"\"\n        global driver\n        browser_name = request.config.getoption(\"browser_name\")\n        if browser_name == \"chrome\":\n            driver = webdriver.Chrome(\n>               service=ChromeService(ChromeDriverManager().install())\n\ntests/conftest.py:30: \n_ _ _ _ _ _ _ _ _ _ _ _ _ _ _ _ _ _ _ _ _ _ _ _ _ _ _ _ _ _ _ _ _ _ _ _ _ _ _ _ \n../../../hostedtoolcache/Python/3.10.12/x64/lib/python3.10/site-packages/webdriver_manager/chrome.py:40: in install\n    driver_path = self._get_driver_binary_path(self.driver)\n../../../hostedtoolcache/Python/3.10.12/x64/lib/python3.10/site-packages/webdriver_manager/core/manager.py:40: in _get_driver_binary_path\n    file = self._download_manager.download_file(driver.get_driver_download_url(os_type))\n../../../hostedtoolcache/Python/3.10.12/x64/lib/python3.10/site-packages/webdriver_manager/core/download_manager.py:29: in download_file\n    response = self._http_client.get(url)\n../../../hostedtoolcache/Python/3.10.12/x64/lib/python3.10/site-packages/webdriver_manager/core/http.py:36: in get\n    self.validate_response(resp)\n_ _ _ _ _ _ _ _ _ _ _ _ _ _ _ _ _ _ _ _ _ _ _ _ _ _ _ _ _ _ _ _ _ _ _ _ _ _ _ _ \n\nresp = <Response [404]>\n\n    @staticmethod\n    def validate_response(resp: requests.Response):\n        status_code = resp.status_code\n        if status_code == 404:\n>           raise ValueError(f\"There is no such driver by url {resp.url}\")\nE           ValueError: There is no such driver by url https://chromedriver.storage.googleapis.com/114.0.5735.198/chromedriver_mac64.zip\n\n../../../hostedtoolcache/Python/3.10.12/x64/lib/python3.10/site-packages/webdriver_manager/core/http.py:15: ValueError","flaky":false,"newFailed":false,"newBroken":true,"newPassed":false,"retriesCount":0,"retriesStatusChange":false,"beforeStages":[{"name":"setup","time":{"start":1690958547554,"stop":1690958548674,"duration":1120},"status":"broken","statusMessage":"ValueError: There is no such driver by url https://chromedriver.storage.googleapis.com/114.0.5735.198/chromedriver_mac64.zip\n","statusTrace":"  File \"/Users/runner/hostedtoolcache/Python/3.10.12/x64/lib/python3.10/site-packages/pluggy/_callers.py\", line 80, in _multicall\n    res = hook_impl.function(*args)\n  File \"/Users/runner/hostedtoolcache/Python/3.10.12/x64/lib/python3.10/site-packages/_pytest/fixtures.py\", line 1123, in pytest_fixture_setup\n    result = call_fixture_func(fixturefunc, request, kwargs)\n  File \"/Users/runner/hostedtoolcache/Python/3.10.12/x64/lib/python3.10/site-packages/_pytest/fixtures.py\", line 895, in call_fixture_func\n    fixture_result = next(generator)\n  File \"/Users/runner/work/python_selenium_test/python_selenium_test/tests/conftest.py\", line 30, in setup\n    service=ChromeService(ChromeDriverManager().install())\n  File \"/Users/runner/hostedtoolcache/Python/3.10.12/x64/lib/python3.10/site-packages/webdriver_manager/chrome.py\", line 40, in install\n    driver_path = self._get_driver_binary_path(self.driver)\n  File \"/Users/runner/hostedtoolcache/Python/3.10.12/x64/lib/python3.10/site-packages/webdriver_manager/core/manager.py\", line 40, in _get_driver_binary_path\n    file = self._download_manager.download_file(driver.get_driver_download_url(os_type))\n  File \"/Users/runner/hostedtoolcache/Python/3.10.12/x64/lib/python3.10/site-packages/webdriver_manager/core/download_manager.py\", line 29, in download_file\n    response = self._http_client.get(url)\n  File \"/Users/runner/hostedtoolcache/Python/3.10.12/x64/lib/python3.10/site-packages/webdriver_manager/core/http.py\", line 36, in get\n    self.validate_response(resp)\n  File \"/Users/runner/hostedtoolcache/Python/3.10.12/x64/lib/python3.10/site-packages/webdriver_manager/core/http.py\", line 15, in validate_response\n    raise ValueError(f\"There is no such driver by url {resp.url}\")\n","steps":[],"attachments":[],"parameters":[],"shouldDisplayMessage":true,"stepsCount":0,"attachmentsCount":0,"hasContent":true}],"afterStages":[],"labels":[{"name":"tag","value":"regression"},{"name":"tag","value":"@pytest.mark.usefixtures('setup')"},{"name":"parentSuite","value":"tests.shopdemoqa"},{"name":"suite","value":"test_shopdemo"},{"name":"subSuite","value":"TestShopDemoPage"},{"name":"host","value":"Mac-1690957207915.local"},{"name":"thread","value":"1816-MainThread"},{"name":"framework","value":"pytest"},{"name":"language","value":"cpython3"},{"name":"package","value":"tests.shopdemoqa.test_shopdemo"},{"name":"resultFormat","value":"allure2"}],"parameters":[{"name":"search_item","value":"'mini dress'"}],"links":[],"hidden":false,"retry":false,"extra":{"severity":"normal","retries":[],"categories":[{"name":"Test defects","matchedStatuses":[],"flaky":false}],"history":{"statistic":{"failed":0,"broken":4,"skipped":0,"passed":14,"unknown":0,"total":18},"items":[{"uid":"6a457667a88315ac","status":"passed","time":{"start":1690958189097,"stop":1690958206092,"duration":16995}},{"uid":"4c9c821563368c9d","status":"passed","time":{"start":1690945720141,"stop":1690945732047,"duration":11906}},{"uid":"daf593f8623fc538","status":"passed","time":{"start":1690530085709,"stop":1690530099552,"duration":13843}},{"uid":"c898f3d43d460856","status":"passed","time":{"start":1690473158797,"stop":1690473175386,"duration":16589}},{"uid":"7b45a0f98c404ff8","status":"passed","time":{"start":1690254213693,"stop":1690254230122,"duration":16429}},{"uid":"9fae2d64b109d8c4","status":"passed","time":{"start":1689749584012,"stop":1689749597371,"duration":13359}},{"uid":"79c397d9fe77965c","status":"passed","time":{"start":1689748057489,"stop":1689748072138,"duration":14649}},{"uid":"dbdd07718d97c1f4","status":"passed","time":{"start":1689747785922,"stop":1689747800778,"duration":14856}},{"uid":"d4f5b76b45030ee1","status":"passed","time":{"start":1689747581711,"stop":1689747599260,"duration":17549}},{"uid":"232779c6dc4452b8","status":"passed","time":{"start":1689746357111,"stop":1689746373689,"duration":16578}},{"uid":"917995262243bcb3","status":"passed","time":{"start":1689744375706,"stop":1689744388084,"duration":12378}},{"uid":"3415f51db681495f","status":"passed","time":{"start":1689740689853,"stop":1689740700870,"duration":11017}},{"uid":"54a9a531663b700f","status":"broken","statusDetails":"selenium.common.exceptions.StaleElementReferenceException: Message: stale element reference: stale element not found\n  (Session info: chrome=114.0.5735.198); For documentation on this error, please visit: https://www.selenium.dev/documentation/webdriver/troubleshooting/errors#stale-element-reference-exception\nStacktrace:\n0   chromedriver                        0x000000010a1d16b8 chromedriver + 4937400\n1   chromedriver                        0x000000010a1c8b73 chromedriver + 4901747\n2   chromedriver                        0x0000000109d86616 chromedriver + 435734\n3   chromedriver                        0x0000000109d8badf chromedriver + 457439\n4   chromedriver                        0x0000000109d8db87 chromedriver + 465799\n5   chromedriver                        0x0000000109d8dc8c chromedriver + 466060\n6   chromedriver                        0x0000000109dd1a4f chromedriver + 744015\n7   chromedriver                        0x0000000109dcf05d chromedriver + 733277\n8   chromedriver                        0x0000000109dcca84 chromedriver + 723588\n9   chromedriver                        0x0000000109dcbbe4 chromedriver + 719844\n10  chromedriver                        0x0000000109dbe1e1 chromedriver + 664033\n11  chromedriver                        0x0000000109dee012 chromedriver + 860178\n12  chromedriver                        0x0000000109dbd9c1 chromedriver + 661953\n13  chromedriver                        0x0000000109dee1ce chromedriver + 860622\n14  chromedriver                        0x0000000109e08e76 chromedriver + 970358\n15  chromedriver                        0x0000000109dedde3 chromedriver + 859619\n16  chromedriver                        0x0000000109dbbd7f chromedriver + 654719\n17  chromedriver                        0x0000000109dbd0de chromedriver + 659678\n18  chromedriver                        0x000000010a18d2ad chromedriver + 4657837\n19  chromedriver                        0x000000010a192130 chromedriver + 4677936\n20  chromedriver                        0x000000010a198def chromedriver + 4705775\n21  chromedriver                        0x000000010a19305a chromedriver + 4681818\n22  chromedriver                        0x000000010a16592c chromedriver + 4495660\n23  chromedriver                        0x000000010a1b0838 chromedriver + 4802616\n24  chromedriver                        0x000000010a1b09b7 chromedriver + 4802999\n25  chromedriver                        0x000000010a1c199f chromedriver + 4872607\n26  libsystem_pthread.dylib             0x00007ff80ae304e1 _pthread_start + 125\n27  libsystem_pthread.dylib             0x00007ff80ae2bf6b thread_start + 15","time":{"start":1689739489262,"stop":1689739499954,"duration":10692}},{"uid":"8a8ce561d7a9dac5","status":"passed","time":{"start":1689738993659,"stop":1689739007496,"duration":13837}},{"uid":"1b5ca18d2dafcc2a","status":"broken","statusDetails":"selenium.common.exceptions.StaleElementReferenceException: Message: stale element reference: stale element not found\n  (Session info: chrome=114.0.5735.133); For documentation on this error, please visit: https://www.selenium.dev/documentation/webdriver/troubleshooting/errors#stale-element-reference-exception\nStacktrace:\n0   chromedriver                        0x00000001067476b8 chromedriver + 4937400\n1   chromedriver                        0x000000010673eb73 chromedriver + 4901747\n2   chromedriver                        0x00000001062fc616 chromedriver + 435734\n3   chromedriver                        0x0000000106301adf chromedriver + 457439\n4   chromedriver                        0x0000000106303b87 chromedriver + 465799\n5   chromedriver                        0x0000000106303c8c chromedriver + 466060\n6   chromedriver                        0x0000000106347a4f chromedriver + 744015\n7   chromedriver                        0x000000010634505d chromedriver + 733277\n8   chromedriver                        0x0000000106342a84 chromedriver + 723588\n9   chromedriver                        0x0000000106341be4 chromedriver + 719844\n10  chromedriver                        0x00000001063341e1 chromedriver + 664033\n11  chromedriver                        0x0000000106364012 chromedriver + 860178\n12  chromedriver                        0x00000001063339c1 chromedriver + 661953\n13  chromedriver                        0x00000001063641ce chromedriver + 860622\n14  chromedriver                        0x000000010637ee76 chromedriver + 970358\n15  chromedriver                        0x0000000106363de3 chromedriver + 859619\n16  chromedriver                        0x0000000106331d7f chromedriver + 654719\n17  chromedriver                        0x00000001063330de chromedriver + 659678\n18  chromedriver                        0x00000001067032ad chromedriver + 4657837\n19  chromedriver                        0x0000000106708130 chromedriver + 4677936\n20  chromedriver                        0x000000010670edef chromedriver + 4705775\n21  chromedriver                        0x000000010670905a chromedriver + 4681818\n22  chromedriver                        0x00000001066db92c chromedriver + 4495660\n23  chromedriver                        0x0000000106726838 chromedriver + 4802616\n24  chromedriver                        0x00000001067269b7 chromedriver + 4802999\n25  chromedriver                        0x000000010673799f chromedriver + 4872607\n26  libsystem_pthread.dylib             0x00007ff8011784e1 _pthread_start + 125\n27  libsystem_pthread.dylib             0x00007ff801173f6b thread_start + 15","time":{"start":1689567798463,"stop":1689567807706,"duration":9243}},{"uid":"c14c532c9110337f","status":"passed","time":{"start":1689059424597,"stop":1689059440991,"duration":16394}},{"uid":"8cb21b66d81d99e5","status":"broken","statusDetails":"AttributeError: 'AddToCartPage' object has no attribute 'wait_appear'","time":{"start":1689057674246,"stop":1689057682364,"duration":8118}}]},"tags":["regression","@pytest.mark.usefixtures('setup')"]},"source":"5783de63c0faff5a.json","parameterValues":["'mini dress'"]}