{"uid":"f84fc62d20bce43e","name":"Additional Test ShopDemo Page","fullName":"tests.shopdemoqa.test_shopdemo.TestShopDemoPage#test_add_multiple_item_to_cart_successfully","historyId":"71b7e5d9ede3b407b7d26bf0ebdb96f7","time":{"start":1690958548816,"stop":1690958548816,"duration":0},"status":"broken","statusMessage":"ValueError: There is no such driver by url https://chromedriver.storage.googleapis.com/114.0.5735.198/chromedriver_mac64.zip","statusTrace":"request = <SubRequest 'setup' for <Function test_add_multiple_item_to_cart_successfully>>\n\n    @pytest.fixture(scope=\"function\")\n    def setup(request):\n        \"\"\"Fixture for all Test\"\"\"\n        global driver\n        browser_name = request.config.getoption(\"browser_name\")\n        if browser_name == \"chrome\":\n            driver = webdriver.Chrome(\n>               service=ChromeService(ChromeDriverManager().install())\n\ntests/conftest.py:30: \n_ _ _ _ _ _ _ _ _ _ _ _ _ _ _ _ _ _ _ _ _ _ _ _ _ _ _ _ _ _ _ _ _ _ _ _ _ _ _ _ \n../../../hostedtoolcache/Python/3.10.12/x64/lib/python3.10/site-packages/webdriver_manager/chrome.py:40: in install\n    driver_path = self._get_driver_binary_path(self.driver)\n../../../hostedtoolcache/Python/3.10.12/x64/lib/python3.10/site-packages/webdriver_manager/core/manager.py:40: in _get_driver_binary_path\n    file = self._download_manager.download_file(driver.get_driver_download_url(os_type))\n../../../hostedtoolcache/Python/3.10.12/x64/lib/python3.10/site-packages/webdriver_manager/core/download_manager.py:29: in download_file\n    response = self._http_client.get(url)\n../../../hostedtoolcache/Python/3.10.12/x64/lib/python3.10/site-packages/webdriver_manager/core/http.py:36: in get\n    self.validate_response(resp)\n_ _ _ _ _ _ _ _ _ _ _ _ _ _ _ _ _ _ _ _ _ _ _ _ _ _ _ _ _ _ _ _ _ _ _ _ _ _ _ _ \n\nresp = <Response [404]>\n\n    @staticmethod\n    def validate_response(resp: requests.Response):\n        status_code = resp.status_code\n        if status_code == 404:\n>           raise ValueError(f\"There is no such driver by url {resp.url}\")\nE           ValueError: There is no such driver by url https://chromedriver.storage.googleapis.com/114.0.5735.198/chromedriver_mac64.zip\n\n../../../hostedtoolcache/Python/3.10.12/x64/lib/python3.10/site-packages/webdriver_manager/core/http.py:15: ValueError","flaky":false,"newFailed":false,"newBroken":true,"newPassed":false,"retriesCount":0,"retriesStatusChange":false,"beforeStages":[{"name":"setup","time":{"start":1690958548817,"stop":1690958549093,"duration":276},"status":"broken","statusMessage":"ValueError: There is no such driver by url https://chromedriver.storage.googleapis.com/114.0.5735.198/chromedriver_mac64.zip\n","statusTrace":"  File \"/Users/runner/hostedtoolcache/Python/3.10.12/x64/lib/python3.10/site-packages/pluggy/_callers.py\", line 80, in _multicall\n    res = hook_impl.function(*args)\n  File \"/Users/runner/hostedtoolcache/Python/3.10.12/x64/lib/python3.10/site-packages/_pytest/fixtures.py\", line 1123, in pytest_fixture_setup\n    result = call_fixture_func(fixturefunc, request, kwargs)\n  File \"/Users/runner/hostedtoolcache/Python/3.10.12/x64/lib/python3.10/site-packages/_pytest/fixtures.py\", line 895, in call_fixture_func\n    fixture_result = next(generator)\n  File \"/Users/runner/work/python_selenium_test/python_selenium_test/tests/conftest.py\", line 30, in setup\n    service=ChromeService(ChromeDriverManager().install())\n  File \"/Users/runner/hostedtoolcache/Python/3.10.12/x64/lib/python3.10/site-packages/webdriver_manager/chrome.py\", line 40, in install\n    driver_path = self._get_driver_binary_path(self.driver)\n  File \"/Users/runner/hostedtoolcache/Python/3.10.12/x64/lib/python3.10/site-packages/webdriver_manager/core/manager.py\", line 40, in _get_driver_binary_path\n    file = self._download_manager.download_file(driver.get_driver_download_url(os_type))\n  File \"/Users/runner/hostedtoolcache/Python/3.10.12/x64/lib/python3.10/site-packages/webdriver_manager/core/download_manager.py\", line 29, in download_file\n    response = self._http_client.get(url)\n  File \"/Users/runner/hostedtoolcache/Python/3.10.12/x64/lib/python3.10/site-packages/webdriver_manager/core/http.py\", line 36, in get\n    self.validate_response(resp)\n  File \"/Users/runner/hostedtoolcache/Python/3.10.12/x64/lib/python3.10/site-packages/webdriver_manager/core/http.py\", line 15, in validate_response\n    raise ValueError(f\"There is no such driver by url {resp.url}\")\n","steps":[],"attachments":[],"parameters":[],"shouldDisplayMessage":true,"stepsCount":0,"attachmentsCount":0,"hasContent":true}],"afterStages":[],"labels":[{"name":"tag","value":"smoke"},{"name":"tag","value":"@pytest.mark.usefixtures('setup')"},{"name":"parentSuite","value":"tests.shopdemoqa"},{"name":"suite","value":"test_shopdemo"},{"name":"subSuite","value":"TestShopDemoPage"},{"name":"host","value":"Mac-1690957207915.local"},{"name":"thread","value":"1816-MainThread"},{"name":"framework","value":"pytest"},{"name":"language","value":"cpython3"},{"name":"package","value":"tests.shopdemoqa.test_shopdemo"},{"name":"resultFormat","value":"allure2"}],"parameters":[],"links":[],"hidden":false,"retry":false,"extra":{"severity":"normal","retries":[],"categories":[{"name":"Test defects","matchedStatuses":[],"flaky":false}],"history":{"statistic":{"failed":0,"broken":5,"skipped":0,"passed":14,"unknown":0,"total":19},"items":[{"uid":"600ff0c100e895f8","status":"passed","time":{"start":1690958209178,"stop":1690958222190,"duration":13012}},{"uid":"7bf8b7f5352064d7","status":"passed","time":{"start":1690945735128,"stop":1690945747148,"duration":12020}},{"uid":"8510c5a8b64756bd","status":"passed","time":{"start":1690530102706,"stop":1690530116199,"duration":13493}},{"uid":"51e0e91c91df0547","status":"passed","time":{"start":1690473178381,"stop":1690473193249,"duration":14868}},{"uid":"f542f09ddf604d0","status":"passed","time":{"start":1690254233116,"stop":1690254246588,"duration":13472}},{"uid":"697bd18ba6c7135","status":"passed","time":{"start":1689749600315,"stop":1689749610066,"duration":9751}},{"uid":"9a9a98e1c7f8a6d7","status":"passed","time":{"start":1689748075588,"stop":1689748092108,"duration":16520}},{"uid":"9fb6b4faca327d36","status":"passed","time":{"start":1689747803684,"stop":1689747816795,"duration":13111}},{"uid":"d8222c872b71bb34","status":"passed","time":{"start":1689747602545,"stop":1689747615673,"duration":13128}},{"uid":"1c433b1973bebec4","status":"broken","statusDetails":"selenium.common.exceptions.StaleElementReferenceException: Message: stale element reference: stale element not found\n  (Session info: chrome=114.0.5735.198); For documentation on this error, please visit: https://www.selenium.dev/documentation/webdriver/troubleshooting/errors#stale-element-reference-exception\nStacktrace:\n0   chromedriver                        0x000000010c2fd6b8 chromedriver + 4937400\n1   chromedriver                        0x000000010c2f4b73 chromedriver + 4901747\n2   chromedriver                        0x000000010beb2616 chromedriver + 435734\n3   chromedriver                        0x000000010beb7adf chromedriver + 457439\n4   chromedriver                        0x000000010beb9b87 chromedriver + 465799\n5   chromedriver                        0x000000010beb9c8c chromedriver + 466060\n6   chromedriver                        0x000000010bef8255 chromedriver + 721493\n7   chromedriver                        0x000000010bef7735 chromedriver + 718645\n8   chromedriver                        0x000000010beea1e1 chromedriver + 664033\n9   chromedriver                        0x000000010bf1a012 chromedriver + 860178\n10  chromedriver                        0x000000010bee99c1 chromedriver + 661953\n11  chromedriver                        0x000000010bf1a1ce chromedriver + 860622\n12  chromedriver                        0x000000010bf34e76 chromedriver + 970358\n13  chromedriver                        0x000000010bf19de3 chromedriver + 859619\n14  chromedriver                        0x000000010bee7d7f chromedriver + 654719\n15  chromedriver                        0x000000010bee90de chromedriver + 659678\n16  chromedriver                        0x000000010c2b92ad chromedriver + 4657837\n17  chromedriver                        0x000000010c2be130 chromedriver + 4677936\n18  chromedriver                        0x000000010c2c4def chromedriver + 4705775\n19  chromedriver                        0x000000010c2bf05a chromedriver + 4681818\n20  chromedriver                        0x000000010c29192c chromedriver + 4495660\n21  chromedriver                        0x000000010c2dc838 chromedriver + 4802616\n22  chromedriver                        0x000000010c2dc9b7 chromedriver + 4802999\n23  chromedriver                        0x000000010c2ed99f chromedriver + 4872607\n24  libsystem_pthread.dylib             0x00007ff810e984e1 _pthread_start + 125\n25  libsystem_pthread.dylib             0x00007ff810e93f6b thread_start + 15","time":{"start":1689746376954,"stop":1689746385348,"duration":8394}},{"uid":"acad40eeb6cb6511","status":"passed","time":{"start":1689744391896,"stop":1689744401003,"duration":9107}},{"uid":"91c0a2ddae9d8b5","status":"broken","statusDetails":"selenium.common.exceptions.StaleElementReferenceException: Message: stale element reference: stale element not found\n  (Session info: chrome=114.0.5735.198); For documentation on this error, please visit: https://www.selenium.dev/documentation/webdriver/troubleshooting/errors#stale-element-reference-exception\nStacktrace:\n0   chromedriver                        0x000000010dab06b8 chromedriver + 4937400\n1   chromedriver                        0x000000010daa7b73 chromedriver + 4901747\n2   chromedriver                        0x000000010d665616 chromedriver + 435734\n3   chromedriver                        0x000000010d66aadf chromedriver + 457439\n4   chromedriver                        0x000000010d66d9bf chromedriver + 469439\n5   chromedriver                        0x000000010d6e8bce chromedriver + 973774\n6   chromedriver                        0x000000010d6cd012 chromedriver + 860178\n7   chromedriver                        0x000000010d6e7e76 chromedriver + 970358\n8   chromedriver                        0x000000010d6ccde3 chromedriver + 859619\n9   chromedriver                        0x000000010d69ad7f chromedriver + 654719\n10  chromedriver                        0x000000010d69c0de chromedriver + 659678\n11  chromedriver                        0x000000010da6c2ad chromedriver + 4657837\n12  chromedriver                        0x000000010da71130 chromedriver + 4677936\n13  chromedriver                        0x000000010da77def chromedriver + 4705775\n14  chromedriver                        0x000000010da7205a chromedriver + 4681818\n15  chromedriver                        0x000000010da4492c chromedriver + 4495660\n16  chromedriver                        0x000000010da8f838 chromedriver + 4802616\n17  chromedriver                        0x000000010da8f9b7 chromedriver + 4802999\n18  chromedriver                        0x000000010daa099f chromedriver + 4872607\n19  libsystem_pthread.dylib             0x00007ff8117914e1 _pthread_start + 125\n20  libsystem_pthread.dylib             0x00007ff81178cf6b thread_start + 15","time":{"start":1689740704448,"stop":1689740708816,"duration":4368}},{"uid":"af5b8a63ab3c3616","status":"broken","statusDetails":"selenium.common.exceptions.StaleElementReferenceException: Message: stale element reference: stale element not found\n  (Session info: chrome=114.0.5735.198); For documentation on this error, please visit: https://www.selenium.dev/documentation/webdriver/troubleshooting/errors#stale-element-reference-exception\nStacktrace:\n0   chromedriver                        0x000000010537d6b8 chromedriver + 4937400\n1   chromedriver                        0x0000000105374b73 chromedriver + 4901747\n2   chromedriver                        0x0000000104f32616 chromedriver + 435734\n3   chromedriver                        0x0000000104f37adf chromedriver + 457439\n4   chromedriver                        0x0000000104f39b87 chromedriver + 465799\n5   chromedriver                        0x0000000104f39c8c chromedriver + 466060\n6   chromedriver                        0x0000000104f77e92 chromedriver + 720530\n7   chromedriver                        0x0000000104f69fd1 chromedriver + 663505\n8   chromedriver                        0x0000000104f9a012 chromedriver + 860178\n9   chromedriver                        0x0000000104f699c1 chromedriver + 661953\n10  chromedriver                        0x0000000104f9a1ce chromedriver + 860622\n11  chromedriver                        0x0000000104fb4e76 chromedriver + 970358\n12  chromedriver                        0x0000000104f99de3 chromedriver + 859619\n13  chromedriver                        0x0000000104f67d7f chromedriver + 654719\n14  chromedriver                        0x0000000104f690de chromedriver + 659678\n15  chromedriver                        0x00000001053392ad chromedriver + 4657837\n16  chromedriver                        0x000000010533e130 chromedriver + 4677936\n17  chromedriver                        0x0000000105344def chromedriver + 4705775\n18  chromedriver                        0x000000010533f05a chromedriver + 4681818\n19  chromedriver                        0x000000010531192c chromedriver + 4495660\n20  chromedriver                        0x000000010535c838 chromedriver + 4802616\n21  chromedriver                        0x000000010535c9b7 chromedriver + 4802999\n22  chromedriver                        0x000000010536d99f chromedriver + 4872607\n23  libsystem_pthread.dylib             0x00007ff80ae304e1 _pthread_start + 125\n24  libsystem_pthread.dylib             0x00007ff80ae2bf6b thread_start + 15","time":{"start":1689739505093,"stop":1689739513036,"duration":7943}},{"uid":"9d97e142cf094276","status":"passed","time":{"start":1689739010469,"stop":1689739022542,"duration":12073}},{"uid":"6a849f0f10b89642","status":"passed","time":{"start":1689567811331,"stop":1689567822047,"duration":10716}},{"uid":"5776b23db76c8a76","status":"passed","time":{"start":1689059444555,"stop":1689059458070,"duration":13515}},{"uid":"f289f9713f57e430","status":"broken","statusDetails":"AttributeError: 'AddToCartPage' object has no attribute 'wait_appear'","time":{"start":1689057685718,"stop":1689057691504,"duration":5786}},{"uid":"f12252159eb37b7e","status":"passed","time":{"start":1688458915435,"stop":1688458926880,"duration":11445}}]},"tags":["smoke","@pytest.mark.usefixtures('setup')"]},"source":"f84fc62d20bce43e.json","parameterValues":[]}