{"uid":"6844e8d4188bc79","name":"Test Signup Page","fullName":"tests.UtestSignup.test_signup_page.TestUtestPage#test_SignUp","historyId":"f71e76e737a425d64658defbece915ad","time":{"start":1690945720149,"stop":1690945731222,"duration":11073},"status":"broken","statusMessage":"selenium.common.exceptions.TimeoutException: Message: Element with locator '('css selector', 'a[role=button]')' did not  appear within the given timeout.","statusTrace":"self = <pageObjects.UtestSignUp.Step1Page.Step1Page object at 0x107432380>\nlocator = ('css selector', 'a[role=button]')\n\n    def wait_for_element_appear(self, locator):\n        try:\n>           element = WebDriverWait(self.driver, 10).until(EC.visibility_of_element_located(locator))\n\npageObjects/Common/CommonPage.py:28: \n_ _ _ _ _ _ _ _ _ _ _ _ _ _ _ _ _ _ _ _ _ _ _ _ _ _ _ _ _ _ _ _ _ _ _ _ _ _ _ _ \n\nself = <selenium.webdriver.support.wait.WebDriverWait (session=\"92f7cce20351179691038106f28f95f6\")>\nmethod = <function visibility_of_element_located.<locals>._predicate at 0x106a73880>\nmessage = ''\n\n    def until(self, method, message: str = \"\"):\n        \"\"\"Calls the method provided with the driver as an argument until the \\\n        return value does not evaluate to ``False``.\n    \n        :param method: callable(WebDriver)\n        :param message: optional message for :exc:`TimeoutException`\n        :returns: the result of the last call to `method`\n        :raises: :exc:`selenium.common.exceptions.TimeoutException` if timeout occurs\n        \"\"\"\n        screen = None\n        stacktrace = None\n    \n        end_time = time.monotonic() + self._timeout\n        while True:\n            try:\n                value = method(self._driver)\n                if value:\n                    return value\n            except self._ignored_exceptions as exc:\n                screen = getattr(exc, \"screen\", None)\n                stacktrace = getattr(exc, \"stacktrace\", None)\n            time.sleep(self._poll)\n            if time.monotonic() > end_time:\n                break\n>       raise TimeoutException(message, screen, stacktrace)\nE       selenium.common.exceptions.TimeoutException: Message: \nE       Stacktrace:\nE       0   chromedriver                        0x0000000101b496b8 chromedriver + 4937400\nE       1   chromedriver                        0x0000000101b40b73 chromedriver + 4901747\nE       2   chromedriver                        0x00000001016fe616 chromedriver + 435734\nE       3   chromedriver                        0x0000000101741e0f chromedriver + 712207\nE       4   chromedriver                        0x00000001017420a1 chromedriver + 712865\nE       5   chromedriver                        0x00000001017839a4 chromedriver + 981412\nE       6   chromedriver                        0x000000010176603d chromedriver + 860221\nE       7   chromedriver                        0x0000000101780e76 chromedriver + 970358\nE       8   chromedriver                        0x0000000101765de3 chromedriver + 859619\nE       9   chromedriver                        0x0000000101733d7f chromedriver + 654719\nE       10  chromedriver                        0x00000001017350de chromedriver + 659678\nE       11  chromedriver                        0x0000000101b052ad chromedriver + 4657837\nE       12  chromedriver                        0x0000000101b0a130 chromedriver + 4677936\nE       13  chromedriver                        0x0000000101b10def chromedriver + 4705775\nE       14  chromedriver                        0x0000000101b0b05a chromedriver + 4681818\nE       15  chromedriver                        0x0000000101add92c chromedriver + 4495660\nE       16  chromedriver                        0x0000000101b28838 chromedriver + 4802616\nE       17  chromedriver                        0x0000000101b289b7 chromedriver + 4802999\nE       18  chromedriver                        0x0000000101b3999f chromedriver + 4872607\nE       19  libsystem_pthread.dylib             0x00007ff8085464e1 _pthread_start + 125\nE       20  libsystem_pthread.dylib             0x00007ff808541f6b thread_start + 15\n\n../../../hostedtoolcache/Python/3.10.12/x64/lib/python3.10/site-packages/selenium/webdriver/support/wait.py:95: TimeoutException\n\nDuring handling of the above exception, another exception occurred:\n\nself = <tests.UtestSignup.test_signup_page.TestUtestPage object at 0x1074cbfd0>\ngetData = {'birthDay': '15', 'birthMonth': 'January', 'birthYear': '2003', 'email': 'c@email.com', ...}\n\n    @allure.title(\"Test Signup Page\")\n    @pytest.mark.usefixtures(\"getData\")\n    def test_SignUp(self, getData):\n        log = self.getLogger()\n        firstName = getData[\"firstname\"]\n        lastName = getData[\"lastname\"]\n        email = getData[\"email\"]\n        birthDay = getData[\"birthDay\"]\n        birthMonth = getData[\"birthMonth\"]\n        birthYear = getData[\"birthYear\"]\n        language = getData[\"language\"]\n        step1Page = Step1Page(self.driver)\n        step1Page.openPage()\n        log.info(\"Submit form with data\")\n>       step2Page = step1Page.submitFormWithData(firstName, lastName, email, birthMonth, birthDay, birthYear, language)\n\ntests/UtestSignup/test_signup_page.py:22: \n_ _ _ _ _ _ _ _ _ _ _ _ _ _ _ _ _ _ _ _ _ _ _ _ _ _ _ _ _ _ _ _ _ _ _ _ _ _ _ _ \npageObjects/UtestSignUp/Step1Page.py:66: in submitFormWithData\n    self.wait_for_element_appear(Step1Page.nextBtn)\n_ _ _ _ _ _ _ _ _ _ _ _ _ _ _ _ _ _ _ _ _ _ _ _ _ _ _ _ _ _ _ _ _ _ _ _ _ _ _ _ \n\nself = <pageObjects.UtestSignUp.Step1Page.Step1Page object at 0x107432380>\nlocator = ('css selector', 'a[role=button]')\n\n    def wait_for_element_appear(self, locator):\n        try:\n            element = WebDriverWait(self.driver, 10).until(EC.visibility_of_element_located(locator))\n            return element\n        except TimeoutException:\n>           raise TimeoutException(f\"Element with locator '{locator}' did not  appear within the given timeout.\")\nE           selenium.common.exceptions.TimeoutException: Message: Element with locator '('css selector', 'a[role=button]')' did not  appear within the given timeout.\n\npageObjects/Common/CommonPage.py:31: TimeoutException","flaky":false,"newFailed":false,"newBroken":true,"newPassed":false,"retriesCount":0,"retriesStatusChange":false,"beforeStages":[{"name":"setup","time":{"start":1690945711574,"stop":1690945720146,"duration":8572},"status":"passed","steps":[],"attachments":[],"parameters":[],"shouldDisplayMessage":false,"stepsCount":0,"attachmentsCount":0,"hasContent":false},{"name":"getData","time":{"start":1690945711574,"stop":1690945711574,"duration":0},"status":"passed","steps":[],"attachments":[],"parameters":[],"shouldDisplayMessage":false,"stepsCount":0,"attachmentsCount":0,"hasContent":false}],"testStage":{"status":"broken","statusMessage":"selenium.common.exceptions.TimeoutException: Message: Element with locator '('css selector', 'a[role=button]')' did not  appear within the given timeout.","statusTrace":"self = <pageObjects.UtestSignUp.Step1Page.Step1Page object at 0x107432380>\nlocator = ('css selector', 'a[role=button]')\n\n    def wait_for_element_appear(self, locator):\n        try:\n>           element = WebDriverWait(self.driver, 10).until(EC.visibility_of_element_located(locator))\n\npageObjects/Common/CommonPage.py:28: \n_ _ _ _ _ _ _ _ _ _ _ _ _ _ _ _ _ _ _ _ _ _ _ _ _ _ _ _ _ _ _ _ _ _ _ _ _ _ _ _ \n\nself = <selenium.webdriver.support.wait.WebDriverWait (session=\"92f7cce20351179691038106f28f95f6\")>\nmethod = <function visibility_of_element_located.<locals>._predicate at 0x106a73880>\nmessage = ''\n\n    def until(self, method, message: str = \"\"):\n        \"\"\"Calls the method provided with the driver as an argument until the \\\n        return value does not evaluate to ``False``.\n    \n        :param method: callable(WebDriver)\n        :param message: optional message for :exc:`TimeoutException`\n        :returns: the result of the last call to `method`\n        :raises: :exc:`selenium.common.exceptions.TimeoutException` if timeout occurs\n        \"\"\"\n        screen = None\n        stacktrace = None\n    \n        end_time = time.monotonic() + self._timeout\n        while True:\n            try:\n                value = method(self._driver)\n                if value:\n                    return value\n            except self._ignored_exceptions as exc:\n                screen = getattr(exc, \"screen\", None)\n                stacktrace = getattr(exc, \"stacktrace\", None)\n            time.sleep(self._poll)\n            if time.monotonic() > end_time:\n                break\n>       raise TimeoutException(message, screen, stacktrace)\nE       selenium.common.exceptions.TimeoutException: Message: \nE       Stacktrace:\nE       0   chromedriver                        0x0000000101b496b8 chromedriver + 4937400\nE       1   chromedriver                        0x0000000101b40b73 chromedriver + 4901747\nE       2   chromedriver                        0x00000001016fe616 chromedriver + 435734\nE       3   chromedriver                        0x0000000101741e0f chromedriver + 712207\nE       4   chromedriver                        0x00000001017420a1 chromedriver + 712865\nE       5   chromedriver                        0x00000001017839a4 chromedriver + 981412\nE       6   chromedriver                        0x000000010176603d chromedriver + 860221\nE       7   chromedriver                        0x0000000101780e76 chromedriver + 970358\nE       8   chromedriver                        0x0000000101765de3 chromedriver + 859619\nE       9   chromedriver                        0x0000000101733d7f chromedriver + 654719\nE       10  chromedriver                        0x00000001017350de chromedriver + 659678\nE       11  chromedriver                        0x0000000101b052ad chromedriver + 4657837\nE       12  chromedriver                        0x0000000101b0a130 chromedriver + 4677936\nE       13  chromedriver                        0x0000000101b10def chromedriver + 4705775\nE       14  chromedriver                        0x0000000101b0b05a chromedriver + 4681818\nE       15  chromedriver                        0x0000000101add92c chromedriver + 4495660\nE       16  chromedriver                        0x0000000101b28838 chromedriver + 4802616\nE       17  chromedriver                        0x0000000101b289b7 chromedriver + 4802999\nE       18  chromedriver                        0x0000000101b3999f chromedriver + 4872607\nE       19  libsystem_pthread.dylib             0x00007ff8085464e1 _pthread_start + 125\nE       20  libsystem_pthread.dylib             0x00007ff808541f6b thread_start + 15\n\n../../../hostedtoolcache/Python/3.10.12/x64/lib/python3.10/site-packages/selenium/webdriver/support/wait.py:95: TimeoutException\n\nDuring handling of the above exception, another exception occurred:\n\nself = <tests.UtestSignup.test_signup_page.TestUtestPage object at 0x1074cbfd0>\ngetData = {'birthDay': '15', 'birthMonth': 'January', 'birthYear': '2003', 'email': 'c@email.com', ...}\n\n    @allure.title(\"Test Signup Page\")\n    @pytest.mark.usefixtures(\"getData\")\n    def test_SignUp(self, getData):\n        log = self.getLogger()\n        firstName = getData[\"firstname\"]\n        lastName = getData[\"lastname\"]\n        email = getData[\"email\"]\n        birthDay = getData[\"birthDay\"]\n        birthMonth = getData[\"birthMonth\"]\n        birthYear = getData[\"birthYear\"]\n        language = getData[\"language\"]\n        step1Page = Step1Page(self.driver)\n        step1Page.openPage()\n        log.info(\"Submit form with data\")\n>       step2Page = step1Page.submitFormWithData(firstName, lastName, email, birthMonth, birthDay, birthYear, language)\n\ntests/UtestSignup/test_signup_page.py:22: \n_ _ _ _ _ _ _ _ _ _ _ _ _ _ _ _ _ _ _ _ _ _ _ _ _ _ _ _ _ _ _ _ _ _ _ _ _ _ _ _ \npageObjects/UtestSignUp/Step1Page.py:66: in submitFormWithData\n    self.wait_for_element_appear(Step1Page.nextBtn)\n_ _ _ _ _ _ _ _ _ _ _ _ _ _ _ _ _ _ _ _ _ _ _ _ _ _ _ _ _ _ _ _ _ _ _ _ _ _ _ _ \n\nself = <pageObjects.UtestSignUp.Step1Page.Step1Page object at 0x107432380>\nlocator = ('css selector', 'a[role=button]')\n\n    def wait_for_element_appear(self, locator):\n        try:\n            element = WebDriverWait(self.driver, 10).until(EC.visibility_of_element_located(locator))\n            return element\n        except TimeoutException:\n>           raise TimeoutException(f\"Element with locator '{locator}' did not  appear within the given timeout.\")\nE           selenium.common.exceptions.TimeoutException: Message: Element with locator '('css selector', 'a[role=button]')' did not  appear within the given timeout.\n\npageObjects/Common/CommonPage.py:31: TimeoutException","steps":[{"name":"Open Signup Page","time":{"start":1690945720149,"stop":1690945720898,"duration":749},"status":"passed","steps":[],"attachments":[],"parameters":[],"shouldDisplayMessage":false,"stepsCount":0,"attachmentsCount":0,"hasContent":false},{"name":"Submit Form with data","time":{"start":1690945720899,"stop":1690945731221,"duration":10322},"status":"broken","statusMessage":"selenium.common.exceptions.TimeoutException: Message: Element with locator '('css selector', 'a[role=button]')' did not  appear within the given timeout.\n\n","statusTrace":"  File \"/Users/runner/hostedtoolcache/Python/3.10.12/x64/lib/python3.10/site-packages/allure_commons/_allure.py\", line 192, in impl\n    return func(*a, **kw)\n  File \"/Users/runner/work/python_selenium_test/python_selenium_test/pageObjects/UtestSignUp/Step1Page.py\", line 66, in submitFormWithData\n    self.wait_for_element_appear(Step1Page.nextBtn)\n  File \"/Users/runner/work/python_selenium_test/python_selenium_test/pageObjects/Common/CommonPage.py\", line 31, in wait_for_element_appear\n    raise TimeoutException(f\"Element with locator '{locator}' did not  appear within the given timeout.\")\n","steps":[],"attachments":[],"parameters":[{"name":"firstName","value":"'abc'"},{"name":"lastName","value":"'bde'"},{"name":"email","value":"'c@email.com'"},{"name":"birthMonth","value":"'January'"},{"name":"birthDay","value":"'15'"},{"name":"birthYear","value":"'2003'"},{"name":"language","value":"'Spanish'"}],"shouldDisplayMessage":true,"stepsCount":0,"attachmentsCount":0,"hasContent":true}],"attachments":[{"uid":"b52afb58c050532c","name":"tests_UtestSignup_test_signup_page.py_TestUtestPage_test_SignUp[getData0]20230802-030851","source":"b52afb58c050532c.png","type":"image/png","size":10857},{"uid":"28e0c6893aca064e","name":"log","source":"28e0c6893aca064e.txt","type":"text/plain","size":62},{"uid":"8a5a73c0ac8cb347","name":"stdout","source":"8a5a73c0ac8cb347.txt","type":"text/plain","size":67},{"uid":"63a2077265d3de1","name":"stderr","source":"63a2077265d3de1.txt","type":"text/plain","size":242}],"parameters":[],"shouldDisplayMessage":true,"stepsCount":2,"attachmentsCount":4,"hasContent":true},"afterStages":[{"name":"setup::0","time":{"start":1690945731597,"stop":1690945731841,"duration":244},"status":"passed","steps":[],"attachments":[],"parameters":[],"shouldDisplayMessage":false,"stepsCount":0,"attachmentsCount":0,"hasContent":false}],"labels":[{"name":"tag","value":"@pytest.mark.usefixtures('getData')"},{"name":"parentSuite","value":"tests.UtestSignup"},{"name":"suite","value":"test_signup_page"},{"name":"subSuite","value":"TestUtestPage"},{"name":"host","value":"Mac-1690944845664.local"},{"name":"thread","value":"1741-MainThread"},{"name":"framework","value":"pytest"},{"name":"language","value":"cpython3"},{"name":"package","value":"tests.UtestSignup.test_signup_page"},{"name":"resultFormat","value":"allure2"}],"parameters":[{"name":"getData","value":"{'firstname': 'abc', 'lastname': 'bde', 'email': 'c@email.com', 'birthDay': '15', 'birthMonth': 'January', 'birthYear': '2003', 'language': 'Spanish'}"}],"links":[],"hidden":false,"retry":false,"extra":{"severity":"normal","retries":[],"categories":[{"name":"Test defects","matchedStatuses":[],"flaky":false}],"history":{"statistic":{"failed":0,"broken":1,"skipped":0,"passed":16,"unknown":0,"total":17},"items":[{"uid":"af0984ba7f5e5602","status":"passed","time":{"start":1690530085671,"stop":1690530098487,"duration":12816}},{"uid":"d4aaf4f49ffa77b6","status":"passed","time":{"start":1690473158900,"stop":1690473172470,"duration":13570}},{"uid":"a070b24f3b85bcfe","status":"passed","time":{"start":1690254213671,"stop":1690254226311,"duration":12640}},{"uid":"d2255769e5664e40","status":"passed","time":{"start":1689749583950,"stop":1689749596167,"duration":12217}},{"uid":"c951db0f52b450b5","status":"passed","time":{"start":1689748057459,"stop":1689748068935,"duration":11476}},{"uid":"c991ce4c979722a","status":"passed","time":{"start":1689747786021,"stop":1689747797049,"duration":11028}},{"uid":"9bb149db777eb1a8","status":"passed","time":{"start":1689747581816,"stop":1689747597842,"duration":16026}},{"uid":"30073a7853c5b12e","status":"passed","time":{"start":1689746357109,"stop":1689746372122,"duration":15013}},{"uid":"c8b564c38f299d86","status":"passed","time":{"start":1689744375765,"stop":1689744386318,"duration":10553}},{"uid":"2c0e224fef2b0509","status":"passed","time":{"start":1689740689920,"stop":1689740700898,"duration":10978}},{"uid":"268cb705dacc943","status":"passed","time":{"start":1689739489237,"stop":1689739501064,"duration":11827}},{"uid":"199156e1ea29b5c2","status":"passed","time":{"start":1689738993656,"stop":1689739006548,"duration":12892}},{"uid":"8dcdd8346ed30fb2","status":"passed","time":{"start":1689567798532,"stop":1689567810325,"duration":11793}},{"uid":"8081f5cc20bcde5c","status":"passed","time":{"start":1689059424586,"stop":1689059440236,"duration":15650}},{"uid":"36e368da44ef106b","status":"passed","time":{"start":1689057674140,"stop":1689057686055,"duration":11915}},{"uid":"e201ce8bdcbb233e","status":"passed","time":{"start":1688458900040,"stop":1688458912086,"duration":12046}}]},"tags":["@pytest.mark.usefixtures('getData')"]},"source":"6844e8d4188bc79.json","parameterValues":["{'firstname': 'abc', 'lastname': 'bde', 'email': 'c@email.com', 'birthDay': '15', 'birthMonth': 'January', 'birthYear': '2003', 'language': 'Spanish'}"]}