{"uid":"d566e2c5d69e7a39","name":"Test Signup Page","fullName":"tests.UtestSignup.test_signup_page.TestUtestPage#test_SignUp","historyId":"aa35320e750ede4645f9db14935fd957","time":{"start":1690945734586,"stop":1690945745479,"duration":10893},"status":"broken","statusMessage":"selenium.common.exceptions.TimeoutException: Message: Element with locator '('css selector', 'a[role=button]')' did not  appear within the given timeout.","statusTrace":"self = <pageObjects.UtestSignUp.Step1Page.Step1Page object at 0x1076311b0>\nlocator = ('css selector', 'a[role=button]')\n\n    def wait_for_element_appear(self, locator):\n        try:\n>           element = WebDriverWait(self.driver, 10).until(EC.visibility_of_element_located(locator))\n\npageObjects/Common/CommonPage.py:28: \n_ _ _ _ _ _ _ _ _ _ _ _ _ _ _ _ _ _ _ _ _ _ _ _ _ _ _ _ _ _ _ _ _ _ _ _ _ _ _ _ \n\nself = <selenium.webdriver.support.wait.WebDriverWait (session=\"6b018b09bdd1274f0210f01fd1a58759\")>\nmethod = <function visibility_of_element_located.<locals>._predicate at 0x10761a4d0>\nmessage = ''\n\n    def until(self, method, message: str = \"\"):\n        \"\"\"Calls the method provided with the driver as an argument until the \\\n        return value does not evaluate to ``False``.\n    \n        :param method: callable(WebDriver)\n        :param message: optional message for :exc:`TimeoutException`\n        :returns: the result of the last call to `method`\n        :raises: :exc:`selenium.common.exceptions.TimeoutException` if timeout occurs\n        \"\"\"\n        screen = None\n        stacktrace = None\n    \n        end_time = time.monotonic() + self._timeout\n        while True:\n            try:\n                value = method(self._driver)\n                if value:\n                    return value\n            except self._ignored_exceptions as exc:\n                screen = getattr(exc, \"screen\", None)\n                stacktrace = getattr(exc, \"stacktrace\", None)\n            time.sleep(self._poll)\n            if time.monotonic() > end_time:\n                break\n>       raise TimeoutException(message, screen, stacktrace)\nE       selenium.common.exceptions.TimeoutException: Message: \nE       Stacktrace:\nE       0   chromedriver                        0x00000001013176b8 chromedriver + 4937400\nE       1   chromedriver                        0x000000010130eb73 chromedriver + 4901747\nE       2   chromedriver                        0x0000000100ecc616 chromedriver + 435734\nE       3   chromedriver                        0x0000000100f0fe0f chromedriver + 712207\nE       4   chromedriver                        0x0000000100f100a1 chromedriver + 712865\nE       5   chromedriver                        0x0000000100f519a4 chromedriver + 981412\nE       6   chromedriver                        0x0000000100f3403d chromedriver + 860221\nE       7   chromedriver                        0x0000000100f4ee76 chromedriver + 970358\nE       8   chromedriver                        0x0000000100f33de3 chromedriver + 859619\nE       9   chromedriver                        0x0000000100f01d7f chromedriver + 654719\nE       10  chromedriver                        0x0000000100f030de chromedriver + 659678\nE       11  chromedriver                        0x00000001012d32ad chromedriver + 4657837\nE       12  chromedriver                        0x00000001012d8130 chromedriver + 4677936\nE       13  chromedriver                        0x00000001012dedef chromedriver + 4705775\nE       14  chromedriver                        0x00000001012d905a chromedriver + 4681818\nE       15  chromedriver                        0x00000001012ab92c chromedriver + 4495660\nE       16  chromedriver                        0x00000001012f6838 chromedriver + 4802616\nE       17  chromedriver                        0x00000001012f69b7 chromedriver + 4802999\nE       18  chromedriver                        0x000000010130799f chromedriver + 4872607\nE       19  libsystem_pthread.dylib             0x00007ff8085464e1 _pthread_start + 125\nE       20  libsystem_pthread.dylib             0x00007ff808541f6b thread_start + 15\n\n../../../hostedtoolcache/Python/3.10.12/x64/lib/python3.10/site-packages/selenium/webdriver/support/wait.py:95: TimeoutException\n\nDuring handling of the above exception, another exception occurred:\n\nself = <tests.UtestSignup.test_signup_page.TestUtestPage object at 0x1074c8880>\ngetData = {'birthDay': '29', 'birthMonth': 'February', 'birthYear': '2000', 'email': 'wqwe@yahoo.com', ...}\n\n    @allure.title(\"Test Signup Page\")\n    @pytest.mark.usefixtures(\"getData\")\n    def test_SignUp(self, getData):\n        log = self.getLogger()\n        firstName = getData[\"firstname\"]\n        lastName = getData[\"lastname\"]\n        email = getData[\"email\"]\n        birthDay = getData[\"birthDay\"]\n        birthMonth = getData[\"birthMonth\"]\n        birthYear = getData[\"birthYear\"]\n        language = getData[\"language\"]\n        step1Page = Step1Page(self.driver)\n        step1Page.openPage()\n        log.info(\"Submit form with data\")\n>       step2Page = step1Page.submitFormWithData(firstName, lastName, email, birthMonth, birthDay, birthYear, language)\n\ntests/UtestSignup/test_signup_page.py:22: \n_ _ _ _ _ _ _ _ _ _ _ _ _ _ _ _ _ _ _ _ _ _ _ _ _ _ _ _ _ _ _ _ _ _ _ _ _ _ _ _ \npageObjects/UtestSignUp/Step1Page.py:66: in submitFormWithData\n    self.wait_for_element_appear(Step1Page.nextBtn)\n_ _ _ _ _ _ _ _ _ _ _ _ _ _ _ _ _ _ _ _ _ _ _ _ _ _ _ _ _ _ _ _ _ _ _ _ _ _ _ _ \n\nself = <pageObjects.UtestSignUp.Step1Page.Step1Page object at 0x1076311b0>\nlocator = ('css selector', 'a[role=button]')\n\n    def wait_for_element_appear(self, locator):\n        try:\n            element = WebDriverWait(self.driver, 10).until(EC.visibility_of_element_located(locator))\n            return element\n        except TimeoutException:\n>           raise TimeoutException(f\"Element with locator '{locator}' did not  appear within the given timeout.\")\nE           selenium.common.exceptions.TimeoutException: Message: Element with locator '('css selector', 'a[role=button]')' did not  appear within the given timeout.\n\npageObjects/Common/CommonPage.py:31: TimeoutException","flaky":false,"newFailed":false,"newBroken":true,"newPassed":false,"retriesCount":0,"retriesStatusChange":false,"beforeStages":[{"name":"getData","time":{"start":1690945731848,"stop":1690945731848,"duration":0},"status":"passed","steps":[],"attachments":[],"parameters":[],"shouldDisplayMessage":false,"stepsCount":0,"attachmentsCount":0,"hasContent":false},{"name":"setup","time":{"start":1690945731848,"stop":1690945734582,"duration":2734},"status":"passed","steps":[],"attachments":[],"parameters":[],"shouldDisplayMessage":false,"stepsCount":0,"attachmentsCount":0,"hasContent":false}],"testStage":{"status":"broken","statusMessage":"selenium.common.exceptions.TimeoutException: Message: Element with locator '('css selector', 'a[role=button]')' did not  appear within the given timeout.","statusTrace":"self = <pageObjects.UtestSignUp.Step1Page.Step1Page object at 0x1076311b0>\nlocator = ('css selector', 'a[role=button]')\n\n    def wait_for_element_appear(self, locator):\n        try:\n>           element = WebDriverWait(self.driver, 10).until(EC.visibility_of_element_located(locator))\n\npageObjects/Common/CommonPage.py:28: \n_ _ _ _ _ _ _ _ _ _ _ _ _ _ _ _ _ _ _ _ _ _ _ _ _ _ _ _ _ _ _ _ _ _ _ _ _ _ _ _ \n\nself = <selenium.webdriver.support.wait.WebDriverWait (session=\"6b018b09bdd1274f0210f01fd1a58759\")>\nmethod = <function visibility_of_element_located.<locals>._predicate at 0x10761a4d0>\nmessage = ''\n\n    def until(self, method, message: str = \"\"):\n        \"\"\"Calls the method provided with the driver as an argument until the \\\n        return value does not evaluate to ``False``.\n    \n        :param method: callable(WebDriver)\n        :param message: optional message for :exc:`TimeoutException`\n        :returns: the result of the last call to `method`\n        :raises: :exc:`selenium.common.exceptions.TimeoutException` if timeout occurs\n        \"\"\"\n        screen = None\n        stacktrace = None\n    \n        end_time = time.monotonic() + self._timeout\n        while True:\n            try:\n                value = method(self._driver)\n                if value:\n                    return value\n            except self._ignored_exceptions as exc:\n                screen = getattr(exc, \"screen\", None)\n                stacktrace = getattr(exc, \"stacktrace\", None)\n            time.sleep(self._poll)\n            if time.monotonic() > end_time:\n                break\n>       raise TimeoutException(message, screen, stacktrace)\nE       selenium.common.exceptions.TimeoutException: Message: \nE       Stacktrace:\nE       0   chromedriver                        0x00000001013176b8 chromedriver + 4937400\nE       1   chromedriver                        0x000000010130eb73 chromedriver + 4901747\nE       2   chromedriver                        0x0000000100ecc616 chromedriver + 435734\nE       3   chromedriver                        0x0000000100f0fe0f chromedriver + 712207\nE       4   chromedriver                        0x0000000100f100a1 chromedriver + 712865\nE       5   chromedriver                        0x0000000100f519a4 chromedriver + 981412\nE       6   chromedriver                        0x0000000100f3403d chromedriver + 860221\nE       7   chromedriver                        0x0000000100f4ee76 chromedriver + 970358\nE       8   chromedriver                        0x0000000100f33de3 chromedriver + 859619\nE       9   chromedriver                        0x0000000100f01d7f chromedriver + 654719\nE       10  chromedriver                        0x0000000100f030de chromedriver + 659678\nE       11  chromedriver                        0x00000001012d32ad chromedriver + 4657837\nE       12  chromedriver                        0x00000001012d8130 chromedriver + 4677936\nE       13  chromedriver                        0x00000001012dedef chromedriver + 4705775\nE       14  chromedriver                        0x00000001012d905a chromedriver + 4681818\nE       15  chromedriver                        0x00000001012ab92c chromedriver + 4495660\nE       16  chromedriver                        0x00000001012f6838 chromedriver + 4802616\nE       17  chromedriver                        0x00000001012f69b7 chromedriver + 4802999\nE       18  chromedriver                        0x000000010130799f chromedriver + 4872607\nE       19  libsystem_pthread.dylib             0x00007ff8085464e1 _pthread_start + 125\nE       20  libsystem_pthread.dylib             0x00007ff808541f6b thread_start + 15\n\n../../../hostedtoolcache/Python/3.10.12/x64/lib/python3.10/site-packages/selenium/webdriver/support/wait.py:95: TimeoutException\n\nDuring handling of the above exception, another exception occurred:\n\nself = <tests.UtestSignup.test_signup_page.TestUtestPage object at 0x1074c8880>\ngetData = {'birthDay': '29', 'birthMonth': 'February', 'birthYear': '2000', 'email': 'wqwe@yahoo.com', ...}\n\n    @allure.title(\"Test Signup Page\")\n    @pytest.mark.usefixtures(\"getData\")\n    def test_SignUp(self, getData):\n        log = self.getLogger()\n        firstName = getData[\"firstname\"]\n        lastName = getData[\"lastname\"]\n        email = getData[\"email\"]\n        birthDay = getData[\"birthDay\"]\n        birthMonth = getData[\"birthMonth\"]\n        birthYear = getData[\"birthYear\"]\n        language = getData[\"language\"]\n        step1Page = Step1Page(self.driver)\n        step1Page.openPage()\n        log.info(\"Submit form with data\")\n>       step2Page = step1Page.submitFormWithData(firstName, lastName, email, birthMonth, birthDay, birthYear, language)\n\ntests/UtestSignup/test_signup_page.py:22: \n_ _ _ _ _ _ _ _ _ _ _ _ _ _ _ _ _ _ _ _ _ _ _ _ _ _ _ _ _ _ _ _ _ _ _ _ _ _ _ _ \npageObjects/UtestSignUp/Step1Page.py:66: in submitFormWithData\n    self.wait_for_element_appear(Step1Page.nextBtn)\n_ _ _ _ _ _ _ _ _ _ _ _ _ _ _ _ _ _ _ _ _ _ _ _ _ _ _ _ _ _ _ _ _ _ _ _ _ _ _ _ \n\nself = <pageObjects.UtestSignUp.Step1Page.Step1Page object at 0x1076311b0>\nlocator = ('css selector', 'a[role=button]')\n\n    def wait_for_element_appear(self, locator):\n        try:\n            element = WebDriverWait(self.driver, 10).until(EC.visibility_of_element_located(locator))\n            return element\n        except TimeoutException:\n>           raise TimeoutException(f\"Element with locator '{locator}' did not  appear within the given timeout.\")\nE           selenium.common.exceptions.TimeoutException: Message: Element with locator '('css selector', 'a[role=button]')' did not  appear within the given timeout.\n\npageObjects/Common/CommonPage.py:31: TimeoutException","steps":[{"name":"Open Signup Page","time":{"start":1690945734589,"stop":1690945735267,"duration":678},"status":"passed","steps":[],"attachments":[],"parameters":[],"shouldDisplayMessage":false,"stepsCount":0,"attachmentsCount":0,"hasContent":false},{"name":"Submit Form with data","time":{"start":1690945735268,"stop":1690945745477,"duration":10209},"status":"broken","statusMessage":"selenium.common.exceptions.TimeoutException: Message: Element with locator '('css selector', 'a[role=button]')' did not  appear within the given timeout.\n\n","statusTrace":"  File \"/Users/runner/hostedtoolcache/Python/3.10.12/x64/lib/python3.10/site-packages/allure_commons/_allure.py\", line 192, in impl\n    return func(*a, **kw)\n  File \"/Users/runner/work/python_selenium_test/python_selenium_test/pageObjects/UtestSignUp/Step1Page.py\", line 66, in submitFormWithData\n    self.wait_for_element_appear(Step1Page.nextBtn)\n  File \"/Users/runner/work/python_selenium_test/python_selenium_test/pageObjects/Common/CommonPage.py\", line 31, in wait_for_element_appear\n    raise TimeoutException(f\"Element with locator '{locator}' did not  appear within the given timeout.\")\n","steps":[],"attachments":[],"parameters":[{"name":"firstName","value":"'fdag'"},{"name":"lastName","value":"'dgag'"},{"name":"email","value":"'wqwe@yahoo.com'"},{"name":"birthMonth","value":"'February'"},{"name":"birthDay","value":"'29'"},{"name":"birthYear","value":"'2000'"},{"name":"language","value":"None"}],"shouldDisplayMessage":true,"stepsCount":0,"attachmentsCount":0,"hasContent":true}],"attachments":[{"uid":"992af98d1bb5b86e","name":"tests_UtestSignup_test_signup_page.py_TestUtestPage_test_SignUp[getData1]20230802-030905","source":"992af98d1bb5b86e.png","type":"image/png","size":10857},{"uid":"9e578796067042e8","name":"log","source":"9e578796067042e8.txt","type":"text/plain","size":62},{"uid":"d6e20b2b8a1f0538","name":"stdout","source":"d6e20b2b8a1f0538.txt","type":"text/plain","size":67}],"parameters":[],"shouldDisplayMessage":true,"stepsCount":2,"attachmentsCount":3,"hasContent":true},"afterStages":[{"name":"setup::0","time":{"start":1690945745691,"stop":1690945745801,"duration":110},"status":"passed","steps":[],"attachments":[],"parameters":[],"shouldDisplayMessage":false,"stepsCount":0,"attachmentsCount":0,"hasContent":false}],"labels":[{"name":"tag","value":"@pytest.mark.usefixtures('getData')"},{"name":"parentSuite","value":"tests.UtestSignup"},{"name":"suite","value":"test_signup_page"},{"name":"subSuite","value":"TestUtestPage"},{"name":"host","value":"Mac-1690944845664.local"},{"name":"thread","value":"1741-MainThread"},{"name":"framework","value":"pytest"},{"name":"language","value":"cpython3"},{"name":"package","value":"tests.UtestSignup.test_signup_page"},{"name":"resultFormat","value":"allure2"}],"parameters":[{"name":"getData","value":"{'firstname': 'fdag', 'lastname': 'dgag', 'email': 'wqwe@yahoo.com', 'birthDay': '29', 'birthMonth': 'February', 'birthYear': '2000', 'language': None}"}],"links":[],"hidden":false,"retry":false,"extra":{"severity":"normal","retries":[],"categories":[{"name":"Test defects","matchedStatuses":[],"flaky":false}],"history":{"statistic":{"failed":0,"broken":1,"skipped":0,"passed":16,"unknown":0,"total":17},"items":[{"uid":"6e5e2690e965f167","status":"passed","time":{"start":1690530101274,"stop":1690530108563,"duration":7289}},{"uid":"a8dd1ee964f7837","status":"passed","time":{"start":1690473175854,"stop":1690473186030,"duration":10176}},{"uid":"b9aab8b52105f557","status":"passed","time":{"start":1690254229941,"stop":1690254238383,"duration":8442}},{"uid":"1607aba6502aa0a","status":"passed","time":{"start":1689749599191,"stop":1689749605859,"duration":6668}},{"uid":"ec6b06264311f417","status":"passed","time":{"start":1689748072157,"stop":1689748081823,"duration":9666}},{"uid":"bd961f904ae4a38a","status":"passed","time":{"start":1689747800744,"stop":1689747809633,"duration":8889}},{"uid":"8dfc8c509f02154c","status":"passed","time":{"start":1689747600732,"stop":1689747610576,"duration":9844}},{"uid":"247e811d2a4f788d","status":"passed","time":{"start":1689746375043,"stop":1689746383690,"duration":8647}},{"uid":"980d2bfdb4c295e4","status":"passed","time":{"start":1689744389645,"stop":1689744397286,"duration":7641}},{"uid":"f7d1ee334ef92c8e","status":"passed","time":{"start":1689740704581,"stop":1689740711610,"duration":7029}},{"uid":"760fe22237533050","status":"passed","time":{"start":1689739505119,"stop":1689739512457,"duration":7338}},{"uid":"4d2b35a12b40bcc2","status":"passed","time":{"start":1689739009456,"stop":1689739018022,"duration":8566}},{"uid":"9152a1e61f9b08d4","status":"passed","time":{"start":1689567813781,"stop":1689567820604,"duration":6823}},{"uid":"7388dbe42ad52e16","status":"passed","time":{"start":1689059443767,"stop":1689059454771,"duration":11004}},{"uid":"e59a7d77f9388939","status":"passed","time":{"start":1689057689492,"stop":1689057695856,"duration":6364}},{"uid":"2030a9060523c50d","status":"passed","time":{"start":1688458915603,"stop":1688458925353,"duration":9750}}]},"tags":["@pytest.mark.usefixtures('getData')"]},"source":"d566e2c5d69e7a39.json","parameterValues":["{'firstname': 'fdag', 'lastname': 'dgag', 'email': 'wqwe@yahoo.com', 'birthDay': '29', 'birthMonth': 'February', 'birthYear': '2000', 'language': None}"]}